This is pdfTeX, Version 3.141592653-2.6-1.40.23 (TeX Live 2022/dev) (preloaded format=pdflatex 2021.12.13)  28 FEB 2023 16:06
entering extended mode
 restricted \write18 enabled.
 %&-line parsing enabled.
**tex/results.tex
(./tex/results.tex
LaTeX2e <2021-11-15> patch level 1
L3 programming layer <2021-11-22>
(/usr/local/texlive/2021basic/texmf-dist/tex/latex/extsizes/extarticle.cls
Document Class: extarticle 1996/10/08 v1.0 Non Standard LaTeX document class
(/usr/local/texlive/2021basic/texmf-dist/tex/latex/extsizes/size9.clo
File: size9.clo 1999/11/11 v1.4a NON-Standard LaTeX file (size option)
)
(/usr/local/texlive/2021basic/texmf-dist/tex/latex/base/exscale.sty
Package: exscale 2018/09/24 v2.1i Standard LaTeX package exscale
LaTeX Font Info:    Redeclaring symbol font `largesymbols' on input line 57.
LaTeX Font Info:    Overwriting symbol font `largesymbols' in version `normal'
(Font)                  OMX/cmex/m/n --> OMX/cmex/m/n on input line 57.
LaTeX Font Info:    Overwriting symbol font `largesymbols' in version `bold'
(Font)                  OMX/cmex/m/n --> OMX/cmex/m/n on input line 57.
\big@size=\dimen138
)
\c@part=\count183
\c@section=\count184
\c@subsection=\count185
\c@subsubsection=\count186
\c@paragraph=\count187
\c@subparagraph=\count188
\c@figure=\count189
\c@table=\count190
\abovecaptionskip=\skip47
\belowcaptionskip=\skip48
\bibindent=\dimen139
)
(/usr/local/texlive/2021basic/texmf-dist/tex/latex/geometry/geometry.sty
Package: geometry 2020/01/02 v5.9 Page Geometry

(/usr/local/texlive/2021basic/texmf-dist/tex/latex/graphics/keyval.sty
Package: keyval 2014/10/28 v1.15 key=value parser (DPC)
\KV@toks@=\toks16
)
(/usr/local/texlive/2021basic/texmf-dist/tex/generic/iftex/ifvtex.sty
Package: ifvtex 2019/10/25 v1.7 ifvtex legacy package. Use iftex instead.

(/usr/local/texlive/2021basic/texmf-dist/tex/generic/iftex/iftex.sty
Package: iftex 2020/03/06 v1.0d TeX engine tests
))
\Gm@cnth=\count191
\Gm@cntv=\count192
\c@Gm@tempcnt=\count193
\Gm@bindingoffset=\dimen140
\Gm@wd@mp=\dimen141
\Gm@odd@mp=\dimen142
\Gm@even@mp=\dimen143
\Gm@layoutwidth=\dimen144
\Gm@layoutheight=\dimen145
\Gm@layouthoffset=\dimen146
\Gm@layoutvoffset=\dimen147
\Gm@dimlist=\toks17
)
(/usr/local/texlive/2021basic/texmf-dist/tex/latex/amsmath/amsmath.sty
Package: amsmath 2021/10/15 v2.17l AMS math features
\@mathmargin=\skip49

For additional information on amsmath, use the `?' option.
(/usr/local/texlive/2021basic/texmf-dist/tex/latex/amsmath/amstext.sty
Package: amstext 2021/08/26 v2.01 AMS text

(/usr/local/texlive/2021basic/texmf-dist/tex/latex/amsmath/amsgen.sty
File: amsgen.sty 1999/11/30 v2.0 generic functions
\@emptytoks=\toks18
\ex@=\dimen148
))
(/usr/local/texlive/2021basic/texmf-dist/tex/latex/amsmath/amsbsy.sty
Package: amsbsy 1999/11/29 v1.2d Bold Symbols
\pmbraise@=\dimen149
)
(/usr/local/texlive/2021basic/texmf-dist/tex/latex/amsmath/amsopn.sty
Package: amsopn 2021/08/26 v2.02 operator names
)
\inf@bad=\count194
LaTeX Info: Redefining \frac on input line 234.
\uproot@=\count195
\leftroot@=\count196
LaTeX Info: Redefining \overline on input line 399.
\classnum@=\count197
\DOTSCASE@=\count198
LaTeX Info: Redefining \ldots on input line 496.
LaTeX Info: Redefining \dots on input line 499.
LaTeX Info: Redefining \cdots on input line 620.
\Mathstrutbox@=\box50
\strutbox@=\box51
\big@size=\dimen150
LaTeX Font Info:    Redeclaring font encoding OML on input line 743.
LaTeX Font Info:    Redeclaring font encoding OMS on input line 744.
\macc@depth=\count199
\c@MaxMatrixCols=\count266
\dotsspace@=\muskip16
\c@parentequation=\count267
\dspbrk@lvl=\count268
\tag@help=\toks19
\row@=\count269
\column@=\count270
\maxfields@=\count271
\andhelp@=\toks20
\eqnshift@=\dimen151
\alignsep@=\dimen152
\tagshift@=\dimen153
\tagwidth@=\dimen154
\totwidth@=\dimen155
\lineht@=\dimen156
\@envbody=\toks21
\multlinegap=\skip50
\multlinetaggap=\skip51
\mathdisplay@stack=\toks22
LaTeX Info: Redefining \[ on input line 2938.
LaTeX Info: Redefining \] on input line 2939.
)
(/usr/local/texlive/2021basic/texmf-dist/tex/latex/base/inputenc.sty
Package: inputenc 2021/02/14 v1.3d Input encoding file
\inpenc@prehook=\toks23
\inpenc@posthook=\toks24
)
(/usr/local/texlive/2021basic/texmf-dist/tex/latex/l3backend/l3backend-pdftex.d
ef
File: l3backend-pdftex.def 2021-10-18 L3 backend support: PDF output (pdfTeX)
\l__color_backend_stack_int=\count272
\l__pdf_internal_box=\box52
) (./results.aux)
\openout1 = `results.aux'.

LaTeX Font Info:    Checking defaults for OML/cmm/m/it on input line 8.
LaTeX Font Info:    ... okay on input line 8.
LaTeX Font Info:    Checking defaults for OMS/cmsy/m/n on input line 8.
LaTeX Font Info:    ... okay on input line 8.
LaTeX Font Info:    Checking defaults for OT1/cmr/m/n on input line 8.
LaTeX Font Info:    ... okay on input line 8.
LaTeX Font Info:    Checking defaults for T1/cmr/m/n on input line 8.
LaTeX Font Info:    ... okay on input line 8.
LaTeX Font Info:    Checking defaults for TS1/cmr/m/n on input line 8.
LaTeX Font Info:    ... okay on input line 8.
LaTeX Font Info:    Checking defaults for OMX/cmex/m/n on input line 8.
LaTeX Font Info:    ... okay on input line 8.
LaTeX Font Info:    Checking defaults for U/cmr/m/n on input line 8.
LaTeX Font Info:    ... okay on input line 8.

*geometry* driver: auto-detecting
*geometry* detected driver: pdftex
*geometry* verbose mode - [ preamble ] result:
* driver: pdftex
* paper: custom
* layout: <same size as paper>
* layoutoffset:(h,v)=(0.0pt,0.0pt)
* modes: 
* h-part:(L,W,R)=(216.81221pt, 1011.77557pt, 216.81221pt)
* v-part:(T,H,B)=(52.03491pt, 303.53267pt, 78.05241pt)
* \paperwidth=1445.4pt
* \paperheight=433.62pt
* \textwidth=1011.77557pt
* \textheight=303.53267pt
* \oddsidemargin=144.54222pt
* \evensidemargin=144.54222pt
* \topmargin=-57.23508pt
* \headheight=12.0pt
* \headsep=25.0pt
* \topskip=9.0pt
* \footskip=30.0pt
* \marginparwidth=74.0pt
* \marginparsep=10.0pt
* \columnsep=10.0pt
* \skip\footins=8.0pt plus 4.0pt minus 2.0pt
* \hoffset=0.0pt
* \voffset=0.0pt
* \mag=1000
* \@twocolumnfalse
* \@twosidefalse
* \@mparswitchfalse
* \@reversemarginfalse
* (1in=72.27pt=25.4mm, 1cm=28.453pt)

[1

{/usr/local/texlive/2021basic/texmf-var/fonts/map/pdftex/updmap/pdftex.map}]
! Extra alignment tab has been changed to \cr.
<recently read> \endtemplate 
                             
l.34 \end{bmatrix}$ &
                     \\
? 
! Extra alignment tab has been changed to \cr.
<recently read> \endtemplate 
                             
l.53 \end{bmatrix}$ &
                     \\
? 
! Extra alignment tab has been changed to \cr.
<recently read> \endtemplate 
                             
l.72 \end{bmatrix}$ &
                     \\
? 
! Extra alignment tab has been changed to \cr.
<recently read> \endtemplate 
                             
l.91 \end{bmatrix}$ &
                     \\
? 
[2

]
! Extra alignment tab has been changed to \cr.
<recently read> \endtemplate 
                             
l.119 \end{bmatrix}$ &
                      \\
? 
! Extra alignment tab has been changed to \cr.
<recently read> \endtemplate 
                             
l.138 \end{bmatrix}$ &
                      \\
? 
! Extra alignment tab has been changed to \cr.
<recently read> \endtemplate 
                             
l.157 \end{bmatrix}$ &
                      \\
? 
! Extra alignment tab has been changed to \cr.
<recently read> \endtemplate 
                             
l.176 \end{bmatrix}$ &
                      \\
? 
[3

]
! Extra alignment tab has been changed to \cr.
<recently read> \endtemplate 
                             
l.204 \end{bmatrix}$ &
                      \\
? 
! Extra alignment tab has been changed to \cr.
<recently read> \endtemplate 
                             
l.223 \end{bmatrix}$ &
                      \\
? 
! Extra alignment tab has been changed to \cr.
<recently read> \endtemplate 
                             
l.242 \end{bmatrix}$ &
                      \\
? 
! Extra alignment tab has been changed to \cr.
<recently read> \endtemplate 
                             
l.261 \end{bmatrix}$ &
                      \\
? 
[4

]
! Extra alignment tab has been changed to \cr.
<recently read> \endtemplate 
                             
l.289 \end{bmatrix}$ &
                      \\
? 
! Extra alignment tab has been changed to \cr.
<recently read> \endtemplate 
                             
l.308 \end{bmatrix}$ &
                      \\
? 
! Extra alignment tab has been changed to \cr.
<recently read> \endtemplate 
                             
l.327 \end{bmatrix}$ &
                      \\
? 
! Extra alignment tab has been changed to \cr.
<recently read> \endtemplate 
                             
l.346 \end{bmatrix}$ &
                      \\
? 

Overfull \hbox (6.1911pt too wide) in paragraph at lines 268--349
 [] 
 []

[5

]
! Extra alignment tab has been changed to \cr.
<recently read> \endtemplate 
                             
l.374 \end{bmatrix}$ &
                      \\
? 
! Extra alignment tab has been changed to \cr.
<recently read> \endtemplate 
                             
l.393 \end{bmatrix}$ &
                      \\
? 
! Extra alignment tab has been changed to \cr.
<recently read> \endtemplate 
                             
l.412 \end{bmatrix}$ &
                      \\
? 
! Extra alignment tab has been changed to \cr.
<recently read> \endtemplate 
                             
l.431 \end{bmatrix}$ &
                      \\
? 
[6

]
! Extra alignment tab has been changed to \cr.
<recently read> \endtemplate 
                             
l.459 \end{bmatrix}$ &
                      \\
? 
! Extra alignment tab has been changed to \cr.
<recently read> \endtemplate 
                             
l.478 \end{bmatrix}$ &
                      \\
? 
! Extra alignment tab has been changed to \cr.
<recently read> \endtemplate 
                             
l.497 \end{bmatrix}$ &
                      \\
? 
! Extra alignment tab has been changed to \cr.
<recently read> \endtemplate 
                             
l.516 \end{bmatrix}$ &
                      \\
? 
[7

]
! Extra alignment tab has been changed to \cr.
<recently read> \endtemplate 
                             
l.544 \end{bmatrix}$ &
                      \\
? 
! Extra alignment tab has been changed to \cr.
<recently read> \endtemplate 
                             
l.563 \end{bmatrix}$ &
                      \\
? 
! Extra alignment tab has been changed to \cr.
<recently read> \endtemplate 
                             
l.582 \end{bmatrix}$ &
                      \\
? 
! Extra alignment tab has been changed to \cr.
<recently read> \endtemplate 
                             
l.601 \end{bmatrix}$ &
                      \\
? 
[8

]
! Extra alignment tab has been changed to \cr.
<recently read> \endtemplate 
                             
l.629 \end{bmatrix}$ &
                      \\
? 
! Extra alignment tab has been changed to \cr.
<recently read> \endtemplate 
                             
l.648 \end{bmatrix}$ &
                      \\
? 
! Extra alignment tab has been changed to \cr.
<recently read> \endtemplate 
                             
l.667 \end{bmatrix}$ &
                      \\
? 
! Extra alignment tab has been changed to \cr.
<recently read> \endtemplate 
                             
l.686 \end{bmatrix}$ &
                      \\
? 
[9

]
! Extra alignment tab has been changed to \cr.
<recently read> \endtemplate 
                             
l.714 \end{bmatrix}$ &
                      \\
? 
! Extra alignment tab has been changed to \cr.
<recently read> \endtemplate 
                             
l.733 \end{bmatrix}$ &
                      \\
? 
! Extra alignment tab has been changed to \cr.
<recently read> \endtemplate 
                             
l.752 \end{bmatrix}$ &
                      \\
? 
! Extra alignment tab has been changed to \cr.
<recently read> \endtemplate 
                             
l.771 \end{bmatrix}$ &
                      \\
? 
[10

]
! Extra alignment tab has been changed to \cr.
<recently read> \endtemplate 
                             
l.799 \end{bmatrix}$ &
                      \\
? 
[11

]
! Extra alignment tab has been changed to \cr.
<recently read> \endtemplate 
                             
l.827 \end{bmatrix}$ &
                      \\
? 
[12

]
! Extra alignment tab has been changed to \cr.
<recently read> \endtemplate 
                             
l.855 \end{bmatrix}$ &
                      \\
? 
[13

]
! Extra alignment tab has been changed to \cr.
<recently read> \endtemplate 
                             
l.883 \end{bmatrix}$ &
                      \\
? 
[14

]
! Extra alignment tab has been changed to \cr.
<recently read> \endtemplate 
                             
l.911 \end{bmatrix}$ &
                      \\
? 
[15

]
! Extra alignment tab has been changed to \cr.
<recently read> \endtemplate 
                             
l.939 \end{bmatrix}$ &
                      \\
? 

Overfull \hbox (1.04802pt too wide) in paragraph at lines 918--942
 [] 
 []

[16

]
! Extra alignment tab has been changed to \cr.
<recently read> \endtemplate 
                             
l.967 \end{bmatrix}$ &
                      \\
? 
[17

] (./results.aux) ) 
Here is how much of TeX's memory you used:
 1795 strings out of 479804
 30395 string characters out of 5882302
 364304 words of memory out of 5000000
 19741 multiletter control sequences out of 15000+600000
 408431 words of font info for 45 fonts, out of 8000000 for 9000
 319 hyphenation exceptions out of 8191
 55i,14n,62p,244b,217s stack positions out of 5000i,500n,10000p,200000b,80000s
</usr/local/texlive/2021basic/texmf-dist/fonts/type1/public/
amsfonts/cmextra/cmex9.pfb></usr/local/texlive/2021basic/texmf-dist/fonts/type1
/public/amsfonts/cm/cmmi12.pfb></usr/local/texlive/2021basic/texmf-dist/fonts/t
ype1/public/amsfonts/cm/cmmi6.pfb></usr/local/texlive/2021basic/texmf-dist/font
s/type1/public/amsfonts/cm/cmmi8.pfb></usr/local/texlive/2021basic/texmf-dist/f
onts/type1/public/amsfonts/cm/cmmi9.pfb></usr/local/texlive/2021basic/texmf-dis
t/fonts/type1/public/amsfonts/cm/cmr10.pfb></usr/local/texlive/2021basic/texmf-
dist/fonts/type1/public/amsfonts/cm/cmr12.pfb></usr/local/texlive/2021basic/tex
mf-dist/fonts/type1/public/amsfonts/cm/cmr8.pfb></usr/local/texlive/2021basic/t
exmf-dist/fonts/type1/public/amsfonts/cm/cmr9.pfb></usr/local/texlive/2021basic
/texmf-dist/fonts/type1/public/amsfonts/cm/cmsy9.pfb>
Output written on results.pdf (17 pages, 120005 bytes).
PDF statistics:
 109 PDF objects out of 1000 (max. 8388607)
 69 compressed objects within 1 object stream
 0 named destinations out of 1000 (max. 500000)
 1 words of extra memory for PDF output out of 10000 (max. 10000000)

