
 
 -------- am = 0.02 ------------ 

 
 --- ip = 1, (ap)^2 = 0.53131  =>  p^2 = 1.69287 Gev^2---
 
 Z = 

 +1.04677  -0.01738  -0.01339  +0.01210  +0.00164 
 -0.01453  +1.07656  +0.46675  -0.03553  -0.00134 
 -0.00043  +0.05823  +0.63090  +0.08879  -0.00149 
 +0.00193  +0.00139  +0.06349  +0.73496  -0.01018 
 +0.00167  -0.00350  +0.01824  -0.56424  +1.60345 
 
 +/- 

 +0.00063  +0.00022  +0.00024  +0.00031  +0.00015 
 +0.00021  +0.00037  +0.00060  +0.00116  +0.00037 
 +0.00011  +0.00053  +0.00178  +0.00310  +0.00027 
 +0.00010  +0.00026  +0.00114  +0.00172  +0.00032 
 +0.00009  +0.00024  +0.00057  +0.00117  +0.00277 
 
 --- ip = 2, (ap)^2 = 0.583116  =>  p^2 = 1.85794 Gev^2---
 
 Z = 

 +1.03920  -0.01437  -0.01106  +0.01008  +0.00129 
 -0.01201  +1.07408  +0.45251  -0.03054  -0.00113 
 -0.00025  +0.05757  +0.65533  +0.07610  -0.00137 
 +0.00148  +0.00110  +0.05488  +0.75446  -0.01162 
 +0.00132  -0.00299  +0.01580  -0.53875  +1.56460 
 
 +/- 

 +0.00052  +0.00020  +0.00023  +0.00023  +0.00013 
 +0.00018  +0.00033  +0.00054  +0.00101  +0.00033 
 +0.00010  +0.00044  +0.00159  +0.00266  +0.00020 
 +0.00009  +0.00021  +0.00105  +0.00153  +0.00024 
 +0.00008  +0.00020  +0.00053  +0.00103  +0.00238 
 
 --- ip = 3, (ap)^2 = 0.637332  =>  p^2 = 2.03068 Gev^2---
 
 Z = 

 +1.03231  -0.01195  -0.00912  +0.00843  +0.00101 
 -0.00997  +1.07177  +0.43894  -0.02625  -0.00095 
 -0.00013  +0.05702  +0.67859  +0.06527  -0.00126 
 +0.00113  +0.00087  +0.04739  +0.77293  -0.01302 
 +0.00105  -0.00258  +0.01371  -0.51537  +1.52933 
 
 +/- 

 +0.00044  +0.00017  +0.00021  +0.00018  +0.00012 
 +0.00014  +0.00029  +0.00049  +0.00089  +0.00030 
 +0.00008  +0.00037  +0.00142  +0.00231  +0.00017 
 +0.00008  +0.00017  +0.00097  +0.00137  +0.00019 
 +0.00007  +0.00017  +0.00051  +0.00090  +0.00203 
 
 --- ip = 4, (ap)^2 = 0.693957  =>  p^2 = 2.2111 Gev^2---
 
 Z = 

 +1.02601  -0.01001  -0.00752  +0.00709  +0.00080 
 -0.00834  +1.06963  +0.42609  -0.02258  -0.00077 
 -0.00005  +0.05656  +0.70064  +0.05606  -0.00116 
 +0.00087  +0.00068  +0.04096  +0.79036  -0.01437 
 +0.00085  -0.00225  +0.01193  -0.49393  +1.49723 
 
 +/- 

 +0.00039  +0.00015  +0.00018  +0.00015  +0.00010 
 +0.00011  +0.00024  +0.00045  +0.00080  +0.00026 
 +0.00007  +0.00032  +0.00129  +0.00203  +0.00015 
 +0.00006  +0.00013  +0.00090  +0.00124  +0.00016 
 +0.00005  +0.00014  +0.00049  +0.00079  +0.00176 
 
 --- ip = 5, (ap)^2 = 0.752991  =>  p^2 = 2.3992 Gev^2---
 
 Z = 

 +1.02024  -0.00844  -0.00618  +0.00598  +0.00064 
 -0.00702  +1.06765  +0.41395  -0.01944  -0.00062 
 -0.00000  +0.05619  +0.72150  +0.04820  -0.00104 
 +0.00068  +0.00050  +0.03546  +0.80677  -0.01567 
 +0.00071  -0.00198  +0.01042  -0.47426  +1.46795 
 
 +/- 

 +0.00035  +0.00012  +0.00016  +0.00013  +0.00008 
 +0.00009  +0.00020  +0.00042  +0.00073  +0.00023 
 +0.00005  +0.00029  +0.00122  +0.00180  +0.00013 
 +0.00005  +0.00011  +0.00082  +0.00115  +0.00015 
 +0.00005  +0.00011  +0.00045  +0.00069  +0.00154 
 
 --- ip = 6, (ap)^2 = 0.814435  =>  p^2 = 2.59497 Gev^2---
 
 Z = 

 +1.01495  -0.00717  -0.00509  +0.00506  +0.00052 
 -0.00595  +1.06582  +0.40252  -0.01672  -0.00051 
 +0.00003  +0.05591  +0.74121  +0.04146  -0.00090 
 +0.00055  +0.00035  +0.03074  +0.82223  -0.01694 
 +0.00059  -0.00176  +0.00911  -0.45623  +1.44120 
 
 +/- 

 +0.00032  +0.00010  +0.00013  +0.00011  +0.00006 
 +0.00007  +0.00018  +0.00042  +0.00065  +0.00018 
 +0.00004  +0.00027  +0.00118  +0.00158  +0.00011 
 +0.00004  +0.00008  +0.00074  +0.00110  +0.00014 
 +0.00004  +0.00009  +0.00040  +0.00062  +0.00138 
 
 --- ip = 7, (ap)^2 = 0.878289  =>  p^2 = 2.79843 Gev^2---
 
 Z = 

 +1.01008  -0.00612  -0.00420  +0.00429  +0.00042 
 -0.00508  +1.06413  +0.39178  -0.01436  -0.00044 
 +0.00005  +0.05572  +0.75979  +0.03564  -0.00077 
 +0.00044  +0.00021  +0.02667  +0.83676  -0.01819 
 +0.00049  -0.00156  +0.00797  -0.43969  +1.41671 
 
 +/- 

 +0.00030  +0.00009  +0.00011  +0.00009  +0.00005 
 +0.00006  +0.00017  +0.00042  +0.00057  +0.00014 
 +0.00004  +0.00026  +0.00115  +0.00136  +0.00009 
 +0.00003  +0.00007  +0.00065  +0.00107  +0.00013 
 +0.00003  +0.00008  +0.00034  +0.00057  +0.00125 
 
 --- ip = 8, (ap)^2 = 0.944552  =>  p^2 = 3.00956 Gev^2---
 
 Z = 

 +1.00559  -0.00527  -0.00348  +0.00363  +0.00035 
 -0.00437  +1.06256  +0.38173  -0.01232  -0.00039 
 +0.00006  +0.05559  +0.77729  +0.03061  -0.00064 
 +0.00036  +0.00010  +0.02312  +0.85044  -0.01940 
 +0.00042  -0.00138  +0.00697  -0.42453  +1.39428 
 
 +/- 

 +0.00028  +0.00008  +0.00010  +0.00008  +0.00004 
 +0.00005  +0.00015  +0.00043  +0.00048  +0.00010 
 +0.00003  +0.00024  +0.00112  +0.00114  +0.00008 
 +0.00002  +0.00007  +0.00056  +0.00105  +0.00011 
 +0.00003  +0.00007  +0.00028  +0.00053  +0.00114 
 
 --- ip = 9, (ap)^2 = 1.01322  =>  p^2 = 3.22836 Gev^2---
 
 Z = 

 +1.00145  -0.00455  -0.00291  +0.00308  +0.00028 
 -0.00376  +1.06111  +0.37234  -0.01057  -0.00034 
 +0.00006  +0.05552  +0.79377  +0.02627  -0.00053 
 +0.00030  +0.00001  +0.02003  +0.86333  -0.02058 
 +0.00035  -0.00121  +0.00608  -0.41063  +1.37370 
 
 +/- 

 +0.00026  +0.00007  +0.00009  +0.00007  +0.00003 
 +0.00004  +0.00014  +0.00043  +0.00040  +0.00008 
 +0.00003  +0.00023  +0.00109  +0.00095  +0.00006 
 +0.00002  +0.00007  +0.00048  +0.00103  +0.00010 
 +0.00002  +0.00007  +0.00023  +0.00051  +0.00106 
 
 --- ip = 10, (ap)^2 = 1.08431  =>  p^2 = 3.45485 Gev^2---
 
 Z = 

 +0.99761  -0.00395  -0.00244  +0.00262  +0.00024 
 -0.00326  +1.05978  +0.36359  -0.00909  -0.00029 
 +0.00006  +0.05550  +0.80929  +0.02256  -0.00043 
 +0.00025  -0.00004  +0.01738  +0.87553  -0.02172 
 +0.00030  -0.00107  +0.00531  -0.39784  +1.35477 
 
 +/- 

 +0.00025  +0.00007  +0.00008  +0.00006  +0.00002 
 +0.00004  +0.00013  +0.00042  +0.00032  +0.00007 
 +0.00003  +0.00023  +0.00105  +0.00078  +0.00005 
 +0.00001  +0.00007  +0.00041  +0.00100  +0.00008 
 +0.00002  +0.00006  +0.00020  +0.00049  +0.00098 
 
 --- ip = 11, (ap)^2 = 1.1578  =>  p^2 = 3.68901 Gev^2---
 
 Z = 

 +0.99404  -0.00345  -0.00204  +0.00224  +0.00020 
 -0.00283  +1.05857  +0.35545  -0.00785  -0.00025 
 +0.00006  +0.05554  +0.82394  +0.01945  -0.00035 
 +0.00021  -0.00007  +0.01513  +0.88712  -0.02283 
 +0.00026  -0.00094  +0.00463  -0.38607  +1.33732 
 
 +/- 

 +0.00024  +0.00006  +0.00007  +0.00005  +0.00002 
 +0.00003  +0.00012  +0.00040  +0.00025  +0.00006 
 +0.00003  +0.00022  +0.00099  +0.00065  +0.00004 
 +0.00001  +0.00006  +0.00036  +0.00097  +0.00007 
 +0.00001  +0.00005  +0.00018  +0.00046  +0.00091 
 
 --- ip = 12, (ap)^2 = 1.2337  =>  p^2 = 3.93085 Gev^2---
 
 Z = 

 +0.99074  -0.00301  -0.00171  +0.00192  +0.00018 
 -0.00246  +1.05746  +0.34788  -0.00680  -0.00021 
 +0.00005  +0.05562  +0.83780  +0.01686  -0.00030 
 +0.00018  -0.00008  +0.01323  +0.89817  -0.02392 
 +0.00023  -0.00083  +0.00404  -0.37521  +1.32119 
 
 +/- 

 +0.00022  +0.00006  +0.00006  +0.00005  +0.00001 
 +0.00003  +0.00011  +0.00038  +0.00020  +0.00005 
 +0.00002  +0.00021  +0.00093  +0.00055  +0.00004 
 +0.00001  +0.00006  +0.00032  +0.00093  +0.00007 
 +0.00001  +0.00004  +0.00016  +0.00044  +0.00085 
 
 --- ip = 13, (ap)^2 = 1.31201  =>  p^2 = 4.18036 Gev^2---
 
 Z = 

 +0.98766  -0.00264  -0.00143  +0.00165  +0.00015 
 -0.00214  +1.05646  +0.34084  -0.00591  -0.00017 
 +0.00005  +0.05574  +0.85094  +0.01467  -0.00026 
 +0.00016  -0.00009  +0.01162  +0.90871  -0.02500 
 +0.00020  -0.00074  +0.00351  -0.36522  +1.30625 
 
 +/- 

 +0.00021  +0.00005  +0.00006  +0.00004  +0.00001 
 +0.00002  +0.00009  +0.00036  +0.00017  +0.00004 
 +0.00002  +0.00021  +0.00088  +0.00048  +0.00003 
 +0.00001  +0.00005  +0.00029  +0.00088  +0.00006 
 +0.00001  +0.00004  +0.00014  +0.00042  +0.00079 
 
 --- ip = 14, (ap)^2 = 1.39273  =>  p^2 = 4.43756 Gev^2---
 
 Z = 

 +0.98478  -0.00231  -0.00120  +0.00143  +0.00013 
 -0.00187  +1.05555  +0.33432  -0.00513  -0.00015 
 +0.00004  +0.05591  +0.86342  +0.01280  -0.00022 
 +0.00014  -0.00010  +0.01022  +0.91880  -0.02607 
 +0.00018  -0.00066  +0.00305  -0.35601  +1.29240 
 
 +/- 

 +0.00019  +0.00005  +0.00005  +0.00003  +0.00001 
 +0.00002  +0.00008  +0.00034  +0.00015  +0.00003 
 +0.00002  +0.00020  +0.00083  +0.00043  +0.00003 
 +0.00001  +0.00004  +0.00026  +0.00084  +0.00007 
 +0.00001  +0.00004  +0.00012  +0.00041  +0.00074 
 
 --- ip = 15, (ap)^2 = 1.47586  =>  p^2 = 4.70243 Gev^2---
 
 Z = 

 +0.98209  -0.00204  -0.00102  +0.00124  +0.00011 
 -0.00164  +1.05473  +0.32829  -0.00446  -0.00012 
 +0.00004  +0.05613  +0.87526  +0.01118  -0.00019 
 +0.00012  -0.00011  +0.00900  +0.92847  -0.02713 
 +0.00016  -0.00060  +0.00267  -0.34754  +1.27955 
 
 +/- 

 +0.00018  +0.00004  +0.00005  +0.00003  +0.00001 
 +0.00002  +0.00008  +0.00032  +0.00014  +0.00002 
 +0.00001  +0.00019  +0.00079  +0.00041  +0.00002 
 +0.00001  +0.00003  +0.00024  +0.00080  +0.00007 
 +0.00001  +0.00003  +0.00011  +0.00040  +0.00070 
 
 --- ip = 16, (ap)^2 = 1.5614  =>  p^2 = 4.97498 Gev^2---
 
 Z = 

 +0.97955  -0.00180  -0.00086  +0.00108  +0.00010 
 -0.00145  +1.05399  +0.32273  -0.00388  -0.00010 
 +0.00003  +0.05637  +0.88649  +0.00976  -0.00016 
 +0.00010  -0.00012  +0.00794  +0.93773  -0.02818 
 +0.00014  -0.00053  +0.00235  -0.33975  +1.26760 
 
 +/- 

 +0.00016  +0.00003  +0.00004  +0.00002  +0.00001 
 +0.00002  +0.00007  +0.00030  +0.00014  +0.00002 
 +0.00001  +0.00018  +0.00075  +0.00039  +0.00002 
 +0.00000  +0.00003  +0.00022  +0.00075  +0.00007 
 +0.00000  +0.00003  +0.00010  +0.00039  +0.00066 
 
 --- ip = 17, (ap)^2 = 1.64935  =>  p^2 = 5.25521 Gev^2---
 
 Z = 

 +0.97716  -0.00160  -0.00074  +0.00095  +0.00009 
 -0.00128  +1.05331  +0.31761  -0.00338  -0.00008 
 +0.00003  +0.05665  +0.89714  +0.00852  -0.00013 
 +0.00009  -0.00012  +0.00702  +0.94662  -0.02922 
 +0.00013  -0.00047  +0.00209  -0.33260  +1.25647 
 
 +/- 

 +0.00015  +0.00003  +0.00004  +0.00002  +0.00001 
 +0.00002  +0.00007  +0.00029  +0.00014  +0.00002 
 +0.00001  +0.00017  +0.00070  +0.00038  +0.00002 
 +0.00000  +0.00002  +0.00021  +0.00071  +0.00007 
 +0.00000  +0.00003  +0.00009  +0.00039  +0.00061 
 
 --- ip = 18, (ap)^2 = 1.73971  =>  p^2 = 5.54311 Gev^2---
 
 Z = 

 +0.97488  -0.00143  -0.00064  +0.00083  +0.00008 
 -0.00114  +1.05272  +0.31290  -0.00295  -0.00006 
 +0.00003  +0.05695  +0.90726  +0.00746  -0.00012 
 +0.00008  -0.00011  +0.00622  +0.95516  -0.03025 
 +0.00012  -0.00042  +0.00186  -0.32606  +1.24611 
 
 +/- 

 +0.00014  +0.00002  +0.00003  +0.00002  +0.00001 
 +0.00002  +0.00007  +0.00027  +0.00014  +0.00002 
 +0.00001  +0.00016  +0.00065  +0.00036  +0.00002 
 +0.00000  +0.00002  +0.00019  +0.00066  +0.00007 
 +0.00000  +0.00002  +0.00009  +0.00038  +0.00057 
 
 --- ip = 19, (ap)^2 = 1.83248  =>  p^2 = 5.83869 Gev^2---
 
 Z = 

 +0.97272  -0.00128  -0.00056  +0.00074  +0.00007 
 -0.00102  +1.05219  +0.30860  -0.00259  -0.00004 
 +0.00003  +0.05729  +0.91690  +0.00654  -0.00010 
 +0.00007  -0.00010  +0.00551  +0.96337  -0.03128 
 +0.00011  -0.00037  +0.00166  -0.32007  +1.23646 
 
 +/- 

 +0.00013  +0.00002  +0.00003  +0.00002  +0.00001 
 +0.00001  +0.00006  +0.00026  +0.00013  +0.00002 
 +0.00001  +0.00015  +0.00061  +0.00034  +0.00002 
 +0.00000  +0.00001  +0.00017  +0.00061  +0.00007 
 +0.00000  +0.00002  +0.00008  +0.00037  +0.00054 
 
 --- ip = 20, (ap)^2 = 1.92766  =>  p^2 = 6.14195 Gev^2---
 
 Z = 

 +0.97067  -0.00115  -0.00049  +0.00065  +0.00007 
 -0.00091  +1.05173  +0.30467  -0.00228  -0.00003 
 +0.00002  +0.05767  +0.92611  +0.00575  -0.00009 
 +0.00006  -0.00009  +0.00488  +0.97127  -0.03230 
 +0.00010  -0.00033  +0.00148  -0.31460  +1.22745 
 
 +/- 

 +0.00011  +0.00002  +0.00002  +0.00001  +0.00001 
 +0.00001  +0.00006  +0.00025  +0.00012  +0.00002 
 +0.00001  +0.00014  +0.00057  +0.00031  +0.00002 
 +0.00000  +0.00001  +0.00016  +0.00056  +0.00007 
 +0.00000  +0.00002  +0.00008  +0.00037  +0.00050 
 
 --- ip = 21, (ap)^2 = 2.02524  =>  p^2 = 6.45289 Gev^2---
 
 Z = 

 +0.96871  -0.00103  -0.00042  +0.00058  +0.00006 
 -0.00081  +1.05133  +0.30111  -0.00201  -0.00003 
 +0.00002  +0.05808  +0.93494  +0.00507  -0.00008 
 +0.00005  -0.00009  +0.00433  +0.97891  -0.03332 
 +0.00009  -0.00029  +0.00132  -0.30962  +1.21904 
 
 +/- 

 +0.00010  +0.00001  +0.00002  +0.00001  +0.00000 
 +0.00001  +0.00006  +0.00024  +0.00010  +0.00002 
 +0.00000  +0.00014  +0.00053  +0.00028  +0.00001 
 +0.00000  +0.00001  +0.00015  +0.00052  +0.00007 
 +0.00000  +0.00001  +0.00008  +0.00036  +0.00047 
 
 --- ip = 22, (ap)^2 = 2.12524  =>  p^2 = 6.7715 Gev^2---
 
 Z = 

 +0.96684  -0.00092  -0.00037  +0.00052  +0.00006 
 -0.00073  +1.05100  +0.29789  -0.00177  -0.00002 
 +0.00002  +0.05852  +0.94341  +0.00448  -0.00007 
 +0.00005  -0.00009  +0.00384  +0.98631  -0.03434 
 +0.00008  -0.00026  +0.00119  -0.30509  +1.21116 
 
 +/- 

 +0.00009  +0.00001  +0.00002  +0.00001  +0.00000 
 +0.00001  +0.00006  +0.00024  +0.00008  +0.00002 
 +0.00000  +0.00013  +0.00050  +0.00025  +0.00001 
 +0.00000  +0.00001  +0.00013  +0.00048  +0.00007 
 +0.00000  +0.00001  +0.00007  +0.00035  +0.00044 
 
 --- ip = 23, (ap)^2 = 2.22765  =>  p^2 = 7.09779 Gev^2---
 
 Z = 

 +0.96506  -0.00083  -0.00031  +0.00047  +0.00005 
 -0.00065  +1.05072  +0.29500  -0.00157  -0.00002 
 +0.00001  +0.05900  +0.95156  +0.00397  -0.00007 
 +0.00004  -0.00009  +0.00341  +0.99351  -0.03537 
 +0.00007  -0.00023  +0.00106  -0.30096  +1.20379 
 
 +/- 

 +0.00008  +0.00001  +0.00001  +0.00001  +0.00000 
 +0.00001  +0.00006  +0.00023  +0.00007  +0.00001 
 +0.00000  +0.00012  +0.00046  +0.00022  +0.00001 
 +0.00000  +0.00001  +0.00012  +0.00045  +0.00007 
 +0.00000  +0.00001  +0.00007  +0.00033  +0.00041 
 
 --- ip = 24, (ap)^2 = 2.33247  =>  p^2 = 7.43176 Gev^2---
 
 Z = 

 +0.96335  -0.00075  -0.00026  +0.00042  +0.00005 
 -0.00059  +1.05050  +0.29241  -0.00139  -0.00001 
 +0.00001  +0.05952  +0.95944  +0.00353  -0.00006 
 +0.00004  -0.00009  +0.00304  +1.00052  -0.03639 
 +0.00007  -0.00021  +0.00095  -0.29722  +1.19689 
 
 +/- 

 +0.00007  +0.00001  +0.00001  +0.00001  +0.00000 
 +0.00001  +0.00006  +0.00022  +0.00005  +0.00001 
 +0.00000  +0.00012  +0.00044  +0.00019  +0.00001 
 +0.00000  +0.00001  +0.00011  +0.00042  +0.00007 
 +0.00000  +0.00001  +0.00006  +0.00032  +0.00038 
 
 --- ip = 25, (ap)^2 = 2.43969  =>  p^2 = 7.7734 Gev^2---
 
 Z = 

 +0.96171  -0.00068  -0.00022  +0.00038  +0.00005 
 -0.00053  +1.05032  +0.29011  -0.00125  -0.00001 
 +0.00001  +0.06008  +0.96706  +0.00315  -0.00006 
 +0.00003  -0.00009  +0.00270  +1.00739  -0.03742 
 +0.00006  -0.00019  +0.00084  -0.29384  +1.19044 
 
 +/- 

 +0.00006  +0.00001  +0.00001  +0.00001  +0.00000 
 +0.00001  +0.00005  +0.00022  +0.00005  +0.00001 
 +0.00000  +0.00012  +0.00041  +0.00017  +0.00001 
 +0.00000  +0.00001  +0.00010  +0.00040  +0.00007 
 +0.00000  +0.00001  +0.00005  +0.00030  +0.00035 
 
 --- ip = 26, (ap)^2 = 2.54933  =>  p^2 = 8.12273 Gev^2---
 
 Z = 

 +0.96014  -0.00061  -0.00019  +0.00034  +0.00004 
 -0.00048  +1.05019  +0.28809  -0.00112  -0.00000 
 +0.00001  +0.06067  +0.97446  +0.00282  -0.00005 
 +0.00003  -0.00008  +0.00241  +1.01412  -0.03846 
 +0.00006  -0.00017  +0.00075  -0.29081  +1.18441 
 
 +/- 

 +0.00005  +0.00001  +0.00001  +0.00001  +0.00000 
 +0.00001  +0.00005  +0.00021  +0.00004  +0.00001 
 +0.00000  +0.00011  +0.00040  +0.00016  +0.00001 
 +0.00000  +0.00001  +0.00009  +0.00039  +0.00007 
 +0.00000  +0.00001  +0.00004  +0.00029  +0.00033 
 
 --- ip = 27, (ap)^2 = 2.66137  =>  p^2 = 8.47973 Gev^2---
 
 Z = 

 +0.95862  -0.00056  -0.00016  +0.00031  +0.00004 
 -0.00044  +1.05010  +0.28633  -0.00100  -0.00000 
 +0.00001  +0.06130  +0.98167  +0.00252  -0.00005 
 +0.00003  -0.00008  +0.00216  +1.02072  -0.03950 
 +0.00005  -0.00015  +0.00067  -0.28810  +1.17877 
 
 +/- 

 +0.00005  +0.00001  +0.00001  +0.00000  +0.00000 
 +0.00001  +0.00005  +0.00021  +0.00003  +0.00001 
 +0.00000  +0.00011  +0.00038  +0.00014  +0.00001 
 +0.00000  +0.00001  +0.00008  +0.00038  +0.00006 
 +0.00000  +0.00001  +0.00004  +0.00028  +0.00031 
 
 --- ip = 28, (ap)^2 = 2.77583  =>  p^2 = 8.84441 Gev^2---
 
 Z = 

 +0.95716  -0.00051  -0.00013  +0.00028  +0.00004 
 -0.00040  +1.05005  +0.28483  -0.00090  +0.00000 
 +0.00001  +0.06197  +0.98869  +0.00226  -0.00004 
 +0.00003  -0.00008  +0.00194  +1.02722  -0.04054 
 +0.00005  -0.00014  +0.00059  -0.28571  +1.17350 
 
 +/- 

 +0.00004  +0.00001  +0.00001  +0.00000  +0.00000 
 +0.00001  +0.00005  +0.00021  +0.00003  +0.00001 
 +0.00000  +0.00011  +0.00038  +0.00013  +0.00001 
 +0.00000  +0.00001  +0.00007  +0.00037  +0.00006 
 +0.00000  +0.00001  +0.00004  +0.00027  +0.00030 
 
 --- ip = 29, (ap)^2 = 2.89269  =>  p^2 = 9.21676 Gev^2---
 
 Z = 

 +0.95575  -0.00046  -0.00011  +0.00026  +0.00004 
 -0.00037  +1.05005  +0.28358  -0.00080  +0.00000 
 +0.00001  +0.06268  +0.99555  +0.00202  -0.00004 
 +0.00002  -0.00007  +0.00175  +1.03361  -0.04159 
 +0.00004  -0.00012  +0.00053  -0.28361  +1.16856 
 
 +/- 

 +0.00004  +0.00001  +0.00001  +0.00000  +0.00000 
 +0.00000  +0.00005  +0.00021  +0.00003  +0.00001 
 +0.00000  +0.00010  +0.00037  +0.00011  +0.00001 
 +0.00000  +0.00001  +0.00006  +0.00037  +0.00006 
 +0.00000  +0.00001  +0.00003  +0.00026  +0.00028 
 
 --- ip = 30, (ap)^2 = 3.01196  =>  p^2 = 9.5968 Gev^2---
 
 Z = 

 +0.95439  -0.00042  -0.00009  +0.00023  +0.00003 
 -0.00034  +1.05009  +0.28256  -0.00072  +0.00000 
 +0.00001  +0.06342  +1.00226  +0.00181  -0.00003 
 +0.00002  -0.00007  +0.00158  +1.03993  -0.04266 
 +0.00004  -0.00011  +0.00047  -0.28179  +1.16394 
 
 +/- 

 +0.00003  +0.00001  +0.00001  +0.00000  +0.00000 
 +0.00000  +0.00005  +0.00021  +0.00003  +0.00001 
 +0.00000  +0.00010  +0.00037  +0.00010  +0.00001 
 +0.00000  +0.00001  +0.00005  +0.00037  +0.00006 
 +0.00000  +0.00001  +0.00003  +0.00025  +0.00027 
 
 --- ip = 31, (ap)^2 = 3.13365  =>  p^2 = 9.98451 Gev^2---
 
 Z = 

 +0.95306  -0.00038  -0.00008  +0.00021  +0.00003 
 -0.00031  +1.05017  +0.28175  -0.00064  +0.00001 
 +0.00001  +0.06419  +1.00884  +0.00162  -0.00003 
 +0.00002  -0.00006  +0.00142  +1.04618  -0.04373 
 +0.00004  -0.00010  +0.00041  -0.28024  +1.15962 
 
 +/- 

 +0.00003  +0.00001  +0.00001  +0.00000  +0.00000 
 +0.00000  +0.00005  +0.00021  +0.00003  +0.00001 
 +0.00000  +0.00010  +0.00036  +0.00009  +0.00001 
 +0.00000  +0.00001  +0.00005  +0.00037  +0.00006 
 +0.00000  +0.00001  +0.00003  +0.00025  +0.00026 
 
 -------- am = 0.01 ------------ 

 
 --- ip = 1, (ap)^2 = 0.53131  =>  p^2 = 1.69287 Gev^2---
 
 Z = 

 +1.04754  -0.00984  -0.00992  +0.00795  +0.00073 
 -0.00830  +1.07822  +0.46676  -0.02765  -0.00231 
 -0.00030  +0.05775  +0.62991  +0.07728  -0.00177 
 +0.00118  +0.00194  +0.05683  +0.73240  -0.00928 
 +0.00080  -0.00371  +0.01644  -0.56657  +1.60449 
 
 +/- 

 +0.00052  +0.00018  +0.00028  +0.00032  +0.00019 
 +0.00022  +0.00029  +0.00051  +0.00123  +0.00042 
 +0.00021  +0.00040  +0.00135  +0.00313  +0.00052 
 +0.00013  +0.00037  +0.00115  +0.00165  +0.00042 
 +0.00018  +0.00034  +0.00075  +0.00101  +0.00198 
 
 --- ip = 2, (ap)^2 = 0.583116  =>  p^2 = 1.85794 Gev^2---
 
 Z = 

 +1.03974  -0.00802  -0.00799  +0.00660  +0.00048 
 -0.00688  +1.07561  +0.45217  -0.02326  -0.00205 
 -0.00014  +0.05687  +0.65479  +0.06545  -0.00137 
 +0.00086  +0.00154  +0.04896  +0.75284  -0.01100 
 +0.00064  -0.00326  +0.01430  -0.53975  +1.56416 
 
 +/- 

 +0.00047  +0.00015  +0.00025  +0.00025  +0.00014 
 +0.00016  +0.00026  +0.00044  +0.00105  +0.00034 
 +0.00016  +0.00034  +0.00120  +0.00269  +0.00039 
 +0.00009  +0.00032  +0.00100  +0.00154  +0.00028 
 +0.00014  +0.00028  +0.00068  +0.00086  +0.00166 
 
 --- ip = 3, (ap)^2 = 0.637332  =>  p^2 = 2.03068 Gev^2---
 
 Z = 

 +1.03260  -0.00659  -0.00643  +0.00551  +0.00032 
 -0.00574  +1.07320  +0.43835  -0.01959  -0.00178 
 -0.00001  +0.05632  +0.67853  +0.05538  -0.00107 
 +0.00061  +0.00114  +0.04203  +0.77189  -0.01264 
 +0.00050  -0.00290  +0.01231  -0.51543  +1.52782 
 
 +/- 

 +0.00042  +0.00013  +0.00021  +0.00020  +0.00011 
 +0.00011  +0.00022  +0.00040  +0.00084  +0.00024 
 +0.00013  +0.00030  +0.00119  +0.00223  +0.00029 
 +0.00007  +0.00028  +0.00088  +0.00150  +0.00017 
 +0.00010  +0.00022  +0.00059  +0.00075  +0.00140 
 
 --- ip = 4, (ap)^2 = 0.693957  =>  p^2 = 2.2111 Gev^2---
 
 Z = 

 +1.02609  -0.00548  -0.00520  +0.00459  +0.00021 
 -0.00478  +1.07098  +0.42534  -0.01648  -0.00153 
 +0.00004  +0.05599  +0.70098  +0.04674  -0.00087 
 +0.00044  +0.00078  +0.03591  +0.78968  -0.01419 
 +0.00040  -0.00259  +0.01048  -0.49337  +1.49508 
 
 +/- 

 +0.00037  +0.00012  +0.00019  +0.00016  +0.00008 
 +0.00008  +0.00018  +0.00040  +0.00068  +0.00019 
 +0.00010  +0.00028  +0.00123  +0.00183  +0.00023 
 +0.00005  +0.00024  +0.00078  +0.00147  +0.00012 
 +0.00007  +0.00017  +0.00051  +0.00066  +0.00119 
 
 --- ip = 5, (ap)^2 = 0.752991  =>  p^2 = 2.3992 Gev^2---
 
 Z = 

 +1.02019  -0.00461  -0.00421  +0.00382  +0.00015 
 -0.00399  +1.06893  +0.41317  -0.01383  -0.00132 
 +0.00005  +0.05575  +0.72199  +0.03941  -0.00077 
 +0.00034  +0.00050  +0.03059  +0.80631  -0.01563 
 +0.00033  -0.00233  +0.00884  -0.47330  +1.46547 
 
 +/- 

 +0.00032  +0.00011  +0.00017  +0.00013  +0.00007 
 +0.00007  +0.00015  +0.00040  +0.00056  +0.00017 
 +0.00007  +0.00027  +0.00119  +0.00153  +0.00020 
 +0.00004  +0.00020  +0.00069  +0.00134  +0.00011 
 +0.00006  +0.00015  +0.00044  +0.00059  +0.00105 
 
 --- ip = 6, (ap)^2 = 0.814435  =>  p^2 = 2.59497 Gev^2---
 
 Z = 

 +1.01483  -0.00390  -0.00340  +0.00316  +0.00011 
 -0.00335  +1.06702  +0.40176  -0.01160  -0.00113 
 +0.00005  +0.05551  +0.74164  +0.03334  -0.00073 
 +0.00028  +0.00029  +0.02606  +0.82187  -0.01697 
 +0.00029  -0.00212  +0.00741  -0.45500  +1.43856 
 
 +/- 

 +0.00028  +0.00009  +0.00016  +0.00010  +0.00007 
 +0.00007  +0.00014  +0.00038  +0.00048  +0.00015 
 +0.00006  +0.00025  +0.00108  +0.00130  +0.00018 
 +0.00004  +0.00015  +0.00060  +0.00114  +0.00011 
 +0.00005  +0.00014  +0.00038  +0.00055  +0.00095 
 
 --- ip = 7, (ap)^2 = 0.878289  =>  p^2 = 2.79843 Gev^2---
 
 Z = 

 +1.00994  -0.00330  -0.00277  +0.00261  +0.00008 
 -0.00281  +1.06522  +0.39103  -0.00977  -0.00093 
 +0.00005  +0.05531  +0.76010  +0.02829  -0.00071 
 +0.00023  +0.00016  +0.02226  +0.83648  -0.01821 
 +0.00025  -0.00192  +0.00620  -0.43825  +1.41400 
 
 +/- 

 +0.00024  +0.00008  +0.00014  +0.00007  +0.00006 
 +0.00006  +0.00014  +0.00037  +0.00042  +0.00014 
 +0.00006  +0.00023  +0.00098  +0.00112  +0.00016 
 +0.00004  +0.00010  +0.00054  +0.00097  +0.00012 
 +0.00004  +0.00012  +0.00033  +0.00052  +0.00088 
 
 --- ip = 8, (ap)^2 = 0.944552  =>  p^2 = 3.00956 Gev^2---
 
 Z = 

 +1.00546  -0.00278  -0.00228  +0.00214  +0.00005 
 -0.00236  +1.06352  +0.38097  -0.00828  -0.00073 
 +0.00005  +0.05517  +0.77741  +0.02401  -0.00066 
 +0.00018  +0.00008  +0.01905  +0.85018  -0.01941 
 +0.00020  -0.00172  +0.00525  -0.42289  +1.39147 
 
 +/- 

 +0.00022  +0.00008  +0.00013  +0.00006  +0.00004 
 +0.00005  +0.00014  +0.00036  +0.00036  +0.00012 
 +0.00005  +0.00021  +0.00091  +0.00097  +0.00014 
 +0.00003  +0.00007  +0.00050  +0.00085  +0.00012 
 +0.00004  +0.00010  +0.00029  +0.00049  +0.00080 
 
 --- ip = 9, (ap)^2 = 1.01322  =>  p^2 = 3.22836 Gev^2---
 
 Z = 

 +1.00131  -0.00236  -0.00189  +0.00177  +0.00002 
 -0.00197  +1.06194  +0.37159  -0.00707  -0.00055 
 +0.00005  +0.05511  +0.79360  +0.02038  -0.00058 
 +0.00014  +0.00002  +0.01633  +0.86304  -0.02059 
 +0.00016  -0.00151  +0.00452  -0.40880  +1.37071 
 
 +/- 

 +0.00019  +0.00007  +0.00012  +0.00005  +0.00003 
 +0.00004  +0.00014  +0.00035  +0.00032  +0.00011 
 +0.00004  +0.00019  +0.00085  +0.00084  +0.00011 
 +0.00002  +0.00005  +0.00048  +0.00078  +0.00011 
 +0.00003  +0.00008  +0.00026  +0.00046  +0.00072 
 
 --- ip = 10, (ap)^2 = 1.08431  =>  p^2 = 3.45485 Gev^2---
 
 Z = 

 +0.99742  -0.00203  -0.00160  +0.00147  +0.00001 
 -0.00164  +1.06044  +0.36274  -0.00597  -0.00042 
 +0.00004  +0.05507  +0.80872  +0.01720  -0.00049 
 +0.00011  -0.00000  +0.01403  +0.87512  -0.02173 
 +0.00013  -0.00133  +0.00395  -0.39568  +1.35137 
 
 +/- 

 +0.00017  +0.00006  +0.00011  +0.00004  +0.00003 
 +0.00004  +0.00012  +0.00035  +0.00026  +0.00009 
 +0.00003  +0.00017  +0.00079  +0.00072  +0.00010 
 +0.00002  +0.00005  +0.00045  +0.00072  +0.00010 
 +0.00002  +0.00007  +0.00023  +0.00047  +0.00067 
 
 --- ip = 11, (ap)^2 = 1.1578  =>  p^2 = 3.68901 Gev^2---
 
 Z = 

 +0.99384  -0.00176  -0.00132  +0.00124  -0.00001 
 -0.00139  +1.05910  +0.35458  -0.00510  -0.00031 
 +0.00002  +0.05510  +0.82308  +0.01462  -0.00042 
 +0.00010  -0.00004  +0.01212  +0.88656  -0.02282 
 +0.00011  -0.00115  +0.00346  -0.38382  +1.33378 
 
 +/- 

 +0.00015  +0.00006  +0.00010  +0.00004  +0.00002 
 +0.00003  +0.00010  +0.00033  +0.00025  +0.00008 
 +0.00003  +0.00015  +0.00073  +0.00066  +0.00009 
 +0.00002  +0.00005  +0.00041  +0.00069  +0.00009 
 +0.00001  +0.00006  +0.00021  +0.00044  +0.00059 
 
 --- ip = 12, (ap)^2 = 1.2337  =>  p^2 = 3.93085 Gev^2---
 
 Z = 

 +0.99052  -0.00153  -0.00107  +0.00105  -0.00001 
 -0.00120  +1.05790  +0.34697  -0.00433  -0.00025 
 +0.00002  +0.05516  +0.83670  +0.01241  -0.00037 
 +0.00008  -0.00008  +0.01051  +0.89745  -0.02388 
 +0.00009  -0.00101  +0.00302  -0.37295  +1.31761 
 
 +/- 

 +0.00014  +0.00005  +0.00008  +0.00003  +0.00002 
 +0.00003  +0.00008  +0.00030  +0.00024  +0.00006 
 +0.00002  +0.00013  +0.00067  +0.00060  +0.00007 
 +0.00001  +0.00005  +0.00036  +0.00065  +0.00008 
 +0.00001  +0.00005  +0.00019  +0.00040  +0.00053 
 
 --- ip = 13, (ap)^2 = 1.31201  =>  p^2 = 4.18036 Gev^2---
 
 Z = 

 +0.98743  -0.00134  -0.00086  +0.00090  -0.00002 
 -0.00106  +1.05683  +0.33991  -0.00367  -0.00022 
 +0.00002  +0.05525  +0.84963  +0.01054  -0.00032 
 +0.00007  -0.00010  +0.00913  +0.90783  -0.02492 
 +0.00008  -0.00088  +0.00265  -0.36296  +1.30270 
 
 +/- 

 +0.00013  +0.00004  +0.00007  +0.00003  +0.00001 
 +0.00002  +0.00008  +0.00028  +0.00022  +0.00005 
 +0.00002  +0.00012  +0.00062  +0.00052  +0.00006 
 +0.00001  +0.00004  +0.00033  +0.00060  +0.00007 
 +0.00001  +0.00004  +0.00016  +0.00038  +0.00049 
 
 --- ip = 14, (ap)^2 = 1.39273  =>  p^2 = 4.43756 Gev^2---
 
 Z = 

 +0.98455  -0.00117  -0.00070  +0.00078  -0.00002 
 -0.00093  +1.05585  +0.33337  -0.00314  -0.00020 
 +0.00002  +0.05537  +0.86191  +0.00901  -0.00025 
 +0.00007  -0.00011  +0.00798  +0.91774  -0.02596 
 +0.00007  -0.00076  +0.00236  -0.35376  +1.28892 
 
 +/- 

 +0.00013  +0.00004  +0.00006  +0.00003  +0.00001 
 +0.00002  +0.00008  +0.00027  +0.00019  +0.00004 
 +0.00001  +0.00011  +0.00058  +0.00045  +0.00005 
 +0.00001  +0.00004  +0.00030  +0.00055  +0.00007 
 +0.00001  +0.00004  +0.00015  +0.00037  +0.00047 
 
 --- ip = 15, (ap)^2 = 1.47586  =>  p^2 = 4.70243 Gev^2---
 
 Z = 

 +0.98185  -0.00103  -0.00058  +0.00068  -0.00001 
 -0.00082  +1.05497  +0.32731  -0.00272  -0.00018 
 +0.00001  +0.05553  +0.87362  +0.00777  -0.00020 
 +0.00006  -0.00011  +0.00701  +0.92730  -0.02700 
 +0.00007  -0.00066  +0.00211  -0.34527  +1.27613 
 
 +/- 

 +0.00012  +0.00003  +0.00006  +0.00003  +0.00001 
 +0.00002  +0.00008  +0.00026  +0.00016  +0.00004 
 +0.00001  +0.00010  +0.00054  +0.00039  +0.00004 
 +0.00001  +0.00004  +0.00028  +0.00051  +0.00006 
 +0.00001  +0.00004  +0.00014  +0.00036  +0.00046 
 
 --- ip = 16, (ap)^2 = 1.5614  =>  p^2 = 4.97498 Gev^2---
 
 Z = 

 +0.97931  -0.00092  -0.00049  +0.00060  -0.00000 
 -0.00073  +1.05419  +0.32171  -0.00236  -0.00016 
 +0.00001  +0.05575  +0.88481  +0.00673  -0.00015 
 +0.00005  -0.00011  +0.00619  +0.93654  -0.02805 
 +0.00006  -0.00057  +0.00189  -0.33746  +1.26423 
 
 +/- 

 +0.00010  +0.00003  +0.00005  +0.00002  +0.00001 
 +0.00002  +0.00007  +0.00026  +0.00014  +0.00004 
 +0.00001  +0.00010  +0.00051  +0.00033  +0.00003 
 +0.00001  +0.00003  +0.00026  +0.00047  +0.00006 
 +0.00001  +0.00003  +0.00012  +0.00035  +0.00044 
 
 --- ip = 17, (ap)^2 = 1.64935  =>  p^2 = 5.25521 Gev^2---
 
 Z = 

 +0.97691  -0.00081  -0.00042  +0.00052  +0.00000 
 -0.00065  +1.05349  +0.31656  -0.00206  -0.00014 
 +0.00001  +0.05603  +0.89551  +0.00588  -0.00012 
 +0.00004  -0.00011  +0.00545  +0.94546  -0.02911 
 +0.00006  -0.00050  +0.00168  -0.33031  +1.25318 
 
 +/- 

 +0.00009  +0.00002  +0.00004  +0.00002  +0.00001 
 +0.00002  +0.00008  +0.00026  +0.00011  +0.00004 
 +0.00001  +0.00009  +0.00048  +0.00028  +0.00003 
 +0.00001  +0.00003  +0.00023  +0.00044  +0.00006 
 +0.00001  +0.00003  +0.00010  +0.00033  +0.00043 
 
 --- ip = 18, (ap)^2 = 1.73971  =>  p^2 = 5.54311 Gev^2---
 
 Z = 

 +0.97464  -0.00072  -0.00036  +0.00045  +0.00001 
 -0.00057  +1.05286  +0.31183  -0.00181  -0.00012 
 +0.00000  +0.05636  +0.90573  +0.00519  -0.00011 
 +0.00003  -0.00011  +0.00480  +0.95402  -0.03016 
 +0.00005  -0.00044  +0.00150  -0.32378  +1.24290 
 
 +/- 

 +0.00008  +0.00002  +0.00003  +0.00002  +0.00001 
 +0.00001  +0.00008  +0.00026  +0.00009  +0.00003 
 +0.00001  +0.00009  +0.00045  +0.00024  +0.00003 
 +0.00000  +0.00003  +0.00021  +0.00041  +0.00005 
 +0.00001  +0.00003  +0.00008  +0.00031  +0.00041 
 
 --- ip = 19, (ap)^2 = 1.83248  =>  p^2 = 5.83869 Gev^2---
 
 Z = 

 +0.97250  -0.00064  -0.00031  +0.00039  +0.00001 
 -0.00051  +1.05230  +0.30750  -0.00162  -0.00010 
 -0.00000  +0.05672  +0.91548  +0.00463  -0.00010 
 +0.00002  -0.00011  +0.00424  +0.96222  -0.03119 
 +0.00004  -0.00039  +0.00134  -0.31782  +1.23335 
 
 +/- 

 +0.00008  +0.00002  +0.00002  +0.00002  +0.00001 
 +0.00001  +0.00007  +0.00025  +0.00007  +0.00003 
 +0.00001  +0.00009  +0.00043  +0.00021  +0.00002 
 +0.00000  +0.00003  +0.00018  +0.00038  +0.00005 
 +0.00001  +0.00003  +0.00007  +0.00029  +0.00039 
 
 --- ip = 20, (ap)^2 = 1.92766  =>  p^2 = 6.14195 Gev^2---
 
 Z = 

 +0.97047  -0.00057  -0.00027  +0.00034  +0.00001 
 -0.00045  +1.05181  +0.30355  -0.00145  -0.00009 
 -0.00000  +0.05712  +0.92480  +0.00416  -0.00009 
 +0.00002  -0.00010  +0.00376  +0.97012  -0.03220 
 +0.00004  -0.00036  +0.00118  -0.31239  +1.22446 
 
 +/- 

 +0.00007  +0.00002  +0.00002  +0.00001  +0.00001 
 +0.00001  +0.00007  +0.00023  +0.00006  +0.00002 
 +0.00001  +0.00008  +0.00041  +0.00018  +0.00002 
 +0.00000  +0.00002  +0.00015  +0.00035  +0.00004 
 +0.00000  +0.00003  +0.00006  +0.00027  +0.00037 
 
 --- ip = 21, (ap)^2 = 2.02524  =>  p^2 = 6.45289 Gev^2---
 
 Z = 

 +0.96855  -0.00052  -0.00023  +0.00030  +0.00001 
 -0.00040  +1.05138  +0.29995  -0.00129  -0.00008 
 -0.00000  +0.05754  +0.93373  +0.00373  -0.00009 
 +0.00002  -0.00009  +0.00333  +0.97777  -0.03320 
 +0.00003  -0.00033  +0.00103  -0.30742  +1.21617 
 
 +/- 

 +0.00007  +0.00002  +0.00002  +0.00001  +0.00001 
 +0.00001  +0.00007  +0.00022  +0.00005  +0.00002 
 +0.00001  +0.00008  +0.00038  +0.00015  +0.00002 
 +0.00000  +0.00002  +0.00013  +0.00033  +0.00004 
 +0.00000  +0.00002  +0.00005  +0.00025  +0.00035 
 
 --- ip = 22, (ap)^2 = 2.12524  =>  p^2 = 6.7715 Gev^2---
 
 Z = 

 +0.96672  -0.00047  -0.00020  +0.00026  +0.00001 
 -0.00036  +1.05100  +0.29670  -0.00114  -0.00008 
 +0.00000  +0.05800  +0.94227  +0.00333  -0.00008 
 +0.00001  -0.00009  +0.00294  +0.98520  -0.03421 
 +0.00003  -0.00030  +0.00089  -0.30289  +1.20842 
 
 +/- 

 +0.00007  +0.00001  +0.00001  +0.00001  +0.00000 
 +0.00001  +0.00006  +0.00021  +0.00004  +0.00002 
 +0.00001  +0.00007  +0.00036  +0.00014  +0.00001 
 +0.00000  +0.00002  +0.00012  +0.00031  +0.00004 
 +0.00000  +0.00002  +0.00005  +0.00024  +0.00033 
 
 --- ip = 23, (ap)^2 = 2.22765  =>  p^2 = 7.09779 Gev^2---
 
 Z = 

 +0.96496  -0.00042  -0.00018  +0.00023  +0.00002 
 -0.00032  +1.05070  +0.29379  -0.00100  -0.00007 
 +0.00000  +0.05848  +0.95046  +0.00297  -0.00007 
 +0.00001  -0.00008  +0.00261  +0.99240  -0.03521 
 +0.00003  -0.00027  +0.00078  -0.29877  +1.20115 
 
 +/- 

 +0.00006  +0.00001  +0.00001  +0.00001  +0.00000 
 +0.00001  +0.00006  +0.00020  +0.00004  +0.00002 
 +0.00000  +0.00007  +0.00034  +0.00012  +0.00001 
 +0.00000  +0.00002  +0.00011  +0.00030  +0.00003 
 +0.00000  +0.00002  +0.00005  +0.00023  +0.00031 
 
 --- ip = 24, (ap)^2 = 2.33247  =>  p^2 = 7.43176 Gev^2---
 
 Z = 

 +0.96327  -0.00038  -0.00015  +0.00020  +0.00002 
 -0.00029  +1.05045  +0.29121  -0.00087  -0.00007 
 +0.00000  +0.05900  +0.95831  +0.00264  -0.00006 
 +0.00001  -0.00008  +0.00232  +0.99940  -0.03623 
 +0.00003  -0.00024  +0.00068  -0.29506  +1.19433 
 
 +/- 

 +0.00006  +0.00001  +0.00001  +0.00001  +0.00000 
 +0.00001  +0.00005  +0.00020  +0.00004  +0.00001 
 +0.00000  +0.00006  +0.00033  +0.00011  +0.00001 
 +0.00000  +0.00001  +0.00010  +0.00029  +0.00003 
 +0.00000  +0.00002  +0.00004  +0.00022  +0.00029 
 
 --- ip = 25, (ap)^2 = 2.43969  =>  p^2 = 7.7734 Gev^2---
 
 Z = 

 +0.96164  -0.00035  -0.00013  +0.00018  +0.00002 
 -0.00026  +1.05027  +0.28897  -0.00077  -0.00007 
 -0.00000  +0.05956  +0.96588  +0.00235  -0.00004 
 +0.00001  -0.00008  +0.00205  +1.00620  -0.03725 
 +0.00002  -0.00021  +0.00061  -0.29172  +1.18791 
 
 +/- 

 +0.00006  +0.00001  +0.00001  +0.00001  +0.00000 
 +0.00001  +0.00005  +0.00020  +0.00004  +0.00001 
 +0.00000  +0.00006  +0.00032  +0.00010  +0.00001 
 +0.00000  +0.00001  +0.00009  +0.00028  +0.00003 
 +0.00000  +0.00001  +0.00005  +0.00022  +0.00027 
 
 --- ip = 26, (ap)^2 = 2.54933  =>  p^2 = 8.12273 Gev^2---
 
 Z = 

 +0.96007  -0.00032  -0.00011  +0.00016  +0.00002 
 -0.00024  +1.05014  +0.28698  -0.00067  -0.00007 
 -0.00000  +0.06015  +0.97321  +0.00210  -0.00003 
 +0.00001  -0.00007  +0.00183  +1.01287  -0.03827 
 +0.00002  -0.00019  +0.00053  -0.28873  +1.18194 
 
 +/- 

 +0.00006  +0.00001  +0.00001  +0.00001  +0.00000 
 +0.00001  +0.00005  +0.00020  +0.00004  +0.00001 
 +0.00000  +0.00006  +0.00031  +0.00009  +0.00001 
 +0.00000  +0.00001  +0.00008  +0.00027  +0.00003 
 +0.00000  +0.00001  +0.00004  +0.00022  +0.00025 
 
 --- ip = 27, (ap)^2 = 2.66137  =>  p^2 = 8.47973 Gev^2---
 
 Z = 

 +0.95856  -0.00029  -0.00009  +0.00014  +0.00002 
 -0.00022  +1.05005  +0.28524  -0.00060  -0.00007 
 +0.00000  +0.06077  +0.98035  +0.00188  -0.00002 
 +0.00001  -0.00007  +0.00164  +1.01943  -0.03930 
 +0.00002  -0.00018  +0.00048  -0.28605  +1.17636 
 
 +/- 

 +0.00006  +0.00001  +0.00001  +0.00001  +0.00000 
 +0.00001  +0.00005  +0.00020  +0.00004  +0.00001 
 +0.00000  +0.00006  +0.00030  +0.00008  +0.00001 
 +0.00000  +0.00001  +0.00006  +0.00026  +0.00003 
 +0.00000  +0.00001  +0.00004  +0.00022  +0.00024 
 
 --- ip = 28, (ap)^2 = 2.77583  =>  p^2 = 8.84441 Gev^2---
 
 Z = 

 +0.95711  -0.00027  -0.00007  +0.00013  +0.00002 
 -0.00020  +1.05000  +0.28373  -0.00053  -0.00006 
 +0.00000  +0.06144  +0.98733  +0.00167  -0.00002 
 +0.00001  -0.00006  +0.00147  +1.02589  -0.04034 
 +0.00001  -0.00016  +0.00044  -0.28368  +1.17115 
 
 +/- 

 +0.00006  +0.00001  +0.00001  +0.00000  +0.00000 
 +0.00000  +0.00005  +0.00019  +0.00004  +0.00001 
 +0.00000  +0.00006  +0.00028  +0.00007  +0.00001 
 +0.00000  +0.00001  +0.00006  +0.00025  +0.00003 
 +0.00000  +0.00001  +0.00003  +0.00021  +0.00023 
 
 --- ip = 29, (ap)^2 = 2.89269  =>  p^2 = 9.21676 Gev^2---
 
 Z = 

 +0.95572  -0.00024  -0.00006  +0.00012  +0.00002 
 -0.00019  +1.04998  +0.28245  -0.00047  -0.00005 
 +0.00000  +0.06215  +0.99418  +0.00149  -0.00002 
 +0.00001  -0.00006  +0.00132  +1.03229  -0.04138 
 +0.00001  -0.00015  +0.00040  -0.28160  +1.16629 
 
 +/- 

 +0.00005  +0.00001  +0.00001  +0.00000  +0.00000 
 +0.00000  +0.00005  +0.00019  +0.00004  +0.00001 
 +0.00000  +0.00006  +0.00027  +0.00006  +0.00001 
 +0.00000  +0.00001  +0.00005  +0.00024  +0.00003 
 +0.00000  +0.00001  +0.00003  +0.00020  +0.00022 
 
 --- ip = 30, (ap)^2 = 3.01196  =>  p^2 = 9.5968 Gev^2---
 
 Z = 

 +0.95437  -0.00022  -0.00005  +0.00010  +0.00001 
 -0.00017  +1.05001  +0.28139  -0.00041  -0.00005 
 +0.00000  +0.06289  +1.00091  +0.00131  -0.00001 
 +0.00001  -0.00006  +0.00119  +1.03862  -0.04244 
 +0.00001  -0.00013  +0.00036  -0.27979  +1.16175 
 
 +/- 

 +0.00005  +0.00001  +0.00001  +0.00000  +0.00000 
 +0.00000  +0.00005  +0.00018  +0.00003  +0.00001 
 +0.00000  +0.00006  +0.00025  +0.00006  +0.00001 
 +0.00000  +0.00001  +0.00004  +0.00023  +0.00003 
 +0.00000  +0.00001  +0.00003  +0.00020  +0.00021 
 
 --- ip = 31, (ap)^2 = 3.13365  =>  p^2 = 9.98451 Gev^2---
 
 Z = 

 +0.95307  -0.00020  -0.00004  +0.00009  +0.00001 
 -0.00016  +1.05007  +0.28054  -0.00036  -0.00004 
 +0.00001  +0.06367  +1.00755  +0.00116  -0.00001 
 +0.00001  -0.00005  +0.00106  +1.04491  -0.04351 
 +0.00001  -0.00012  +0.00032  -0.27823  +1.15752 
 
 +/- 

 +0.00005  +0.00001  +0.00001  +0.00000  +0.00000 
 +0.00000  +0.00005  +0.00018  +0.00003  +0.00001 
 +0.00000  +0.00006  +0.00024  +0.00006  +0.00001 
 +0.00000  +0.00001  +0.00004  +0.00022  +0.00004 
 +0.00000  +0.00001  +0.00003  +0.00019  +0.00020 
 
 -------- am = 0.005 ------------ 

 
 --- ip = 1, (ap)^2 = 0.53131  =>  p^2 = 1.69287 Gev^2---
 
 Z = 

 +1.04684  -0.00621  -0.00674  +0.00601  +0.00063 
 -0.00566  +1.07996  +0.46832  -0.02540  -0.00399 
 -0.00062  +0.05618  +0.62546  +0.07725  -0.00124 
 +0.00057  +0.00175  +0.05202  +0.73030  -0.01016 
 +0.00011  -0.00472  +0.01332  -0.56763  +1.60496 
 
 +/- 

 +0.00051  +0.00033  +0.00047  +0.00035  +0.00023 
 +0.00021  +0.00052  +0.00078  +0.00086  +0.00086 
 +0.00025  +0.00074  +0.00188  +0.00310  +0.00078 
 +0.00023  +0.00050  +0.00126  +0.00163  +0.00056 
 +0.00014  +0.00039  +0.00084  +0.00115  +0.00181 
 
 --- ip = 2, (ap)^2 = 0.583116  =>  p^2 = 1.85794 Gev^2---
 
 Z = 

 +1.03933  -0.00517  -0.00547  +0.00488  +0.00050 
 -0.00468  +1.07728  +0.45371  -0.02160  -0.00325 
 -0.00035  +0.05628  +0.65156  +0.06494  -0.00144 
 +0.00062  +0.00136  +0.04419  +0.75075  -0.01145 
 +0.00012  -0.00421  +0.01140  -0.54033  +1.56430 
 
 +/- 

 +0.00046  +0.00029  +0.00041  +0.00026  +0.00023 
 +0.00018  +0.00042  +0.00068  +0.00078  +0.00069 
 +0.00021  +0.00064  +0.00178  +0.00262  +0.00063 
 +0.00021  +0.00044  +0.00114  +0.00150  +0.00044 
 +0.00010  +0.00036  +0.00072  +0.00099  +0.00149 
 
 --- ip = 3, (ap)^2 = 0.637332  =>  p^2 = 2.03068 Gev^2---
 
 Z = 

 +1.03256  -0.00426  -0.00441  +0.00408  +0.00034 
 -0.00378  +1.07442  +0.43968  -0.01822  -0.00272 
 -0.00020  +0.05645  +0.67622  +0.05470  -0.00156 
 +0.00054  +0.00102  +0.03764  +0.76968  -0.01271 
 +0.00013  -0.00373  +0.00978  -0.51574  +1.52769 
 
 +/- 

 +0.00040  +0.00024  +0.00036  +0.00021  +0.00022 
 +0.00014  +0.00032  +0.00063  +0.00075  +0.00055 
 +0.00017  +0.00056  +0.00172  +0.00228  +0.00052 
 +0.00017  +0.00038  +0.00102  +0.00145  +0.00038 
 +0.00008  +0.00032  +0.00060  +0.00087  +0.00129 
 
 --- ip = 4, (ap)^2 = 0.693957  =>  p^2 = 2.2111 Gev^2---
 
 Z = 

 +1.02633  -0.00348  -0.00358  +0.00340  +0.00023 
 -0.00301  +1.07172  +0.42639  -0.01522  -0.00233 
 -0.00010  +0.05637  +0.69911  +0.04600  -0.00146 
 +0.00041  +0.00081  +0.03230  +0.78730  -0.01409 
 +0.00009  -0.00320  +0.00855  -0.49359  +1.49467 
 
 +/- 

 +0.00033  +0.00019  +0.00030  +0.00020  +0.00018 
 +0.00012  +0.00028  +0.00059  +0.00069  +0.00045 
 +0.00013  +0.00046  +0.00159  +0.00199  +0.00045 
 +0.00013  +0.00031  +0.00088  +0.00138  +0.00034 
 +0.00008  +0.00029  +0.00057  +0.00078  +0.00110 
 
 --- ip = 5, (ap)^2 = 0.752991  =>  p^2 = 2.3992 Gev^2---
 
 Z = 

 +1.02051  -0.00285  -0.00298  +0.00279  +0.00015 
 -0.00241  +1.06942  +0.41394  -0.01266  -0.00196 
 -0.00001  +0.05599  +0.72046  +0.03851  -0.00118 
 +0.00031  +0.00069  +0.02780  +0.80408  -0.01557 
 +0.00005  -0.00262  +0.00761  -0.47349  +1.46478 
 
 +/- 

 +0.00026  +0.00016  +0.00025  +0.00019  +0.00014 
 +0.00010  +0.00026  +0.00051  +0.00056  +0.00033 
 +0.00011  +0.00037  +0.00140  +0.00166  +0.00033 
 +0.00009  +0.00023  +0.00069  +0.00125  +0.00030 
 +0.00008  +0.00026  +0.00055  +0.00069  +0.00091 
 
 --- ip = 6, (ap)^2 = 0.814435  =>  p^2 = 2.59497 Gev^2---
 
 Z = 

 +1.01509  -0.00238  -0.00251  +0.00228  +0.00006 
 -0.00197  +1.06745  +0.40230  -0.01062  -0.00164 
 +0.00003  +0.05550  +0.74046  +0.03254  -0.00086 
 +0.00025  +0.00051  +0.02388  +0.81999  -0.01699 
 +0.00004  -0.00218  +0.00662  -0.45506  +1.43754 
 
 +/- 

 +0.00022  +0.00014  +0.00021  +0.00017  +0.00010 
 +0.00009  +0.00023  +0.00042  +0.00046  +0.00022 
 +0.00010  +0.00030  +0.00119  +0.00144  +0.00023 
 +0.00006  +0.00019  +0.00058  +0.00109  +0.00025 
 +0.00006  +0.00021  +0.00046  +0.00060  +0.00075 
 
 --- ip = 7, (ap)^2 = 0.878289  =>  p^2 = 2.79843 Gev^2---
 
 Z = 

 +1.01009  -0.00201  -0.00208  +0.00188  +0.00000 
 -0.00167  +1.06559  +0.39137  -0.00898  -0.00138 
 -0.00000  +0.05518  +0.75921  +0.02775  -0.00067 
 +0.00019  +0.00031  +0.02037  +0.83491  -0.01831 
 +0.00002  -0.00188  +0.00549  -0.43814  +1.41268 
 
 +/- 

 +0.00019  +0.00011  +0.00018  +0.00013  +0.00007 
 +0.00008  +0.00018  +0.00035  +0.00044  +0.00017 
 +0.00009  +0.00023  +0.00098  +0.00125  +0.00019 
 +0.00005  +0.00015  +0.00058  +0.00090  +0.00020 
 +0.00005  +0.00015  +0.00037  +0.00052  +0.00068 
 
 --- ip = 8, (ap)^2 = 0.944552  =>  p^2 = 3.00956 Gev^2---
 
 Z = 

 +1.00546  -0.00169  -0.00166  +0.00156  -0.00003 
 -0.00145  +1.06383  +0.38116  -0.00760  -0.00110 
 -0.00003  +0.05504  +0.77668  +0.02357  -0.00060 
 +0.00014  +0.00015  +0.01727  +0.84889  -0.01957 
 -0.00000  -0.00163  +0.00449  -0.42265  +1.38997 
 
 +/- 

 +0.00017  +0.00008  +0.00015  +0.00009  +0.00005 
 +0.00007  +0.00014  +0.00032  +0.00040  +0.00014 
 +0.00008  +0.00019  +0.00080  +0.00107  +0.00016 
 +0.00004  +0.00012  +0.00058  +0.00076  +0.00015 
 +0.00005  +0.00011  +0.00032  +0.00046  +0.00064 
 
 --- ip = 9, (ap)^2 = 1.01322  =>  p^2 = 3.22836 Gev^2---
 
 Z = 

 +1.00121  -0.00144  -0.00130  +0.00132  -0.00007 
 -0.00128  +1.06227  +0.37168  -0.00634  -0.00082 
 -0.00003  +0.05496  +0.79293  +0.01981  -0.00057 
 +0.00010  +0.00004  +0.01461  +0.86195  -0.02077 
 -0.00002  -0.00143  +0.00375  -0.40844  +1.36916 
 
 +/- 

 +0.00015  +0.00006  +0.00012  +0.00007  +0.00003 
 +0.00006  +0.00011  +0.00030  +0.00035  +0.00012 
 +0.00007  +0.00017  +0.00068  +0.00096  +0.00013 
 +0.00004  +0.00010  +0.00055  +0.00067  +0.00012 
 +0.00004  +0.00009  +0.00028  +0.00041  +0.00061 
 
 --- ip = 10, (ap)^2 = 1.08431  =>  p^2 = 3.45485 Gev^2---
 
 Z = 

 +0.99733  -0.00123  -0.00102  +0.00111  -0.00009 
 -0.00111  +1.06086  +0.36290  -0.00523  -0.00060 
 -0.00003  +0.05492  +0.80816  +0.01652  -0.00053 
 +0.00007  -0.00004  +0.01235  +0.87413  -0.02188 
 -0.00003  -0.00126  +0.00324  -0.39543  +1.35008 
 
 +/- 

 +0.00013  +0.00005  +0.00010  +0.00006  +0.00003 
 +0.00005  +0.00010  +0.00028  +0.00033  +0.00012 
 +0.00005  +0.00014  +0.00060  +0.00088  +0.00011 
 +0.00003  +0.00010  +0.00049  +0.00062  +0.00010 
 +0.00003  +0.00008  +0.00025  +0.00037  +0.00055 
 
 --- ip = 11, (ap)^2 = 1.1578  =>  p^2 = 3.68901 Gev^2---
 
 Z = 

 +0.99375  -0.00106  -0.00081  +0.00092  -0.00008 
 -0.00095  +1.05954  +0.35474  -0.00437  -0.00042 
 -0.00001  +0.05492  +0.82259  +0.01379  -0.00047 
 +0.00004  -0.00008  +0.01044  +0.88565  -0.02294 
 -0.00003  -0.00110  +0.00284  -0.38351  +1.33258 
 
 +/- 

 +0.00011  +0.00005  +0.00009  +0.00005  +0.00003 
 +0.00004  +0.00009  +0.00026  +0.00031  +0.00012 
 +0.00004  +0.00013  +0.00058  +0.00081  +0.00011 
 +0.00003  +0.00009  +0.00042  +0.00058  +0.00010 
 +0.00003  +0.00007  +0.00024  +0.00033  +0.00048 
 
 --- ip = 12, (ap)^2 = 1.2337  =>  p^2 = 3.93085 Gev^2---
 
 Z = 

 +0.99043  -0.00091  -0.00062  +0.00075  -0.00005 
 -0.00081  +1.05829  +0.34716  -0.00371  -0.00032 
 -0.00000  +0.05500  +0.83630  +0.01160  -0.00041 
 +0.00002  -0.00010  +0.00881  +0.89668  -0.02398 
 -0.00001  -0.00094  +0.00248  -0.37258  +1.31651 
 
 +/- 

 +0.00009  +0.00004  +0.00008  +0.00005  +0.00002 
 +0.00003  +0.00008  +0.00024  +0.00029  +0.00011 
 +0.00003  +0.00013  +0.00055  +0.00071  +0.00010 
 +0.00002  +0.00009  +0.00034  +0.00052  +0.00009 
 +0.00002  +0.00006  +0.00022  +0.00030  +0.00041 
 
 --- ip = 13, (ap)^2 = 1.31201  =>  p^2 = 4.18036 Gev^2---
 
 Z = 

 +0.98734  -0.00079  -0.00048  +0.00062  -0.00003 
 -0.00070  +1.05714  +0.34011  -0.00313  -0.00029 
 -0.00000  +0.05515  +0.84937  +0.00983  -0.00033 
 +0.00001  -0.00013  +0.00746  +0.90729  -0.02501 
 +0.00000  -0.00081  +0.00214  -0.36253  +1.30173 
 
 +/- 

 +0.00007  +0.00004  +0.00007  +0.00004  +0.00002 
 +0.00003  +0.00007  +0.00022  +0.00026  +0.00010 
 +0.00003  +0.00011  +0.00051  +0.00060  +0.00009 
 +0.00002  +0.00007  +0.00028  +0.00047  +0.00008 
 +0.00001  +0.00005  +0.00018  +0.00028  +0.00037 
 
 --- ip = 14, (ap)^2 = 1.39273  =>  p^2 = 4.43756 Gev^2---
 
 Z = 

 +0.98446  -0.00072  -0.00038  +0.00053  -0.00002 
 -0.00061  +1.05612  +0.33358  -0.00267  -0.00029 
 +0.00000  +0.05533  +0.86178  +0.00849  -0.00026 
 +0.00000  -0.00014  +0.00641  +0.91742  -0.02604 
 +0.00001  -0.00072  +0.00184  -0.35334  +1.28806 
 
 +/- 

 +0.00006  +0.00004  +0.00006  +0.00004  +0.00002 
 +0.00003  +0.00006  +0.00021  +0.00024  +0.00009 
 +0.00002  +0.00010  +0.00045  +0.00054  +0.00008 
 +0.00001  +0.00007  +0.00025  +0.00042  +0.00008 
 +0.00001  +0.00004  +0.00015  +0.00026  +0.00034 
 
 --- ip = 15, (ap)^2 = 1.47586  =>  p^2 = 4.70243 Gev^2---
 
 Z = 

 +0.98176  -0.00068  -0.00033  +0.00046  -0.00002 
 -0.00054  +1.05523  +0.32756  -0.00234  -0.00028 
 +0.00002  +0.05553  +0.87351  +0.00752  -0.00021 
 +0.00001  -0.00015  +0.00563  +0.92707  -0.02708 
 +0.00002  -0.00065  +0.00161  -0.34495  +1.27539 
 
 +/- 

 +0.00006  +0.00003  +0.00005  +0.00003  +0.00002 
 +0.00002  +0.00006  +0.00020  +0.00022  +0.00008 
 +0.00002  +0.00009  +0.00040  +0.00050  +0.00007 
 +0.00001  +0.00006  +0.00024  +0.00038  +0.00007 
 +0.00001  +0.00004  +0.00013  +0.00025  +0.00031 
 
 --- ip = 16, (ap)^2 = 1.5614  =>  p^2 = 4.97498 Gev^2---
 
 Z = 

 +0.97922  -0.00062  -0.00028  +0.00039  -0.00001 
 -0.00048  +1.05443  +0.32197  -0.00205  -0.00027 
 +0.00003  +0.05577  +0.88467  +0.00669  -0.00018 
 +0.00002  -0.00013  +0.00503  +0.93631  -0.02811 
 +0.00002  -0.00059  +0.00143  -0.33725  +1.26361 
 
 +/- 

 +0.00006  +0.00003  +0.00004  +0.00003  +0.00002 
 +0.00002  +0.00006  +0.00019  +0.00018  +0.00006 
 +0.00002  +0.00009  +0.00035  +0.00045  +0.00006 
 +0.00001  +0.00005  +0.00022  +0.00035  +0.00006 
 +0.00001  +0.00004  +0.00011  +0.00023  +0.00028 
 
 --- ip = 17, (ap)^2 = 1.64935  =>  p^2 = 5.25521 Gev^2---
 
 Z = 

 +0.97683  -0.00055  -0.00022  +0.00033  -0.00001 
 -0.00043  +1.05371  +0.31678  -0.00171  -0.00026 
 +0.00003  +0.05604  +0.89535  +0.00583  -0.00016 
 +0.00002  -0.00011  +0.00450  +0.94520  -0.02915 
 +0.00002  -0.00054  +0.00127  -0.33014  +1.25263 
 
 +/- 

 +0.00005  +0.00003  +0.00004  +0.00002  +0.00001 
 +0.00002  +0.00006  +0.00017  +0.00013  +0.00005 
 +0.00001  +0.00008  +0.00031  +0.00038  +0.00005 
 +0.00001  +0.00005  +0.00019  +0.00031  +0.00006 
 +0.00001  +0.00003  +0.00010  +0.00022  +0.00024 
 
 --- ip = 18, (ap)^2 = 1.73971  =>  p^2 = 5.54311 Gev^2---
 
 Z = 

 +0.97458  -0.00048  -0.00017  +0.00028  -0.00000 
 -0.00038  +1.05306  +0.31200  -0.00138  -0.00024 
 +0.00003  +0.05636  +0.90555  +0.00498  -0.00013 
 +0.00001  -0.00010  +0.00399  +0.95370  -0.03017 
 +0.00002  -0.00048  +0.00111  -0.32362  +1.24238 
 
 +/- 

 +0.00005  +0.00003  +0.00004  +0.00002  +0.00001 
 +0.00002  +0.00005  +0.00016  +0.00011  +0.00005 
 +0.00001  +0.00007  +0.00029  +0.00034  +0.00004 
 +0.00001  +0.00004  +0.00017  +0.00027  +0.00005 
 +0.00001  +0.00003  +0.00009  +0.00020  +0.00021 
 
 --- ip = 19, (ap)^2 = 1.83248  =>  p^2 = 5.83869 Gev^2---
 
 Z = 

 +0.97244  -0.00041  -0.00013  +0.00025  +0.00000 
 -0.00033  +1.05249  +0.30761  -0.00114  -0.00022 
 +0.00001  +0.05672  +0.91529  +0.00425  -0.00012 
 +0.00001  -0.00010  +0.00351  +0.96181  -0.03118 
 +0.00001  -0.00042  +0.00097  -0.31766  +1.23282 
 
 +/- 

 +0.00005  +0.00002  +0.00003  +0.00001  +0.00001 
 +0.00002  +0.00005  +0.00015  +0.00010  +0.00005 
 +0.00001  +0.00007  +0.00029  +0.00030  +0.00003 
 +0.00000  +0.00003  +0.00014  +0.00026  +0.00005 
 +0.00001  +0.00002  +0.00008  +0.00020  +0.00019 
 
 --- ip = 20, (ap)^2 = 1.92766  =>  p^2 = 6.14195 Gev^2---
 
 Z = 

 +0.97041  -0.00035  -0.00011  +0.00021  -0.00000 
 -0.00028  +1.05197  +0.30359  -0.00097  -0.00019 
 +0.00000  +0.05711  +0.92460  +0.00367  -0.00011 
 +0.00001  -0.00010  +0.00308  +0.96963  -0.03219 
 +0.00001  -0.00038  +0.00086  -0.31219  +1.22388 
 
 +/- 

 +0.00005  +0.00002  +0.00003  +0.00001  +0.00001 
 +0.00001  +0.00005  +0.00016  +0.00009  +0.00004 
 +0.00001  +0.00007  +0.00030  +0.00028  +0.00003 
 +0.00000  +0.00003  +0.00013  +0.00026  +0.00005 
 +0.00001  +0.00002  +0.00008  +0.00019  +0.00018 
 
 --- ip = 21, (ap)^2 = 2.02524  =>  p^2 = 6.45289 Gev^2---
 
 Z = 

 +0.96849  -0.00031  -0.00009  +0.00018  -0.00000 
 -0.00024  +1.05152  +0.29994  -0.00085  -0.00017 
 -0.00000  +0.05753  +0.93348  +0.00319  -0.00009 
 +0.00001  -0.00010  +0.00271  +0.97723  -0.03320 
 +0.00001  -0.00033  +0.00077  -0.30716  +1.21553 
 
 +/- 

 +0.00005  +0.00002  +0.00003  +0.00001  +0.00001 
 +0.00001  +0.00005  +0.00016  +0.00008  +0.00004 
 +0.00001  +0.00006  +0.00029  +0.00026  +0.00003 
 +0.00000  +0.00002  +0.00012  +0.00026  +0.00004 
 +0.00000  +0.00002  +0.00008  +0.00019  +0.00017 
 
 --- ip = 22, (ap)^2 = 2.12524  =>  p^2 = 6.7715 Gev^2---
 
 Z = 

 +0.96665  -0.00027  -0.00008  +0.00015  -0.00000 
 -0.00021  +1.05113  +0.29664  -0.00075  -0.00015 
 -0.00001  +0.05797  +0.94196  +0.00281  -0.00007 
 +0.00000  -0.00009  +0.00241  +0.98466  -0.03420 
 +0.00001  -0.00029  +0.00069  -0.30257  +1.20773 
 
 +/- 

 +0.00005  +0.00002  +0.00002  +0.00001  +0.00001 
 +0.00001  +0.00005  +0.00016  +0.00007  +0.00003 
 +0.00001  +0.00006  +0.00027  +0.00024  +0.00003 
 +0.00000  +0.00002  +0.00011  +0.00025  +0.00004 
 +0.00000  +0.00002  +0.00008  +0.00018  +0.00017 
 
 --- ip = 23, (ap)^2 = 2.22765  =>  p^2 = 7.09779 Gev^2---
 
 Z = 

 +0.96488  -0.00025  -0.00007  +0.00013  -0.00000 
 -0.00019  +1.05080  +0.29369  -0.00067  -0.00014 
 -0.00000  +0.05844  +0.95009  +0.00251  -0.00006 
 +0.00000  -0.00009  +0.00218  +0.99190  -0.03520 
 +0.00001  -0.00026  +0.00062  -0.29841  +1.20045 
 
 +/- 

 +0.00005  +0.00001  +0.00002  +0.00001  +0.00001 
 +0.00001  +0.00005  +0.00016  +0.00007  +0.00002 
 +0.00001  +0.00006  +0.00025  +0.00021  +0.00002 
 +0.00000  +0.00002  +0.00010  +0.00023  +0.00004 
 +0.00000  +0.00002  +0.00007  +0.00018  +0.00016 
 
 --- ip = 24, (ap)^2 = 2.33247  =>  p^2 = 7.43176 Gev^2---
 
 Z = 

 +0.96319  -0.00022  -0.00005  +0.00012  -0.00000 
 -0.00017  +1.05053  +0.29109  -0.00060  -0.00012 
 -0.00000  +0.05895  +0.95792  +0.00229  -0.00005 
 +0.00000  -0.00009  +0.00198  +0.99894  -0.03620 
 +0.00001  -0.00024  +0.00057  -0.29467  +1.19366 
 
 +/- 

 +0.00004  +0.00001  +0.00002  +0.00001  +0.00001 
 +0.00001  +0.00005  +0.00016  +0.00006  +0.00002 
 +0.00001  +0.00006  +0.00023  +0.00018  +0.00002 
 +0.00000  +0.00002  +0.00008  +0.00022  +0.00004 
 +0.00000  +0.00001  +0.00005  +0.00017  +0.00015 
 
 --- ip = 25, (ap)^2 = 2.43969  =>  p^2 = 7.7734 Gev^2---
 
 Z = 

 +0.96157  -0.00020  -0.00003  +0.00011  -0.00000 
 -0.00015  +1.05032  +0.28879  -0.00054  -0.00010 
 -0.00000  +0.05950  +0.96552  +0.00206  -0.00005 
 +0.00000  -0.00009  +0.00177  +1.00581  -0.03721 
 +0.00000  -0.00022  +0.00051  -0.29131  +1.18732 
 
 +/- 

 +0.00004  +0.00001  +0.00002  +0.00001  +0.00000 
 +0.00001  +0.00004  +0.00016  +0.00006  +0.00002 
 +0.00001  +0.00006  +0.00021  +0.00015  +0.00002 
 +0.00000  +0.00002  +0.00007  +0.00020  +0.00004 
 +0.00000  +0.00001  +0.00004  +0.00016  +0.00014 
 
 --- ip = 26, (ap)^2 = 2.54933  =>  p^2 = 8.12273 Gev^2---
 
 Z = 

 +0.96001  -0.00018  -0.00002  +0.00010  -0.00000 
 -0.00013  +1.05017  +0.28678  -0.00049  -0.00007 
 -0.00000  +0.06009  +0.97289  +0.00181  -0.00005 
 +0.00000  -0.00009  +0.00155  +1.01252  -0.03823 
 +0.00000  -0.00020  +0.00043  -0.28830  +1.18139 
 
 +/- 

 +0.00004  +0.00001  +0.00002  +0.00001  +0.00000 
 +0.00001  +0.00004  +0.00016  +0.00006  +0.00002 
 +0.00000  +0.00006  +0.00020  +0.00014  +0.00002 
 +0.00000  +0.00002  +0.00006  +0.00018  +0.00004 
 +0.00000  +0.00001  +0.00003  +0.00016  +0.00013 
 
 --- ip = 27, (ap)^2 = 2.66137  =>  p^2 = 8.47973 Gev^2---
 
 Z = 

 +0.95852  -0.00017  -0.00002  +0.00009  +0.00000 
 -0.00012  +1.05007  +0.28504  -0.00044  -0.00005 
 -0.00000  +0.06071  +0.98002  +0.00159  -0.00004 
 +0.00000  -0.00009  +0.00135  +1.01905  -0.03926 
 +0.00000  -0.00018  +0.00035  -0.28564  +1.17585 
 
 +/- 

 +0.00004  +0.00001  +0.00002  +0.00001  +0.00000 
 +0.00001  +0.00004  +0.00015  +0.00006  +0.00002 
 +0.00000  +0.00005  +0.00020  +0.00012  +0.00001 
 +0.00000  +0.00001  +0.00006  +0.00019  +0.00004 
 +0.00000  +0.00001  +0.00003  +0.00015  +0.00013 
 
 --- ip = 28, (ap)^2 = 2.77583  =>  p^2 = 8.84441 Gev^2---
 
 Z = 

 +0.95708  -0.00015  -0.00002  +0.00008  +0.00000 
 -0.00011  +1.05001  +0.28354  -0.00038  -0.00005 
 -0.00000  +0.06136  +0.98697  +0.00140  -0.00004 
 +0.00000  -0.00008  +0.00119  +1.02546  -0.04029 
 +0.00000  -0.00016  +0.00030  -0.28329  +1.17066 
 
 +/- 

 +0.00004  +0.00001  +0.00001  +0.00001  +0.00000 
 +0.00001  +0.00004  +0.00015  +0.00006  +0.00002 
 +0.00000  +0.00005  +0.00020  +0.00011  +0.00001 
 +0.00000  +0.00001  +0.00006  +0.00020  +0.00004 
 +0.00000  +0.00001  +0.00004  +0.00015  +0.00013 
 
 --- ip = 29, (ap)^2 = 2.89269  =>  p^2 = 9.21676 Gev^2---
 
 Z = 

 +0.95569  -0.00014  -0.00002  +0.00007  +0.00001 
 -0.00011  +1.04999  +0.28226  -0.00034  -0.00004 
 +0.00000  +0.06206  +0.99379  +0.00127  -0.00003 
 +0.00000  -0.00007  +0.00107  +1.03180  -0.04133 
 +0.00000  -0.00014  +0.00026  -0.28120  +1.16579 
 
 +/- 

 +0.00004  +0.00001  +0.00001  +0.00001  +0.00000 
 +0.00001  +0.00004  +0.00015  +0.00005  +0.00002 
 +0.00000  +0.00005  +0.00020  +0.00011  +0.00001 
 +0.00000  +0.00001  +0.00006  +0.00019  +0.00004 
 +0.00000  +0.00001  +0.00003  +0.00015  +0.00013 
 
 --- ip = 30, (ap)^2 = 3.01196  =>  p^2 = 9.5968 Gev^2---
 
 Z = 

 +0.95433  -0.00013  -0.00003  +0.00006  +0.00000 
 -0.00010  +1.05000  +0.28120  -0.00031  -0.00004 
 +0.00000  +0.06280  +1.00051  +0.00117  -0.00003 
 +0.00000  -0.00006  +0.00097  +1.03811  -0.04238 
 +0.00000  -0.00012  +0.00024  -0.27937  +1.16124 
 
 +/- 

 +0.00004  +0.00001  +0.00001  +0.00001  +0.00000 
 +0.00000  +0.00004  +0.00015  +0.00005  +0.00002 
 +0.00000  +0.00005  +0.00019  +0.00010  +0.00001 
 +0.00000  +0.00001  +0.00005  +0.00018  +0.00004 
 +0.00000  +0.00001  +0.00003  +0.00015  +0.00013 
 
 --- ip = 31, (ap)^2 = 3.13365  =>  p^2 = 9.98451 Gev^2---
 
 Z = 

 +0.95302  -0.00012  -0.00003  +0.00006  +0.00000 
 -0.00009  +1.05006  +0.28037  -0.00028  -0.00004 
 +0.00000  +0.06357  +1.00711  +0.00107  -0.00003 
 +0.00000  -0.00005  +0.00088  +1.04437  -0.04345 
 +0.00000  -0.00011  +0.00021  -0.27779  +1.15699 
 
 +/- 

 +0.00004  +0.00001  +0.00001  +0.00001  +0.00000 
 +0.00000  +0.00004  +0.00015  +0.00004  +0.00001 
 +0.00000  +0.00005  +0.00018  +0.00010  +0.00001 
 +0.00000  +0.00001  +0.00005  +0.00017  +0.00004 
 +0.00000  +0.00001  +0.00003  +0.00015  +0.00013 