
 
 -------- am = 0.02 ------------ 

 
 --- ip = 1, (ap)^2 = 0.53131  =>  p^2 = 1.69287 Gev^2---
 
 Z = 

 +1.17924  -0.03043  -0.01871  +0.01423  +0.00186 
 -0.02429  +1.30956  +0.56567  -0.04384  -0.00141 
 +0.00200  +0.02430  +0.61125  +0.08922  -0.00149 
 +0.00217  +0.00083  +0.06362  +0.73449  -0.00976 
 +0.00354  -0.00019  +0.02186  -0.56423  +1.60326 
 
 +/- 

 +0.00184  +0.00042  +0.00027  +0.00018  +0.00014 
 +0.00037  +0.00213  +0.00090  +0.00075  +0.00031 
 +0.00012  +0.00019  +0.00150  +0.00152  +0.00019 
 +0.00008  +0.00014  +0.00111  +0.00163  +0.00021 
 +0.00009  +0.00020  +0.00043  +0.00113  +0.00256 
 
 --- ip = 2, (ap)^2 = 0.583116  =>  p^2 = 1.85794 Gev^2---
 
 Z = 

 +1.16691  -0.02481  -0.01516  +0.01173  +0.00144 
 -0.01982  +1.29937  +0.54515  -0.03738  -0.00111 
 +0.00167  +0.02459  +0.63602  +0.07603  -0.00139 
 +0.00169  +0.00066  +0.05503  +0.75381  -0.01123 
 +0.00285  -0.00024  +0.01891  -0.53886  +1.56442 
 
 +/- 

 +0.00159  +0.00035  +0.00023  +0.00016  +0.00011 
 +0.00030  +0.00187  +0.00079  +0.00066  +0.00026 
 +0.00009  +0.00017  +0.00137  +0.00137  +0.00015 
 +0.00006  +0.00012  +0.00100  +0.00145  +0.00018 
 +0.00008  +0.00016  +0.00038  +0.00098  +0.00219 
 
 --- ip = 3, (ap)^2 = 0.637332  =>  p^2 = 2.03068 Gev^2---
 
 Z = 

 +1.15559  -0.02029  -0.01228  +0.00972  +0.00112 
 -0.01623  +1.28976  +0.52579  -0.03182  -0.00088 
 +0.00139  +0.02492  +0.65955  +0.06473  -0.00128 
 +0.00132  +0.00051  +0.04752  +0.77216  -0.01267 
 +0.00232  -0.00028  +0.01634  -0.51562  +1.52919 
 
 +/- 

 +0.00140  +0.00028  +0.00020  +0.00014  +0.00008 
 +0.00024  +0.00166  +0.00070  +0.00060  +0.00022 
 +0.00007  +0.00015  +0.00125  +0.00127  +0.00013 
 +0.00005  +0.00010  +0.00092  +0.00130  +0.00016 
 +0.00007  +0.00013  +0.00034  +0.00084  +0.00187 
 
 --- ip = 4, (ap)^2 = 0.693957  =>  p^2 = 2.2111 Gev^2---
 
 Z = 

 +1.14517  -0.01669  -0.00997  +0.00809  +0.00089 
 -0.01336  +1.28068  +0.50759  -0.02710  -0.00070 
 +0.00116  +0.02529  +0.68187  +0.05521  -0.00116 
 +0.00103  +0.00038  +0.04105  +0.78956  -0.01408 
 +0.00189  -0.00033  +0.01413  -0.49429  +1.49715 
 
 +/- 

 +0.00125  +0.00023  +0.00016  +0.00013  +0.00007 
 +0.00019  +0.00148  +0.00063  +0.00054  +0.00019 
 +0.00005  +0.00013  +0.00116  +0.00116  +0.00012 
 +0.00004  +0.00008  +0.00085  +0.00119  +0.00015 
 +0.00006  +0.00011  +0.00031  +0.00074  +0.00162 
 
 --- ip = 5, (ap)^2 = 0.752991  =>  p^2 = 2.3992 Gev^2---
 
 Z = 

 +1.13556  -0.01382  -0.00811  +0.00676  +0.00072 
 -0.01107  +1.27214  +0.49049  -0.02311  -0.00056 
 +0.00098  +0.02571  +0.70303  +0.04724  -0.00104 
 +0.00082  +0.00028  +0.03554  +0.80605  -0.01546 
 +0.00156  -0.00036  +0.01223  -0.47470  +1.46795 
 
 +/- 

 +0.00113  +0.00018  +0.00013  +0.00011  +0.00006 
 +0.00015  +0.00134  +0.00058  +0.00048  +0.00016 
 +0.00004  +0.00012  +0.00110  +0.00106  +0.00010 
 +0.00003  +0.00006  +0.00079  +0.00112  +0.00014 
 +0.00005  +0.00009  +0.00029  +0.00065  +0.00144 
 
 --- ip = 6, (ap)^2 = 0.814435  =>  p^2 = 2.59497 Gev^2---
 
 Z = 

 +1.12669  -0.01153  -0.00662  +0.00567  +0.00059 
 -0.00923  +1.26410  +0.47448  -0.01974  -0.00047 
 +0.00084  +0.02617  +0.72304  +0.04054  -0.00091 
 +0.00065  +0.00021  +0.03083  +0.82163  -0.01680 
 +0.00130  -0.00038  +0.01060  -0.45669  +1.44127 
 
 +/- 

 +0.00104  +0.00014  +0.00010  +0.00010  +0.00005 
 +0.00012  +0.00122  +0.00053  +0.00044  +0.00013 
 +0.00004  +0.00011  +0.00107  +0.00095  +0.00009 
 +0.00003  +0.00004  +0.00072  +0.00108  +0.00013 
 +0.00004  +0.00008  +0.00027  +0.00058  +0.00130 
 
 --- ip = 7, (ap)^2 = 0.878289  =>  p^2 = 2.79843 Gev^2---
 
 Z = 

 +1.11848  -0.00967  -0.00542  +0.00477  +0.00048 
 -0.00776  +1.25654  +0.45953  -0.01687  -0.00040 
 +0.00072  +0.02666  +0.74193  +0.03485  -0.00078 
 +0.00053  +0.00016  +0.02677  +0.83631  -0.01809 
 +0.00108  -0.00038  +0.00919  -0.44014  +1.41683 
 
 +/- 

 +0.00096  +0.00011  +0.00007  +0.00008  +0.00004 
 +0.00010  +0.00112  +0.00050  +0.00039  +0.00010 
 +0.00003  +0.00010  +0.00105  +0.00083  +0.00007 
 +0.00002  +0.00003  +0.00064  +0.00105  +0.00012 
 +0.00003  +0.00007  +0.00025  +0.00053  +0.00118 
 
 --- ip = 8, (ap)^2 = 0.944552  =>  p^2 = 3.00956 Gev^2---
 
 Z = 

 +1.11086  -0.00817  -0.00446  +0.00403  +0.00039 
 -0.00656  +1.24945  +0.44563  -0.01442  -0.00035 
 +0.00062  +0.02718  +0.75972  +0.02995  -0.00065 
 +0.00043  +0.00011  +0.02324  +0.85013  -0.01933 
 +0.00090  -0.00036  +0.00797  -0.42493  +1.39442 
 
 +/- 

 +0.00089  +0.00009  +0.00006  +0.00007  +0.00003 
 +0.00008  +0.00103  +0.00047  +0.00034  +0.00009 
 +0.00002  +0.00009  +0.00103  +0.00071  +0.00006 
 +0.00002  +0.00003  +0.00056  +0.00102  +0.00010 
 +0.00003  +0.00006  +0.00022  +0.00050  +0.00109 
 
 --- ip = 9, (ap)^2 = 1.01322  =>  p^2 = 3.22836 Gev^2---
 
 Z = 

 +1.10377  -0.00693  -0.00368  +0.00341  +0.00032 
 -0.00556  +1.24280  +0.43272  -0.01233  -0.00031 
 +0.00053  +0.02772  +0.77646  +0.02573  -0.00054 
 +0.00035  +0.00007  +0.02017  +0.86314  -0.02052 
 +0.00076  -0.00034  +0.00691  -0.41094  +1.37382 
 
 +/- 

 +0.00084  +0.00007  +0.00005  +0.00006  +0.00002 
 +0.00007  +0.00097  +0.00045  +0.00030  +0.00008 
 +0.00002  +0.00009  +0.00100  +0.00060  +0.00005 
 +0.00001  +0.00004  +0.00048  +0.00098  +0.00009 
 +0.00002  +0.00005  +0.00019  +0.00048  +0.00101 
 
 --- ip = 10, (ap)^2 = 1.08431  =>  p^2 = 3.45485 Gev^2---
 
 Z = 

 +1.09717  -0.00590  -0.00305  +0.00290  +0.00027 
 -0.00474  +1.23659  +0.42075  -0.01056  -0.00028 
 +0.00046  +0.02828  +0.79224  +0.02214  -0.00045 
 +0.00029  +0.00004  +0.01753  +0.87543  -0.02168 
 +0.00064  -0.00031  +0.00600  -0.39808  +1.35488 
 
 +/- 

 +0.00078  +0.00006  +0.00004  +0.00005  +0.00002 
 +0.00005  +0.00091  +0.00043  +0.00025  +0.00007 
 +0.00001  +0.00009  +0.00097  +0.00051  +0.00004 
 +0.00001  +0.00004  +0.00041  +0.00094  +0.00008 
 +0.00002  +0.00004  +0.00016  +0.00046  +0.00093 
 
 --- ip = 11, (ap)^2 = 1.1578  =>  p^2 = 3.68901 Gev^2---
 
 Z = 

 +1.09103  -0.00505  -0.00254  +0.00247  +0.00024 
 -0.00406  +1.23080  +0.40967  -0.00907  -0.00025 
 +0.00039  +0.02886  +0.80714  +0.01911  -0.00037 
 +0.00024  +0.00001  +0.01528  +0.88708  -0.02280 
 +0.00055  -0.00027  +0.00523  -0.38626  +1.33741 
 
 +/- 

 +0.00073  +0.00005  +0.00004  +0.00004  +0.00001 
 +0.00004  +0.00086  +0.00041  +0.00021  +0.00006 
 +0.00001  +0.00008  +0.00092  +0.00043  +0.00004 
 +0.00001  +0.00004  +0.00036  +0.00089  +0.00008 
 +0.00001  +0.00004  +0.00014  +0.00043  +0.00086 
 
 --- ip = 12, (ap)^2 = 1.2337  =>  p^2 = 3.93085 Gev^2---
 
 Z = 

 +1.08531  -0.00434  -0.00212  +0.00212  +0.00021 
 -0.00349  +1.22543  +0.39941  -0.00783  -0.00022 
 +0.00034  +0.02945  +0.82125  +0.01658  -0.00031 
 +0.00020  +0.00000  +0.01338  +0.89817  -0.02391 
 +0.00047  -0.00024  +0.00458  -0.37537  +1.32128 
 
 +/- 

 +0.00068  +0.00005  +0.00003  +0.00003  +0.00001 
 +0.00004  +0.00081  +0.00039  +0.00018  +0.00005 
 +0.00001  +0.00008  +0.00086  +0.00038  +0.00003 
 +0.00001  +0.00004  +0.00032  +0.00085  +0.00007 
 +0.00001  +0.00003  +0.00012  +0.00041  +0.00080 
 
 --- ip = 13, (ap)^2 = 1.31201  =>  p^2 = 4.18036 Gev^2---
 
 Z = 

 +1.07998  -0.00375  -0.00178  +0.00182  +0.00018 
 -0.00302  +1.22044  +0.38991  -0.00679  -0.00019 
 +0.00030  +0.03007  +0.83465  +0.01445  -0.00026 
 +0.00017  -0.00001  +0.01177  +0.90875  -0.02499 
 +0.00041  -0.00021  +0.00402  -0.36535  +1.30634 
 
 +/- 

 +0.00063  +0.00004  +0.00003  +0.00003  +0.00001 
 +0.00003  +0.00076  +0.00037  +0.00015  +0.00005 
 +0.00001  +0.00008  +0.00081  +0.00034  +0.00003 
 +0.00001  +0.00003  +0.00029  +0.00081  +0.00007 
 +0.00001  +0.00002  +0.00010  +0.00039  +0.00074 
 
 --- ip = 14, (ap)^2 = 1.39273  =>  p^2 = 4.43756 Gev^2---
 
 Z = 

 +1.07500  -0.00325  -0.00150  +0.00157  +0.00016 
 -0.00261  +1.21583  +0.38113  -0.00590  -0.00017 
 +0.00026  +0.03071  +0.84739  +0.01263  -0.00022 
 +0.00015  -0.00001  +0.01038  +0.91887  -0.02607 
 +0.00035  -0.00019  +0.00354  -0.35612  +1.29250 
 
 +/- 

 +0.00058  +0.00004  +0.00002  +0.00002  +0.00001 
 +0.00003  +0.00072  +0.00036  +0.00013  +0.00004 
 +0.00001  +0.00007  +0.00077  +0.00030  +0.00002 
 +0.00000  +0.00003  +0.00026  +0.00077  +0.00008 
 +0.00001  +0.00002  +0.00009  +0.00037  +0.00069 
 
 --- ip = 15, (ap)^2 = 1.47586  =>  p^2 = 4.70243 Gev^2---
 
 Z = 

 +1.07034  -0.00283  -0.00127  +0.00136  +0.00014 
 -0.00228  +1.21156  +0.37303  -0.00514  -0.00014 
 +0.00023  +0.03136  +0.85949  +0.01107  -0.00019 
 +0.00013  -0.00002  +0.00916  +0.92854  -0.02713 
 +0.00031  -0.00017  +0.00313  -0.34765  +1.27966 
 
 +/- 

 +0.00053  +0.00004  +0.00002  +0.00002  +0.00001 
 +0.00003  +0.00068  +0.00035  +0.00012  +0.00003 
 +0.00001  +0.00007  +0.00073  +0.00028  +0.00002 
 +0.00000  +0.00003  +0.00024  +0.00074  +0.00008 
 +0.00001  +0.00002  +0.00008  +0.00035  +0.00064 
 
 --- ip = 16, (ap)^2 = 1.5614  =>  p^2 = 4.97498 Gev^2---
 
 Z = 

 +1.06597  -0.00248  -0.00108  +0.00118  +0.00013 
 -0.00199  +1.20760  +0.36557  -0.00449  -0.00012 
 +0.00020  +0.03202  +0.87099  +0.00971  -0.00016 
 +0.00011  -0.00002  +0.00810  +0.93778  -0.02818 
 +0.00027  -0.00016  +0.00276  -0.33986  +1.26771 
 
 +/- 

 +0.00049  +0.00003  +0.00002  +0.00002  +0.00001 
 +0.00003  +0.00063  +0.00033  +0.00011  +0.00003 
 +0.00001  +0.00007  +0.00069  +0.00025  +0.00002 
 +0.00000  +0.00002  +0.00022  +0.00071  +0.00008 
 +0.00000  +0.00002  +0.00008  +0.00034  +0.00060 
 
 --- ip = 17, (ap)^2 = 1.64935  =>  p^2 = 5.25521 Gev^2---
 
 Z = 

 +1.06184  -0.00218  -0.00093  +0.00103  +0.00012 
 -0.00175  +1.20393  +0.35872  -0.00393  -0.00010 
 +0.00017  +0.03271  +0.88191  +0.00853  -0.00014 
 +0.00010  -0.00002  +0.00716  +0.94662  -0.02922 
 +0.00024  -0.00014  +0.00244  -0.33272  +1.25659 
 
 +/- 

 +0.00045  +0.00003  +0.00002  +0.00001  +0.00001 
 +0.00003  +0.00059  +0.00032  +0.00010  +0.00003 
 +0.00001  +0.00007  +0.00065  +0.00023  +0.00002 
 +0.00000  +0.00002  +0.00020  +0.00066  +0.00008 
 +0.00000  +0.00002  +0.00007  +0.00033  +0.00056 
 
 --- ip = 18, (ap)^2 = 1.73971  =>  p^2 = 5.54311 Gev^2---
 
 Z = 

 +1.05794  -0.00192  -0.00080  +0.00090  +0.00010 
 -0.00154  +1.20052  +0.35244  -0.00344  -0.00008 
 +0.00015  +0.03340  +0.89231  +0.00750  -0.00013 
 +0.00008  -0.00001  +0.00635  +0.95510  -0.03025 
 +0.00021  -0.00013  +0.00215  -0.32617  +1.24622 
 
 +/- 

 +0.00040  +0.00003  +0.00002  +0.00001  +0.00000 
 +0.00002  +0.00054  +0.00032  +0.00009  +0.00002 
 +0.00001  +0.00007  +0.00061  +0.00021  +0.00001 
 +0.00000  +0.00001  +0.00019  +0.00062  +0.00007 
 +0.00000  +0.00002  +0.00007  +0.00032  +0.00052 
 
 --- ip = 19, (ap)^2 = 1.83248  =>  p^2 = 5.83869 Gev^2---
 
 Z = 

 +1.05425  -0.00170  -0.00070  +0.00079  +0.00010 
 -0.00136  +1.19738  +0.34669  -0.00302  -0.00007 
 +0.00013  +0.03411  +0.90222  +0.00660  -0.00011 
 +0.00007  -0.00001  +0.00562  +0.96325  -0.03127 
 +0.00019  -0.00011  +0.00190  -0.32018  +1.23654 
 
 +/- 

 +0.00037  +0.00003  +0.00002  +0.00001  +0.00000 
 +0.00002  +0.00050  +0.00031  +0.00009  +0.00002 
 +0.00000  +0.00007  +0.00056  +0.00019  +0.00001 
 +0.00000  +0.00001  +0.00017  +0.00058  +0.00007 
 +0.00000  +0.00001  +0.00006  +0.00031  +0.00048 
 
 --- ip = 20, (ap)^2 = 1.92766  =>  p^2 = 6.14195 Gev^2---
 
 Z = 

 +1.05077  -0.00151  -0.00061  +0.00070  +0.00009 
 -0.00121  +1.19449  +0.34145  -0.00265  -0.00005 
 +0.00012  +0.03484  +0.91170  +0.00581  -0.00010 
 +0.00007  -0.00001  +0.00499  +0.97112  -0.03229 
 +0.00017  -0.00010  +0.00168  -0.31470  +1.22751 
 
 +/- 

 +0.00033  +0.00003  +0.00002  +0.00001  +0.00000 
 +0.00002  +0.00047  +0.00031  +0.00008  +0.00002 
 +0.00000  +0.00007  +0.00052  +0.00017  +0.00001 
 +0.00000  +0.00001  +0.00016  +0.00054  +0.00007 
 +0.00000  +0.00001  +0.00006  +0.00031  +0.00044 
 
 --- ip = 21, (ap)^2 = 2.02524  =>  p^2 = 6.45289 Gev^2---
 
 Z = 

 +1.04748  -0.00134  -0.00053  +0.00063  +0.00008 
 -0.00107  +1.19185  +0.33670  -0.00233  -0.00004 
 +0.00010  +0.03558  +0.92079  +0.00512  -0.00009 
 +0.00006  -0.00001  +0.00442  +0.97874  -0.03330 
 +0.00015  -0.00008  +0.00149  -0.30970  +1.21908 
 
 +/- 

 +0.00030  +0.00003  +0.00001  +0.00001  +0.00000 
 +0.00002  +0.00044  +0.00030  +0.00007  +0.00002 
 +0.00000  +0.00007  +0.00048  +0.00016  +0.00001 
 +0.00000  +0.00001  +0.00014  +0.00051  +0.00007 
 +0.00000  +0.00001  +0.00005  +0.00030  +0.00040 
 
 --- ip = 22, (ap)^2 = 2.12524  =>  p^2 = 6.7715 Gev^2---
 
 Z = 

 +1.04437  -0.00120  -0.00046  +0.00056  +0.00007 
 -0.00096  +1.18945  +0.33240  -0.00204  -0.00004 
 +0.00009  +0.03634  +0.92951  +0.00451  -0.00008 
 +0.00005  -0.00001  +0.00392  +0.98614  -0.03432 
 +0.00014  -0.00007  +0.00132  -0.30515  +1.21120 
 
 +/- 

 +0.00027  +0.00002  +0.00001  +0.00001  +0.00000 
 +0.00002  +0.00041  +0.00029  +0.00006  +0.00001 
 +0.00000  +0.00007  +0.00045  +0.00014  +0.00001 
 +0.00000  +0.00001  +0.00013  +0.00048  +0.00007 
 +0.00000  +0.00001  +0.00005  +0.00029  +0.00037 
 
 --- ip = 23, (ap)^2 = 2.22765  =>  p^2 = 7.09779 Gev^2---
 
 Z = 

 +1.04144  -0.00107  -0.00040  +0.00050  +0.00006 
 -0.00086  +1.18728  +0.32852  -0.00180  -0.00003 
 +0.00008  +0.03712  +0.93791  +0.00399  -0.00007 
 +0.00005  -0.00001  +0.00349  +0.99333  -0.03535 
 +0.00012  -0.00006  +0.00117  -0.30102  +1.20382 
 
 +/- 

 +0.00025  +0.00002  +0.00001  +0.00001  +0.00000 
 +0.00001  +0.00039  +0.00029  +0.00005  +0.00001 
 +0.00000  +0.00007  +0.00042  +0.00013  +0.00001 
 +0.00000  +0.00001  +0.00012  +0.00045  +0.00007 
 +0.00000  +0.00001  +0.00004  +0.00028  +0.00035 
 
 --- ip = 24, (ap)^2 = 2.33247  =>  p^2 = 7.43176 Gev^2---
 
 Z = 

 +1.03868  -0.00096  -0.00034  +0.00045  +0.00006 
 -0.00077  +1.18533  +0.32506  -0.00159  -0.00003 
 +0.00007  +0.03791  +0.94602  +0.00352  -0.00006 
 +0.00004  -0.00001  +0.00311  +1.00035  -0.03637 
 +0.00011  -0.00006  +0.00104  -0.29727  +1.19692 
 
 +/- 

 +0.00023  +0.00002  +0.00001  +0.00001  +0.00000 
 +0.00001  +0.00037  +0.00028  +0.00004  +0.00001 
 +0.00000  +0.00007  +0.00040  +0.00011  +0.00001 
 +0.00000  +0.00001  +0.00010  +0.00043  +0.00007 
 +0.00000  +0.00001  +0.00004  +0.00027  +0.00033 
 
 --- ip = 25, (ap)^2 = 2.43969  =>  p^2 = 7.7734 Gev^2---
 
 Z = 

 +1.03608  -0.00086  -0.00030  +0.00041  +0.00005 
 -0.00069  +1.18361  +0.32197  -0.00140  -0.00002 
 +0.00006  +0.03871  +0.95387  +0.00312  -0.00006 
 +0.00004  -0.00002  +0.00277  +1.00722  -0.03741 
 +0.00010  -0.00005  +0.00093  -0.29389  +1.19046 
 
 +/- 

 +0.00021  +0.00001  +0.00001  +0.00000  +0.00000 
 +0.00001  +0.00035  +0.00027  +0.00004  +0.00001 
 +0.00000  +0.00006  +0.00038  +0.00010  +0.00001 
 +0.00000  +0.00001  +0.00009  +0.00041  +0.00006 
 +0.00000  +0.00001  +0.00003  +0.00026  +0.00031 
 
 --- ip = 26, (ap)^2 = 2.54933  =>  p^2 = 8.12273 Gev^2---
 
 Z = 

 +1.03363  -0.00077  -0.00026  +0.00037  +0.00005 
 -0.00062  +1.18210  +0.31926  -0.00125  -0.00002 
 +0.00006  +0.03954  +0.96148  +0.00277  -0.00005 
 +0.00003  -0.00002  +0.00248  +1.01395  -0.03844 
 +0.00009  -0.00004  +0.00083  -0.29086  +1.18442 
 
 +/- 

 +0.00020  +0.00001  +0.00001  +0.00000  +0.00000 
 +0.00001  +0.00034  +0.00026  +0.00003  +0.00001 
 +0.00000  +0.00006  +0.00036  +0.00009  +0.00001 
 +0.00000  +0.00001  +0.00009  +0.00039  +0.00006 
 +0.00000  +0.00001  +0.00003  +0.00025  +0.00030 
 
 --- ip = 27, (ap)^2 = 2.66137  =>  p^2 = 8.47973 Gev^2---
 
 Z = 

 +1.03133  -0.00070  -0.00022  +0.00033  +0.00004 
 -0.00056  +1.18080  +0.31689  -0.00111  -0.00001 
 +0.00005  +0.04038  +0.96887  +0.00247  -0.00004 
 +0.00003  -0.00002  +0.00222  +1.02056  -0.03948 
 +0.00008  -0.00004  +0.00074  -0.28815  +1.17877 
 
 +/- 

 +0.00019  +0.00001  +0.00001  +0.00000  +0.00000 
 +0.00001  +0.00033  +0.00026  +0.00003  +0.00001 
 +0.00000  +0.00006  +0.00035  +0.00008  +0.00001 
 +0.00000  +0.00001  +0.00008  +0.00038  +0.00006 
 +0.00000  +0.00001  +0.00003  +0.00024  +0.00028 
 
 --- ip = 28, (ap)^2 = 2.77583  =>  p^2 = 8.84441 Gev^2---
 
 Z = 

 +1.02918  -0.00063  -0.00020  +0.00030  +0.00004 
 -0.00051  +1.17971  +0.31486  -0.00099  -0.00001 
 +0.00005  +0.04124  +0.97608  +0.00221  -0.00004 
 +0.00003  -0.00002  +0.00200  +1.02706  -0.04053 
 +0.00008  -0.00003  +0.00066  -0.28576  +1.17349 
 
 +/- 

 +0.00018  +0.00001  +0.00000  +0.00000  +0.00000 
 +0.00001  +0.00032  +0.00025  +0.00003  +0.00001 
 +0.00000  +0.00006  +0.00034  +0.00007  +0.00001 
 +0.00000  +0.00001  +0.00007  +0.00037  +0.00007 
 +0.00000  +0.00001  +0.00003  +0.00024  +0.00027 
 
 --- ip = 29, (ap)^2 = 2.89269  =>  p^2 = 9.21676 Gev^2---
 
 Z = 

 +1.02715  -0.00058  -0.00017  +0.00028  +0.00004 
 -0.00047  +1.17881  +0.31315  -0.00089  -0.00001 
 +0.00004  +0.04212  +0.98310  +0.00199  -0.00003 
 +0.00002  -0.00002  +0.00180  +1.03348  -0.04158 
 +0.00007  -0.00003  +0.00059  -0.28366  +1.16855 
 
 +/- 

 +0.00017  +0.00001  +0.00000  +0.00000  +0.00000 
 +0.00001  +0.00031  +0.00025  +0.00002  +0.00000 
 +0.00000  +0.00006  +0.00034  +0.00006  +0.00001 
 +0.00000  +0.00001  +0.00006  +0.00037  +0.00007 
 +0.00000  +0.00001  +0.00002  +0.00024  +0.00026 
 
 --- ip = 30, (ap)^2 = 3.01196  =>  p^2 = 9.5968 Gev^2---
 
 Z = 

 +1.02525  -0.00052  -0.00015  +0.00025  +0.00004 
 -0.00043  +1.17811  +0.31174  -0.00080  -0.00001 
 +0.00004  +0.04301  +0.98997  +0.00178  -0.00003 
 +0.00002  -0.00002  +0.00163  +1.03981  -0.04265 
 +0.00006  -0.00003  +0.00053  -0.28184  +1.16393 
 
 +/- 

 +0.00017  +0.00001  +0.00000  +0.00000  +0.00000 
 +0.00001  +0.00031  +0.00025  +0.00002  +0.00000 
 +0.00000  +0.00006  +0.00033  +0.00005  +0.00000 
 +0.00000  +0.00001  +0.00005  +0.00036  +0.00007 
 +0.00000  +0.00000  +0.00002  +0.00023  +0.00025 
 
 --- ip = 31, (ap)^2 = 3.13365  =>  p^2 = 9.98451 Gev^2---
 
 Z = 

 +1.02347  -0.00048  -0.00014  +0.00023  +0.00003 
 -0.00039  +1.17760  +0.31063  -0.00072  -0.00001 
 +0.00004  +0.04393  +0.99670  +0.00161  -0.00002 
 +0.00002  -0.00002  +0.00147  +1.04608  -0.04372 
 +0.00006  -0.00002  +0.00048  -0.28028  +1.15961 
 
 +/- 

 +0.00016  +0.00001  +0.00000  +0.00000  +0.00000 
 +0.00001  +0.00030  +0.00025  +0.00002  +0.00000 
 +0.00000  +0.00006  +0.00033  +0.00005  +0.00000 
 +0.00000  +0.00000  +0.00005  +0.00036  +0.00007 
 +0.00000  +0.00000  +0.00002  +0.00023  +0.00024 
 
 -------- am = 0.01 ------------ 

 
 --- ip = 1, (ap)^2 = 0.53131  =>  p^2 = 1.69287 Gev^2---
 
 Z = 

 +1.17931  -0.01832  -0.01237  +0.00945  +0.00092 
 -0.01494  +1.31051  +0.56562  -0.03449  -0.00308 
 +0.00119  +0.02407  +0.60964  +0.07872  -0.00153 
 +0.00131  +0.00100  +0.05663  +0.73256  -0.00962 
 +0.00202  -0.00156  +0.01868  -0.56591  +1.60397 
 
 +/- 

 +0.00140  +0.00033  +0.00022  +0.00019  +0.00015 
 +0.00033  +0.00164  +0.00075  +0.00075  +0.00041 
 +0.00017  +0.00027  +0.00135  +0.00171  +0.00032 
 +0.00012  +0.00021  +0.00124  +0.00146  +0.00031 
 +0.00012  +0.00023  +0.00047  +0.00084  +0.00194 
 
 --- ip = 2, (ap)^2 = 0.583116  =>  p^2 = 1.85794 Gev^2---
 
 Z = 

 +1.16659  -0.01485  -0.00982  +0.00776  +0.00060 
 -0.01210  +1.29955  +0.54430  -0.02913  -0.00261 
 +0.00099  +0.02446  +0.63524  +0.06690  -0.00119 
 +0.00099  +0.00080  +0.04881  +0.75290  -0.01133 
 +0.00161  -0.00149  +0.01608  -0.53937  +1.56390 
 
 +/- 

 +0.00127  +0.00026  +0.00016  +0.00015  +0.00010 
 +0.00024  +0.00147  +0.00068  +0.00064  +0.00035 
 +0.00013  +0.00024  +0.00121  +0.00151  +0.00027 
 +0.00009  +0.00016  +0.00108  +0.00131  +0.00022 
 +0.00009  +0.00020  +0.00042  +0.00072  +0.00168 
 
 --- ip = 3, (ap)^2 = 0.637332  =>  p^2 = 2.03068 Gev^2---
 
 Z = 

 +1.15485  -0.01210  -0.00782  +0.00637  +0.00038 
 -0.00986  +1.28915  +0.52421  -0.02456  -0.00214 
 +0.00086  +0.02498  +0.65951  +0.05665  -0.00094 
 +0.00075  +0.00066  +0.04199  +0.77192  -0.01293 
 +0.00128  -0.00139  +0.01380  -0.51525  +1.52778 
 
 +/- 

 +0.00112  +0.00022  +0.00011  +0.00012  +0.00008 
 +0.00017  +0.00128  +0.00062  +0.00053  +0.00030 
 +0.00010  +0.00021  +0.00118  +0.00131  +0.00022 
 +0.00006  +0.00014  +0.00093  +0.00122  +0.00017 
 +0.00006  +0.00017  +0.00036  +0.00061  +0.00144 
 
 --- ip = 4, (ap)^2 = 0.693957  =>  p^2 = 2.2111 Gev^2---
 
 Z = 

 +1.14407  -0.00988  -0.00625  +0.00523  +0.00026 
 -0.00804  +1.27948  +0.50552  -0.02062  -0.00173 
 +0.00074  +0.02551  +0.68232  +0.04774  -0.00079 
 +0.00056  +0.00056  +0.03597  +0.78967  -0.01443 
 +0.00102  -0.00127  +0.01179  -0.49330  +1.49507 
 
 +/- 

 +0.00097  +0.00020  +0.00009  +0.00009  +0.00006 
 +0.00014  +0.00110  +0.00057  +0.00043  +0.00025 
 +0.00008  +0.00019  +0.00118  +0.00111  +0.00019 
 +0.00004  +0.00012  +0.00080  +0.00115  +0.00014 
 +0.00004  +0.00015  +0.00030  +0.00055  +0.00122 
 
 --- ip = 5, (ap)^2 = 0.752991  =>  p^2 = 2.3992 Gev^2---
 
 Z = 

 +1.13419  -0.00810  -0.00500  +0.00428  +0.00019 
 -0.00658  +1.27056  +0.48823  -0.01722  -0.00142 
 +0.00062  +0.02597  +0.70362  +0.04016  -0.00073 
 +0.00043  +0.00046  +0.03073  +0.80620  -0.01585 
 +0.00083  -0.00117  +0.01004  -0.47331  +1.46538 
 
 +/- 

 +0.00083  +0.00016  +0.00008  +0.00008  +0.00006 
 +0.00013  +0.00095  +0.00055  +0.00035  +0.00021 
 +0.00006  +0.00017  +0.00113  +0.00091  +0.00015 
 +0.00004  +0.00010  +0.00069  +0.00105  +0.00013 
 +0.00003  +0.00013  +0.00025  +0.00053  +0.00105 
 
 --- ip = 6, (ap)^2 = 0.814435  =>  p^2 = 2.59497 Gev^2---
 
 Z = 

 +1.12514  -0.00666  -0.00401  +0.00350  +0.00015 
 -0.00540  +1.26229  +0.47219  -0.01435  -0.00119 
 +0.00052  +0.02638  +0.72354  +0.03386  -0.00071 
 +0.00034  +0.00035  +0.02625  +0.82164  -0.01716 
 +0.00068  -0.00108  +0.00856  -0.45508  +1.43839 
 
 +/- 

 +0.00072  +0.00014  +0.00007  +0.00007  +0.00005 
 +0.00012  +0.00086  +0.00053  +0.00029  +0.00018 
 +0.00005  +0.00014  +0.00102  +0.00075  +0.00013 
 +0.00004  +0.00008  +0.00059  +0.00092  +0.00011 
 +0.00003  +0.00011  +0.00021  +0.00053  +0.00094 
 
 --- ip = 7, (ap)^2 = 0.878289  =>  p^2 = 2.79843 Gev^2---
 
 Z = 

 +1.11684  -0.00548  -0.00323  +0.00288  +0.00012 
 -0.00443  +1.25456  +0.45726  -0.01198  -0.00101 
 +0.00043  +0.02678  +0.74228  +0.02865  -0.00069 
 +0.00027  +0.00026  +0.02247  +0.83616  -0.01839 
 +0.00056  -0.00100  +0.00731  -0.43837  +1.41378 
 
 +/- 

 +0.00064  +0.00012  +0.00008  +0.00006  +0.00004 
 +0.00011  +0.00080  +0.00052  +0.00025  +0.00015 
 +0.00004  +0.00012  +0.00092  +0.00064  +0.00011 
 +0.00003  +0.00007  +0.00052  +0.00080  +0.00010 
 +0.00002  +0.00009  +0.00018  +0.00053  +0.00087 
 
 --- ip = 8, (ap)^2 = 0.944552  =>  p^2 = 3.00956 Gev^2---
 
 Z = 

 +1.10919  -0.00453  -0.00262  +0.00237  +0.00010 
 -0.00365  +1.24734  +0.44341  -0.01002  -0.00087 
 +0.00037  +0.02723  +0.75989  +0.02429  -0.00063 
 +0.00022  +0.00018  +0.01925  +0.84983  -0.01957 
 +0.00047  -0.00091  +0.00627  -0.42303  +1.39125 
 
 +/- 

 +0.00060  +0.00011  +0.00007  +0.00005  +0.00003 
 +0.00010  +0.00075  +0.00050  +0.00024  +0.00013 
 +0.00004  +0.00010  +0.00084  +0.00060  +0.00009 
 +0.00002  +0.00005  +0.00048  +0.00072  +0.00010 
 +0.00002  +0.00007  +0.00017  +0.00050  +0.00081 
 
 --- ip = 9, (ap)^2 = 1.01322  =>  p^2 = 3.22836 Gev^2---
 
 Z = 

 +1.10208  -0.00376  -0.00214  +0.00197  +0.00007 
 -0.00301  +1.24055  +0.43058  -0.00841  -0.00075 
 +0.00032  +0.02772  +0.77640  +0.02062  -0.00054 
 +0.00017  +0.00012  +0.01652  +0.86269  -0.02072 
 +0.00039  -0.00080  +0.00540  -0.40895  +1.37054 
 
 +/- 

 +0.00055  +0.00010  +0.00007  +0.00004  +0.00002 
 +0.00009  +0.00070  +0.00047  +0.00024  +0.00012 
 +0.00004  +0.00009  +0.00077  +0.00059  +0.00007 
 +0.00002  +0.00004  +0.00046  +0.00066  +0.00010 
 +0.00002  +0.00007  +0.00016  +0.00047  +0.00073 
 
 --- ip = 10, (ap)^2 = 1.08431  =>  p^2 = 3.45485 Gev^2---
 
 Z = 

 +1.09535  -0.00311  -0.00176  +0.00164  +0.00006 
 -0.00248  +1.23404  +0.41861  -0.00702  -0.00064 
 +0.00026  +0.02824  +0.79182  +0.01744  -0.00043 
 +0.00014  +0.00010  +0.01420  +0.87474  -0.02183 
 +0.00033  -0.00070  +0.00463  -0.39589  +1.35135 
 
 +/- 

 +0.00050  +0.00008  +0.00006  +0.00003  +0.00002 
 +0.00007  +0.00065  +0.00044  +0.00022  +0.00011 
 +0.00003  +0.00007  +0.00072  +0.00055  +0.00007 
 +0.00002  +0.00004  +0.00043  +0.00061  +0.00009 
 +0.00001  +0.00006  +0.00014  +0.00046  +0.00067 
 
 --- ip = 11, (ap)^2 = 1.1578  =>  p^2 = 3.68901 Gev^2---
 
 Z = 

 +1.08916  -0.00262  -0.00146  +0.00138  +0.00004 
 -0.00207  +1.22812  +0.40757  -0.00593  -0.00054 
 +0.00021  +0.02881  +0.80651  +0.01488  -0.00037 
 +0.00012  +0.00008  +0.01227  +0.88622  -0.02291 
 +0.00028  -0.00061  +0.00400  -0.38404  +1.33384 
 
 +/- 

 +0.00045  +0.00006  +0.00005  +0.00003  +0.00001 
 +0.00006  +0.00059  +0.00041  +0.00020  +0.00009 
 +0.00003  +0.00007  +0.00066  +0.00051  +0.00006 
 +0.00002  +0.00003  +0.00040  +0.00056  +0.00008 
 +0.00001  +0.00006  +0.00013  +0.00043  +0.00059 
 
 --- ip = 12, (ap)^2 = 1.2337  =>  p^2 = 3.93085 Gev^2---
 
 Z = 

 +1.08342  -0.00223  -0.00121  +0.00116  +0.00003 
 -0.00175  +1.22266  +0.39733  -0.00504  -0.00045 
 +0.00017  +0.02940  +0.82044  +0.01274  -0.00034 
 +0.00010  +0.00006  +0.01064  +0.89715  -0.02396 
 +0.00023  -0.00054  +0.00345  -0.37318  +1.31773 
 
 +/- 

 +0.00042  +0.00005  +0.00004  +0.00002  +0.00001 
 +0.00005  +0.00054  +0.00037  +0.00019  +0.00008 
 +0.00002  +0.00006  +0.00062  +0.00045  +0.00005 
 +0.00001  +0.00003  +0.00035  +0.00054  +0.00007 
 +0.00001  +0.00005  +0.00012  +0.00039  +0.00053 
 
 --- ip = 13, (ap)^2 = 1.31201  =>  p^2 = 4.18036 Gev^2---
 
 Z = 

 +1.07808  -0.00191  -0.00101  +0.00099  +0.00002 
 -0.00150  +1.21761  +0.38785  -0.00430  -0.00039 
 +0.00014  +0.03000  +0.83365  +0.01097  -0.00030 
 +0.00009  +0.00004  +0.00925  +0.90756  -0.02500 
 +0.00019  -0.00048  +0.00299  -0.36319  +1.30285 
 
 +/- 

 +0.00039  +0.00004  +0.00003  +0.00002  +0.00001 
 +0.00004  +0.00051  +0.00034  +0.00017  +0.00007 
 +0.00001  +0.00006  +0.00058  +0.00041  +0.00004 
 +0.00001  +0.00003  +0.00032  +0.00051  +0.00006 
 +0.00001  +0.00004  +0.00011  +0.00037  +0.00049 
 
 --- ip = 14, (ap)^2 = 1.39273  =>  p^2 = 4.43756 Gev^2---
 
 Z = 

 +1.07308  -0.00166  -0.00084  +0.00085  +0.00002 
 -0.00130  +1.21292  +0.37908  -0.00371  -0.00034 
 +0.00012  +0.03061  +0.84622  +0.00949  -0.00025 
 +0.00008  +0.00002  +0.00809  +0.91750  -0.02604 
 +0.00017  -0.00042  +0.00262  -0.35400  +1.28905 
 
 +/- 

 +0.00037  +0.00004  +0.00003  +0.00002  +0.00001 
 +0.00003  +0.00048  +0.00032  +0.00016  +0.00006 
 +0.00001  +0.00005  +0.00054  +0.00038  +0.00003 
 +0.00001  +0.00002  +0.00030  +0.00048  +0.00006 
 +0.00001  +0.00004  +0.00011  +0.00035  +0.00046 
 
 --- ip = 15, (ap)^2 = 1.47586  =>  p^2 = 4.70243 Gev^2---
 
 Z = 

 +1.06840  -0.00145  -0.00071  +0.00073  +0.00002 
 -0.00114  +1.20858  +0.37097  -0.00322  -0.00030 
 +0.00011  +0.03123  +0.85820  +0.00826  -0.00020 
 +0.00007  +0.00000  +0.00711  +0.92706  -0.02707 
 +0.00015  -0.00037  +0.00231  -0.34551  +1.27623 
 
 +/- 

 +0.00035  +0.00004  +0.00002  +0.00002  +0.00001 
 +0.00003  +0.00045  +0.00030  +0.00014  +0.00005 
 +0.00001  +0.00005  +0.00050  +0.00036  +0.00003 
 +0.00000  +0.00002  +0.00029  +0.00044  +0.00005 
 +0.00001  +0.00003  +0.00010  +0.00033  +0.00044 
 
 --- ip = 16, (ap)^2 = 1.5614  =>  p^2 = 4.97498 Gev^2---
 
 Z = 

 +1.06402  -0.00128  -0.00061  +0.00063  +0.00002 
 -0.00101  +1.20460  +0.36350  -0.00280  -0.00026 
 +0.00009  +0.03188  +0.86966  +0.00721  -0.00016 
 +0.00007  -0.00001  +0.00626  +0.93628  -0.02810 
 +0.00014  -0.00032  +0.00204  -0.33771  +1.26431 
 
 +/- 

 +0.00032  +0.00003  +0.00002  +0.00001  +0.00001 
 +0.00002  +0.00043  +0.00029  +0.00013  +0.00004 
 +0.00001  +0.00004  +0.00046  +0.00033  +0.00002 
 +0.00000  +0.00002  +0.00027  +0.00041  +0.00005 
 +0.00001  +0.00003  +0.00009  +0.00031  +0.00041 
 
 --- ip = 17, (ap)^2 = 1.64935  =>  p^2 = 5.25521 Gev^2---
 
 Z = 

 +1.05993  -0.00112  -0.00052  +0.00055  +0.00003 
 -0.00089  +1.20094  +0.35664  -0.00243  -0.00022 
 +0.00008  +0.03256  +0.88062  +0.00630  -0.00013 
 +0.00006  -0.00002  +0.00551  +0.94516  -0.02913 
 +0.00012  -0.00028  +0.00180  -0.33055  +1.25325 
 
 +/- 

 +0.00030  +0.00003  +0.00002  +0.00001  +0.00001 
 +0.00002  +0.00040  +0.00028  +0.00011  +0.00004 
 +0.00001  +0.00004  +0.00043  +0.00029  +0.00002 
 +0.00000  +0.00002  +0.00024  +0.00039  +0.00004 
 +0.00001  +0.00002  +0.00008  +0.00030  +0.00039 
 
 --- ip = 18, (ap)^2 = 1.73971  =>  p^2 = 5.54311 Gev^2---
 
 Z = 

 +1.05608  -0.00098  -0.00045  +0.00048  +0.00002 
 -0.00078  +1.19758  +0.35036  -0.00210  -0.00020 
 +0.00007  +0.03326  +0.89108  +0.00551  -0.00011 
 +0.00005  -0.00002  +0.00485  +0.95373  -0.03016 
 +0.00010  -0.00024  +0.00159  -0.32400  +1.24298 
 
 +/- 

 +0.00028  +0.00003  +0.00002  +0.00001  +0.00001 
 +0.00002  +0.00038  +0.00026  +0.00009  +0.00003 
 +0.00001  +0.00004  +0.00042  +0.00024  +0.00002 
 +0.00000  +0.00002  +0.00020  +0.00038  +0.00004 
 +0.00000  +0.00002  +0.00007  +0.00028  +0.00037 
 
 --- ip = 19, (ap)^2 = 1.83248  =>  p^2 = 5.83869 Gev^2---
 
 Z = 

 +1.05247  -0.00086  -0.00039  +0.00042  +0.00002 
 -0.00068  +1.19450  +0.34461  -0.00183  -0.00017 
 +0.00005  +0.03397  +0.90108  +0.00485  -0.00009 
 +0.00004  -0.00002  +0.00430  +0.96197  -0.03118 
 +0.00009  -0.00021  +0.00141  -0.31800  +1.23342 
 
 +/- 

 +0.00027  +0.00003  +0.00002  +0.00001  +0.00001 
 +0.00002  +0.00037  +0.00025  +0.00008  +0.00003 
 +0.00001  +0.00004  +0.00040  +0.00020  +0.00002 
 +0.00000  +0.00002  +0.00018  +0.00036  +0.00004 
 +0.00000  +0.00002  +0.00006  +0.00027  +0.00035 
 
 --- ip = 20, (ap)^2 = 1.92766  =>  p^2 = 6.14195 Gev^2---
 
 Z = 

 +1.04909  -0.00075  -0.00033  +0.00037  +0.00002 
 -0.00060  +1.19170  +0.33937  -0.00160  -0.00015 
 +0.00005  +0.03470  +0.91065  +0.00428  -0.00009 
 +0.00003  -0.00001  +0.00382  +0.96994  -0.03219 
 +0.00008  -0.00018  +0.00125  -0.31251  +1.22451 
 
 +/- 

 +0.00026  +0.00002  +0.00001  +0.00001  +0.00000 
 +0.00002  +0.00035  +0.00024  +0.00007  +0.00003 
 +0.00001  +0.00004  +0.00038  +0.00017  +0.00002 
 +0.00000  +0.00001  +0.00015  +0.00035  +0.00004 
 +0.00000  +0.00002  +0.00005  +0.00025  +0.00034 
 
 --- ip = 21, (ap)^2 = 2.02524  =>  p^2 = 6.45289 Gev^2---
 
 Z = 

 +1.04591  -0.00066  -0.00029  +0.00032  +0.00002 
 -0.00052  +1.18915  +0.33461  -0.00140  -0.00014 
 +0.00004  +0.03544  +0.91981  +0.00378  -0.00008 
 +0.00002  -0.00001  +0.00340  +0.97764  -0.03320 
 +0.00007  -0.00016  +0.00111  -0.30750  +1.21621 
 
 +/- 

 +0.00024  +0.00002  +0.00001  +0.00001  +0.00000 
 +0.00001  +0.00033  +0.00023  +0.00006  +0.00002 
 +0.00000  +0.00004  +0.00036  +0.00015  +0.00001 
 +0.00000  +0.00001  +0.00013  +0.00033  +0.00004 
 +0.00000  +0.00002  +0.00004  +0.00024  +0.00032 
 
 --- ip = 22, (ap)^2 = 2.12524  =>  p^2 = 6.7715 Gev^2---
 
 Z = 

 +1.04290  -0.00058  -0.00025  +0.00028  +0.00002 
 -0.00046  +1.18683  +0.33031  -0.00122  -0.00012 
 +0.00004  +0.03619  +0.92860  +0.00332  -0.00008 
 +0.00002  -0.00000  +0.00301  +0.98509  -0.03420 
 +0.00006  -0.00014  +0.00098  -0.30294  +1.20844 
 
 +/- 

 +0.00023  +0.00002  +0.00001  +0.00001  +0.00000 
 +0.00001  +0.00032  +0.00021  +0.00005  +0.00002 
 +0.00000  +0.00004  +0.00034  +0.00014  +0.00001 
 +0.00000  +0.00001  +0.00012  +0.00031  +0.00004 
 +0.00000  +0.00001  +0.00004  +0.00023  +0.00030 
 
 --- ip = 23, (ap)^2 = 2.22765  =>  p^2 = 7.09779 Gev^2---
 
 Z = 

 +1.04005  -0.00052  -0.00022  +0.00025  +0.00002 
 -0.00041  +1.18472  +0.32646  -0.00107  -0.00011 
 +0.00003  +0.03695  +0.93702  +0.00293  -0.00007 
 +0.00002  +0.00000  +0.00267  +0.99231  -0.03521 
 +0.00006  -0.00013  +0.00087  -0.29882  +1.20117 
 
 +/- 

 +0.00021  +0.00001  +0.00001  +0.00001  +0.00000 
 +0.00001  +0.00030  +0.00021  +0.00005  +0.00002 
 +0.00000  +0.00004  +0.00032  +0.00013  +0.00001 
 +0.00000  +0.00001  +0.00011  +0.00030  +0.00003 
 +0.00000  +0.00001  +0.00003  +0.00022  +0.00028 
 
 --- ip = 24, (ap)^2 = 2.33247  =>  p^2 = 7.43176 Gev^2---
 
 Z = 

 +1.03735  -0.00046  -0.00019  +0.00022  +0.00002 
 -0.00037  +1.18284  +0.32303  -0.00095  -0.00009 
 +0.00003  +0.03773  +0.94510  +0.00260  -0.00006 
 +0.00002  +0.00000  +0.00238  +0.99931  -0.03623 
 +0.00005  -0.00011  +0.00077  -0.29510  +1.19436 
 
 +/- 

 +0.00020  +0.00001  +0.00001  +0.00000  +0.00000 
 +0.00001  +0.00028  +0.00020  +0.00004  +0.00001 
 +0.00000  +0.00003  +0.00031  +0.00012  +0.00001 
 +0.00000  +0.00001  +0.00010  +0.00029  +0.00003 
 +0.00000  +0.00001  +0.00003  +0.00022  +0.00027 
 
 --- ip = 25, (ap)^2 = 2.43969  =>  p^2 = 7.7734 Gev^2---
 
 Z = 

 +1.03478  -0.00041  -0.00016  +0.00020  +0.00001 
 -0.00033  +1.18116  +0.31999  -0.00084  -0.00008 
 +0.00003  +0.03852  +0.95289  +0.00230  -0.00005 
 +0.00001  -0.00001  +0.00212  +1.00612  -0.03725 
 +0.00004  -0.00010  +0.00068  -0.29177  +1.18796 
 
 +/- 

 +0.00018  +0.00001  +0.00001  +0.00000  +0.00000 
 +0.00001  +0.00026  +0.00020  +0.00004  +0.00001 
 +0.00000  +0.00003  +0.00030  +0.00010  +0.00001 
 +0.00000  +0.00001  +0.00009  +0.00028  +0.00003 
 +0.00000  +0.00001  +0.00003  +0.00021  +0.00025 
 
 --- ip = 26, (ap)^2 = 2.54933  =>  p^2 = 8.12273 Gev^2---
 
 Z = 

 +1.03236  -0.00036  -0.00013  +0.00018  +0.00001 
 -0.00029  +1.17968  +0.31732  -0.00074  -0.00008 
 +0.00002  +0.03933  +0.96043  +0.00205  -0.00004 
 +0.00001  -0.00001  +0.00190  +1.01278  -0.03827 
 +0.00004  -0.00009  +0.00060  -0.28877  +1.18199 
 
 +/- 

 +0.00017  +0.00001  +0.00001  +0.00000  +0.00000 
 +0.00001  +0.00024  +0.00020  +0.00003  +0.00001 
 +0.00000  +0.00003  +0.00029  +0.00009  +0.00001 
 +0.00000  +0.00001  +0.00007  +0.00027  +0.00003 
 +0.00000  +0.00001  +0.00002  +0.00020  +0.00023 
 
 --- ip = 27, (ap)^2 = 2.66137  =>  p^2 = 8.47973 Gev^2---
 
 Z = 

 +1.03010  -0.00032  -0.00011  +0.00016  +0.00001 
 -0.00026  +1.17842  +0.31498  -0.00064  -0.00007 
 +0.00002  +0.04017  +0.96777  +0.00183  -0.00003 
 +0.00001  -0.00001  +0.00171  +1.01932  -0.03930 
 +0.00003  -0.00009  +0.00054  -0.28609  +1.17640 
 
 +/- 

 +0.00017  +0.00001  +0.00001  +0.00000  +0.00000 
 +0.00001  +0.00023  +0.00020  +0.00003  +0.00001 
 +0.00000  +0.00003  +0.00027  +0.00007  +0.00001 
 +0.00000  +0.00001  +0.00006  +0.00026  +0.00004 
 +0.00000  +0.00001  +0.00002  +0.00020  +0.00022 
 
 --- ip = 28, (ap)^2 = 2.77583  =>  p^2 = 8.84441 Gev^2---
 
 Z = 

 +1.02797  -0.00029  -0.00009  +0.00014  +0.00001 
 -0.00024  +1.17735  +0.31296  -0.00056  -0.00007 
 +0.00002  +0.04102  +0.97493  +0.00163  -0.00002 
 +0.00001  -0.00001  +0.00154  +1.02579  -0.04033 
 +0.00003  -0.00008  +0.00048  -0.28370  +1.17119 
 
 +/- 

 +0.00016  +0.00001  +0.00001  +0.00000  +0.00000 
 +0.00001  +0.00022  +0.00019  +0.00003  +0.00001 
 +0.00000  +0.00004  +0.00026  +0.00006  +0.00001 
 +0.00000  +0.00001  +0.00005  +0.00025  +0.00004 
 +0.00000  +0.00001  +0.00002  +0.00019  +0.00021 
 
 --- ip = 29, (ap)^2 = 2.89269  =>  p^2 = 9.21676 Gev^2---
 
 Z = 

 +1.02599  -0.00026  -0.00008  +0.00013  +0.00001 
 -0.00022  +1.17649  +0.31124  -0.00049  -0.00007 
 +0.00002  +0.04189  +0.98195  +0.00146  -0.00002 
 +0.00001  -0.00001  +0.00138  +1.03219  -0.04138 
 +0.00003  -0.00008  +0.00043  -0.28160  +1.16633 
 
 +/- 

 +0.00015  +0.00001  +0.00001  +0.00000  +0.00000 
 +0.00000  +0.00021  +0.00019  +0.00003  +0.00001 
 +0.00000  +0.00004  +0.00025  +0.00006  +0.00001 
 +0.00000  +0.00001  +0.00005  +0.00024  +0.00004 
 +0.00000  +0.00001  +0.00002  +0.00019  +0.00020 
 
 --- ip = 30, (ap)^2 = 3.01196  =>  p^2 = 9.5968 Gev^2---
 
 Z = 

 +1.02414  -0.00024  -0.00006  +0.00011  +0.00001 
 -0.00020  +1.17584  +0.30982  -0.00043  -0.00006 
 +0.00002  +0.04278  +0.98884  +0.00130  -0.00002 
 +0.00001  -0.00001  +0.00124  +1.03854  -0.04243 
 +0.00002  -0.00007  +0.00038  -0.27978  +1.16179 
 
 +/- 

 +0.00015  +0.00001  +0.00001  +0.00000  +0.00000 
 +0.00000  +0.00021  +0.00019  +0.00003  +0.00001 
 +0.00000  +0.00004  +0.00023  +0.00005  +0.00001 
 +0.00000  +0.00001  +0.00004  +0.00023  +0.00004 
 +0.00000  +0.00001  +0.00002  +0.00019  +0.00020 
 
 --- ip = 31, (ap)^2 = 3.13365  =>  p^2 = 9.98451 Gev^2---
 
 Z = 

 +1.02242  -0.00022  -0.00005  +0.00010  +0.00001 
 -0.00018  +1.17538  +0.30869  -0.00038  -0.00005 
 +0.00002  +0.04370  +0.99562  +0.00115  -0.00001 
 +0.00001  -0.00001  +0.00111  +1.04485  -0.04350 
 +0.00002  -0.00006  +0.00034  -0.27821  +1.15756 
 
 +/- 

 +0.00014  +0.00001  +0.00000  +0.00000  +0.00000 
 +0.00000  +0.00021  +0.00019  +0.00002  +0.00001 
 +0.00000  +0.00004  +0.00022  +0.00005  +0.00000 
 +0.00000  +0.00000  +0.00004  +0.00022  +0.00004 
 +0.00000  +0.00000  +0.00002  +0.00018  +0.00019 
 
 -------- am = 0.005 ------------ 

 
 --- ip = 1, (ap)^2 = 0.53131  =>  p^2 = 1.69287 Gev^2---
 
 Z = 

 +1.17752  -0.01311  -0.00951  +0.00676  +0.00051 
 -0.01085  +1.31113  +0.56664  -0.02884  -0.00387 
 +0.00058  +0.02345  +0.60612  +0.07141  -0.00129 
 +0.00056  +0.00151  +0.05226  +0.72849  -0.01020 
 +0.00127  -0.00227  +0.01674  -0.56812  +1.60456 
 
 +/- 

 +0.00131  +0.00042  +0.00029  +0.00022  +0.00020 
 +0.00034  +0.00150  +0.00087  +0.00070  +0.00061 
 +0.00021  +0.00028  +0.00149  +0.00168  +0.00055 
 +0.00016  +0.00027  +0.00124  +0.00149  +0.00038 
 +0.00012  +0.00028  +0.00050  +0.00089  +0.00165 
 
 --- ip = 2, (ap)^2 = 0.583116  =>  p^2 = 1.85794 Gev^2---
 
 Z = 

 +1.16522  -0.01046  -0.00752  +0.00546  +0.00039 
 -0.00866  +1.30024  +0.54523  -0.02442  -0.00310 
 +0.00059  +0.02403  +0.63252  +0.06006  -0.00129 
 +0.00052  +0.00111  +0.04447  +0.74924  -0.01155 
 +0.00101  -0.00205  +0.01432  -0.54105  +1.56395 
 
 +/- 

 +0.00118  +0.00037  +0.00025  +0.00017  +0.00018 
 +0.00027  +0.00137  +0.00073  +0.00057  +0.00049 
 +0.00017  +0.00020  +0.00140  +0.00138  +0.00042 
 +0.00013  +0.00024  +0.00109  +0.00150  +0.00031 
 +0.00010  +0.00021  +0.00042  +0.00076  +0.00144 
 
 --- ip = 3, (ap)^2 = 0.637332  =>  p^2 = 2.03068 Gev^2---
 
 Z = 

 +1.15396  -0.00839  -0.00597  +0.00455  +0.00023 
 -0.00690  +1.28985  +0.52521  -0.02053  -0.00261 
 +0.00055  +0.02466  +0.65723  +0.05062  -0.00125 
 +0.00051  +0.00073  +0.03783  +0.76855  -0.01286 
 +0.00084  -0.00192  +0.01218  -0.51649  +1.52734 
 
 +/- 

 +0.00104  +0.00031  +0.00021  +0.00015  +0.00015 
 +0.00022  +0.00125  +0.00067  +0.00051  +0.00041 
 +0.00013  +0.00020  +0.00141  +0.00117  +0.00036 
 +0.00010  +0.00021  +0.00094  +0.00152  +0.00026 
 +0.00008  +0.00019  +0.00036  +0.00069  +0.00128 
 
 --- ip = 4, (ap)^2 = 0.693957  =>  p^2 = 2.2111 Gev^2---
 
 Z = 

 +1.14345  -0.00680  -0.00477  +0.00378  +0.00012 
 -0.00551  +1.27990  +0.50645  -0.01712  -0.00226 
 +0.00047  +0.02516  +0.68017  +0.04263  -0.00111 
 +0.00045  +0.00055  +0.03231  +0.78649  -0.01423 
 +0.00069  -0.00173  +0.01037  -0.49424  +1.49435 
 
 +/- 

 +0.00087  +0.00025  +0.00017  +0.00013  +0.00012 
 +0.00019  +0.00110  +0.00062  +0.00049  +0.00035 
 +0.00009  +0.00020  +0.00139  +0.00103  +0.00031 
 +0.00008  +0.00017  +0.00083  +0.00144  +0.00023 
 +0.00006  +0.00018  +0.00032  +0.00063  +0.00108 
 
 --- ip = 5, (ap)^2 = 0.752991  =>  p^2 = 2.3992 Gev^2---
 
 Z = 

 +1.13362  -0.00546  -0.00380  +0.00309  +0.00005 
 -0.00438  +1.27059  +0.48889  -0.01422  -0.00192 
 +0.00042  +0.02553  +0.70170  +0.03579  -0.00090 
 +0.00036  +0.00048  +0.02762  +0.80337  -0.01568 
 +0.00054  -0.00149  +0.00887  -0.47403  +1.46451 
 
 +/- 

 +0.00070  +0.00021  +0.00014  +0.00011  +0.00009 
 +0.00017  +0.00093  +0.00053  +0.00046  +0.00029 
 +0.00007  +0.00019  +0.00129  +0.00087  +0.00024 
 +0.00006  +0.00012  +0.00068  +0.00128  +0.00020 
 +0.00005  +0.00017  +0.00027  +0.00055  +0.00088 
 
 --- ip = 6, (ap)^2 = 0.814435  =>  p^2 = 2.59497 Gev^2---
 
 Z = 

 +1.12452  -0.00436  -0.00300  +0.00249  -0.00001 
 -0.00350  +1.26204  +0.47254  -0.01190  -0.00161 
 +0.00039  +0.02593  +0.72201  +0.03026  -0.00073 
 +0.00027  +0.00043  +0.02369  +0.81935  -0.01708 
 +0.00042  -0.00128  +0.00760  -0.45553  +1.43738 
 
 +/- 

 +0.00057  +0.00018  +0.00012  +0.00010  +0.00006 
 +0.00014  +0.00079  +0.00046  +0.00041  +0.00021 
 +0.00006  +0.00016  +0.00113  +0.00077  +0.00018 
 +0.00005  +0.00009  +0.00058  +0.00110  +0.00017 
 +0.00004  +0.00014  +0.00023  +0.00047  +0.00073 
 
 --- ip = 7, (ap)^2 = 0.878289  =>  p^2 = 2.79843 Gev^2---
 
 Z = 

 +1.11611  -0.00355  -0.00240  +0.00202  -0.00007 
 -0.00286  +1.25408  +0.45731  -0.01003  -0.00134 
 +0.00032  +0.02645  +0.74112  +0.02573  -0.00065 
 +0.00018  +0.00040  +0.02035  +0.83438  -0.01837 
 +0.00033  -0.00112  +0.00648  -0.43857  +1.41258 
 
 +/- 

 +0.00049  +0.00015  +0.00011  +0.00008  +0.00005 
 +0.00012  +0.00070  +0.00041  +0.00035  +0.00015 
 +0.00005  +0.00013  +0.00094  +0.00071  +0.00014 
 +0.00004  +0.00008  +0.00054  +0.00091  +0.00013 
 +0.00004  +0.00011  +0.00019  +0.00040  +0.00064 
 
 --- ip = 8, (ap)^2 = 0.944552  =>  p^2 = 3.00956 Gev^2---
 
 Z = 

 +1.10828  -0.00297  -0.00195  +0.00167  -0.00010 
 -0.00239  +1.24655  +0.44318  -0.00846  -0.00108 
 +0.00024  +0.02706  +0.75898  +0.02178  -0.00059 
 +0.00012  +0.00035  +0.01742  +0.84838  -0.01959 
 +0.00025  -0.00098  +0.00551  -0.42302  +1.38988 
 
 +/- 

 +0.00044  +0.00012  +0.00009  +0.00006  +0.00003 
 +0.00010  +0.00063  +0.00036  +0.00029  +0.00012 
 +0.00005  +0.00010  +0.00077  +0.00066  +0.00011 
 +0.00003  +0.00008  +0.00053  +0.00075  +0.00010 
 +0.00003  +0.00009  +0.00017  +0.00034  +0.00058 
 
 --- ip = 9, (ap)^2 = 1.01322  =>  p^2 = 3.22836 Gev^2---
 
 Z = 

 +1.10103  -0.00249  -0.00158  +0.00139  -0.00011 
 -0.00201  +1.23955  +0.43015  -0.00704  -0.00086 
 +0.00018  +0.02769  +0.77562  +0.01832  -0.00052 
 +0.00010  +0.00027  +0.01484  +0.86145  -0.02077 
 +0.00020  -0.00084  +0.00468  -0.40878  +1.36907 
 
 +/- 

 +0.00040  +0.00010  +0.00008  +0.00004  +0.00002 
 +0.00008  +0.00056  +0.00031  +0.00025  +0.00012 
 +0.00004  +0.00008  +0.00064  +0.00061  +0.00008 
 +0.00002  +0.00006  +0.00050  +0.00063  +0.00008 
 +0.00003  +0.00008  +0.00017  +0.00030  +0.00053 
 
 --- ip = 10, (ap)^2 = 1.08431  =>  p^2 = 3.45485 Gev^2---
 
 Z = 

 +1.09436  -0.00206  -0.00127  +0.00115  -0.00010 
 -0.00168  +1.23314  +0.41814  -0.00578  -0.00070 
 +0.00013  +0.02827  +0.79123  +0.01536  -0.00043 
 +0.00008  +0.00020  +0.01258  +0.87371  -0.02189 
 +0.00016  -0.00071  +0.00397  -0.39573  +1.35000 
 
 +/- 

 +0.00036  +0.00009  +0.00007  +0.00004  +0.00002 
 +0.00007  +0.00050  +0.00028  +0.00024  +0.00012 
 +0.00003  +0.00007  +0.00056  +0.00055  +0.00006 
 +0.00002  +0.00006  +0.00045  +0.00057  +0.00007 
 +0.00002  +0.00007  +0.00016  +0.00027  +0.00048 
 
 --- ip = 11, (ap)^2 = 1.1578  =>  p^2 = 3.68901 Gev^2---
 
 Z = 

 +1.08820  -0.00169  -0.00103  +0.00094  -0.00007 
 -0.00139  +1.22722  +0.40703  -0.00477  -0.00056 
 +0.00011  +0.02884  +0.80599  +0.01288  -0.00037 
 +0.00006  +0.00017  +0.01068  +0.88532  -0.02297 
 +0.00013  -0.00059  +0.00339  -0.38378  +1.33251 
 
 +/- 

 +0.00033  +0.00008  +0.00007  +0.00003  +0.00002 
 +0.00006  +0.00044  +0.00026  +0.00023  +0.00011 
 +0.00003  +0.00007  +0.00053  +0.00047  +0.00006 
 +0.00001  +0.00005  +0.00039  +0.00052  +0.00007 
 +0.00001  +0.00005  +0.00015  +0.00025  +0.00043 
 
 --- ip = 12, (ap)^2 = 1.2337  =>  p^2 = 3.93085 Gev^2---
 
 Z = 

 +1.08251  -0.00139  -0.00083  +0.00077  -0.00004 
 -0.00116  +1.22175  +0.39674  -0.00398  -0.00045 
 +0.00010  +0.02943  +0.82002  +0.01083  -0.00034 
 +0.00005  +0.00014  +0.00908  +0.89642  -0.02402 
 +0.00012  -0.00048  +0.00291  -0.37282  +1.31647 
 
 +/- 

 +0.00029  +0.00006  +0.00006  +0.00003  +0.00002 
 +0.00005  +0.00038  +0.00024  +0.00020  +0.00009 
 +0.00002  +0.00007  +0.00050  +0.00040  +0.00006 
 +0.00001  +0.00005  +0.00032  +0.00048  +0.00006 
 +0.00001  +0.00004  +0.00013  +0.00023  +0.00037 
 
 --- ip = 13, (ap)^2 = 1.31201  =>  p^2 = 4.18036 Gev^2---
 
 Z = 

 +1.07723  -0.00117  -0.00066  +0.00064  -0.00002 
 -0.00098  +1.21673  +0.38724  -0.00335  -0.00037 
 +0.00008  +0.03004  +0.83337  +0.00915  -0.00030 
 +0.00003  +0.00011  +0.00775  +0.90704  -0.02506 
 +0.00011  -0.00040  +0.00250  -0.36277  +1.30169 
 
 +/- 

 +0.00025  +0.00005  +0.00004  +0.00003  +0.00001 
 +0.00004  +0.00033  +0.00022  +0.00019  +0.00008 
 +0.00002  +0.00006  +0.00047  +0.00034  +0.00006 
 +0.00001  +0.00005  +0.00026  +0.00044  +0.00006 
 +0.00001  +0.00003  +0.00011  +0.00022  +0.00033 
 
 --- ip = 14, (ap)^2 = 1.39273  =>  p^2 = 4.43756 Gev^2---
 
 Z = 

 +1.07234  -0.00100  -0.00053  +0.00055  -0.00001 
 -0.00083  +1.21214  +0.37850  -0.00284  -0.00033 
 +0.00007  +0.03065  +0.84604  +0.00782  -0.00026 
 +0.00002  +0.00009  +0.00671  +0.91714  -0.02609 
 +0.00010  -0.00035  +0.00217  -0.35356  +1.28801 
 
 +/- 

 +0.00022  +0.00005  +0.00004  +0.00003  +0.00001 
 +0.00004  +0.00029  +0.00022  +0.00017  +0.00006 
 +0.00002  +0.00006  +0.00042  +0.00029  +0.00005 
 +0.00001  +0.00004  +0.00024  +0.00040  +0.00005 
 +0.00001  +0.00003  +0.00010  +0.00021  +0.00030 
 
 --- ip = 15, (ap)^2 = 1.47586  =>  p^2 = 4.70243 Gev^2---
 
 Z = 

 +1.06775  -0.00086  -0.00042  +0.00047  -0.00001 
 -0.00071  +1.20792  +0.37047  -0.00244  -0.00030 
 +0.00007  +0.03127  +0.85804  +0.00680  -0.00021 
 +0.00003  +0.00008  +0.00590  +0.92675  -0.02712 
 +0.00009  -0.00031  +0.00190  -0.34511  +1.27528 
 
 +/- 

 +0.00019  +0.00005  +0.00003  +0.00003  +0.00001 
 +0.00004  +0.00027  +0.00021  +0.00015  +0.00005 
 +0.00002  +0.00005  +0.00037  +0.00027  +0.00005 
 +0.00001  +0.00004  +0.00023  +0.00035  +0.00005 
 +0.00001  +0.00003  +0.00009  +0.00021  +0.00028 
 
 --- ip = 16, (ap)^2 = 1.5614  =>  p^2 = 4.97498 Gev^2---
 
 Z = 

 +1.06343  -0.00075  -0.00033  +0.00041  -0.00001 
 -0.00061  +1.20398  +0.36306  -0.00211  -0.00028 
 +0.00007  +0.03191  +0.86949  +0.00600  -0.00018 
 +0.00003  +0.00007  +0.00526  +0.93598  -0.02814 
 +0.00008  -0.00029  +0.00168  -0.33733  +1.26344 
 
 +/- 

 +0.00018  +0.00004  +0.00003  +0.00002  +0.00001 
 +0.00004  +0.00025  +0.00020  +0.00013  +0.00004 
 +0.00001  +0.00005  +0.00032  +0.00025  +0.00004 
 +0.00001  +0.00003  +0.00021  +0.00031  +0.00005 
 +0.00001  +0.00003  +0.00008  +0.00020  +0.00025 
 
 --- ip = 17, (ap)^2 = 1.64935  =>  p^2 = 5.25521 Gev^2---
 
 Z = 

 +1.05938  -0.00065  -0.00026  +0.00035  -0.00000 
 -0.00053  +1.20034  +0.35620  -0.00180  -0.00028 
 +0.00006  +0.03257  +0.88047  +0.00531  -0.00015 
 +0.00003  +0.00007  +0.00470  +0.94491  -0.02917 
 +0.00007  -0.00028  +0.00148  -0.33016  +1.25243 
 
 +/- 

 +0.00016  +0.00004  +0.00002  +0.00002  +0.00001 
 +0.00003  +0.00023  +0.00018  +0.00011  +0.00004 
 +0.00001  +0.00004  +0.00028  +0.00022  +0.00003 
 +0.00001  +0.00003  +0.00018  +0.00028  +0.00005 
 +0.00000  +0.00002  +0.00006  +0.00018  +0.00022 
 
 --- ip = 18, (ap)^2 = 1.73971  =>  p^2 = 5.54311 Gev^2---
 
 Z = 

 +1.05556  -0.00057  -0.00022  +0.00030  +0.00000 
 -0.00047  +1.19699  +0.34991  -0.00152  -0.00027 
 +0.00006  +0.03325  +0.89094  +0.00467  -0.00012 
 +0.00002  +0.00006  +0.00417  +0.95350  -0.03018 
 +0.00006  -0.00026  +0.00130  -0.32359  +1.24219 
 
 +/- 

 +0.00015  +0.00003  +0.00002  +0.00001  +0.00001 
 +0.00003  +0.00022  +0.00017  +0.00010  +0.00004 
 +0.00001  +0.00004  +0.00026  +0.00020  +0.00003 
 +0.00000  +0.00003  +0.00016  +0.00026  +0.00004 
 +0.00000  +0.00002  +0.00006  +0.00017  +0.00019 
 
 --- ip = 19, (ap)^2 = 1.83248  =>  p^2 = 5.83869 Gev^2---
 
 Z = 

 +1.05197  -0.00050  -0.00018  +0.00026  +0.00000 
 -0.00041  +1.19392  +0.34416  -0.00130  -0.00025 
 +0.00005  +0.03396  +0.90093  +0.00407  -0.00010 
 +0.00002  +0.00005  +0.00366  +0.96173  -0.03119 
 +0.00005  -0.00024  +0.00115  -0.31759  +1.23267 
 
 +/- 

 +0.00015  +0.00003  +0.00001  +0.00001  +0.00001 
 +0.00002  +0.00021  +0.00017  +0.00009  +0.00004 
 +0.00001  +0.00004  +0.00026  +0.00017  +0.00002 
 +0.00000  +0.00002  +0.00014  +0.00026  +0.00004 
 +0.00000  +0.00002  +0.00005  +0.00017  +0.00018 
 
 --- ip = 20, (ap)^2 = 1.92766  =>  p^2 = 6.14195 Gev^2---
 
 Z = 

 +1.04860  -0.00042  -0.00016  +0.00022  -0.00000 
 -0.00035  +1.19110  +0.33893  -0.00113  -0.00022 
 +0.00003  +0.03468  +0.91047  +0.00353  -0.00009 
 +0.00001  +0.00004  +0.00320  +0.96966  -0.03219 
 +0.00004  -0.00021  +0.00100  -0.31211  +1.22379 
 
 +/- 

 +0.00014  +0.00003  +0.00001  +0.00001  +0.00001 
 +0.00002  +0.00020  +0.00017  +0.00008  +0.00003 
 +0.00001  +0.00004  +0.00027  +0.00015  +0.00002 
 +0.00000  +0.00002  +0.00013  +0.00026  +0.00004 
 +0.00000  +0.00002  +0.00004  +0.00017  +0.00017 
 
 --- ip = 21, (ap)^2 = 2.02524  =>  p^2 = 6.45289 Gev^2---
 
 Z = 

 +1.04542  -0.00036  -0.00015  +0.00019  -0.00000 
 -0.00029  +1.18854  +0.33418  -0.00099  -0.00018 
 +0.00003  +0.03541  +0.91959  +0.00307  -0.00008 
 +0.00001  +0.00003  +0.00281  +0.97732  -0.03320 
 +0.00003  -0.00018  +0.00088  -0.30711  +1.21549 
 
 +/- 

 +0.00013  +0.00002  +0.00001  +0.00001  +0.00000 
 +0.00002  +0.00019  +0.00017  +0.00007  +0.00003 
 +0.00001  +0.00004  +0.00026  +0.00014  +0.00002 
 +0.00000  +0.00002  +0.00012  +0.00025  +0.00004 
 +0.00000  +0.00002  +0.00004  +0.00017  +0.00016 
 
 --- ip = 22, (ap)^2 = 2.12524  =>  p^2 = 6.7715 Gev^2---
 
 Z = 

 +1.04242  -0.00031  -0.00013  +0.00016  -0.00000 
 -0.00025  +1.18621  +0.32989  -0.00088  -0.00015 
 +0.00002  +0.03615  +0.92833  +0.00270  -0.00006 
 +0.00001  +0.00002  +0.00249  +0.98474  -0.03421 
 +0.00003  -0.00016  +0.00078  -0.30256  +1.20771 
 
 +/- 

 +0.00013  +0.00002  +0.00001  +0.00001  +0.00000 
 +0.00001  +0.00018  +0.00017  +0.00007  +0.00003 
 +0.00000  +0.00004  +0.00024  +0.00013  +0.00002 
 +0.00000  +0.00001  +0.00012  +0.00023  +0.00004 
 +0.00000  +0.00001  +0.00005  +0.00017  +0.00015 
 
 --- ip = 23, (ap)^2 = 2.22765  =>  p^2 = 7.09779 Gev^2---
 
 Z = 

 +1.03958  -0.00028  -0.00011  +0.00014  -0.00000 
 -0.00022  +1.18410  +0.32604  -0.00078  -0.00014 
 +0.00002  +0.03691  +0.93671  +0.00242  -0.00005 
 +0.00000  +0.00001  +0.00225  +0.99191  -0.03521 
 +0.00003  -0.00015  +0.00070  -0.29844  +1.20044 
 
 +/- 

 +0.00013  +0.00002  +0.00001  +0.00001  +0.00000 
 +0.00001  +0.00018  +0.00017  +0.00006  +0.00002 
 +0.00000  +0.00004  +0.00023  +0.00011  +0.00001 
 +0.00000  +0.00001  +0.00010  +0.00022  +0.00004 
 +0.00000  +0.00001  +0.00004  +0.00016  +0.00014 
 
 --- ip = 24, (ap)^2 = 2.33247  =>  p^2 = 7.43176 Gev^2---
 
 Z = 

 +1.03689  -0.00024  -0.00009  +0.00012  -0.00000 
 -0.00020  +1.18221  +0.32260  -0.00070  -0.00012 
 +0.00002  +0.03768  +0.94477  +0.00219  -0.00005 
 +0.00000  +0.00001  +0.00205  +0.99889  -0.03621 
 +0.00002  -0.00013  +0.00063  -0.29472  +1.19365 
 
 +/- 

 +0.00012  +0.00001  +0.00001  +0.00001  +0.00000 
 +0.00001  +0.00017  +0.00017  +0.00005  +0.00001 
 +0.00000  +0.00004  +0.00021  +0.00009  +0.00001 
 +0.00000  +0.00001  +0.00008  +0.00020  +0.00004 
 +0.00000  +0.00001  +0.00003  +0.00016  +0.00013 
 
 --- ip = 25, (ap)^2 = 2.43969  =>  p^2 = 7.7734 Gev^2---
 
 Z = 

 +1.03436  -0.00021  -0.00007  +0.00011  -0.00000 
 -0.00017  +1.18055  +0.31955  -0.00062  -0.00010 
 +0.00002  +0.03847  +0.95259  +0.00196  -0.00004 
 +0.00000  +0.00000  +0.00184  +1.00572  -0.03722 
 +0.00002  -0.00011  +0.00057  -0.29137  +1.18731 
 
 +/- 

 +0.00011  +0.00001  +0.00001  +0.00000  +0.00000 
 +0.00001  +0.00016  +0.00016  +0.00005  +0.00001 
 +0.00000  +0.00004  +0.00019  +0.00008  +0.00001 
 +0.00000  +0.00001  +0.00007  +0.00019  +0.00004 
 +0.00000  +0.00001  +0.00003  +0.00015  +0.00013 
 
 --- ip = 26, (ap)^2 = 2.54933  =>  p^2 = 8.12273 Gev^2---
 
 Z = 

 +1.03198  -0.00019  -0.00006  +0.00010  -0.00000 
 -0.00015  +1.17911  +0.31687  -0.00053  -0.00008 
 +0.00002  +0.03929  +0.96016  +0.00170  -0.00003 
 +0.00000  -0.00000  +0.00162  +1.01242  -0.03824 
 +0.00002  -0.00010  +0.00050  -0.28836  +1.18139 
 
 +/- 

 +0.00011  +0.00001  +0.00001  +0.00000  +0.00000 
 +0.00001  +0.00016  +0.00016  +0.00004  +0.00001 
 +0.00000  +0.00004  +0.00018  +0.00008  +0.00001 
 +0.00000  +0.00001  +0.00007  +0.00018  +0.00004 
 +0.00000  +0.00001  +0.00002  +0.00015  +0.00013 
 
 --- ip = 27, (ap)^2 = 2.66137  =>  p^2 = 8.47973 Gev^2---
 
 Z = 

 +1.02974  -0.00017  -0.00005  +0.00009  -0.00000 
 -0.00014  +1.17786  +0.31455  -0.00045  -0.00007 
 +0.00001  +0.04012  +0.96749  +0.00146  -0.00003 
 +0.00000  -0.00000  +0.00142  +1.01897  -0.03926 
 +0.00002  -0.00008  +0.00043  -0.28568  +1.17584 
 
 +/- 

 +0.00011  +0.00001  +0.00001  +0.00000  +0.00000 
 +0.00001  +0.00016  +0.00015  +0.00004  +0.00001 
 +0.00000  +0.00004  +0.00018  +0.00007  +0.00001 
 +0.00000  +0.00001  +0.00006  +0.00019  +0.00004 
 +0.00000  +0.00001  +0.00002  +0.00015  +0.00013 
 
 --- ip = 28, (ap)^2 = 2.77583  =>  p^2 = 8.84441 Gev^2---
 
 Z = 

 +1.02764  -0.00016  -0.00004  +0.00008  +0.00000 
 -0.00013  +1.17681  +0.31255  -0.00038  -0.00006 
 +0.00001  +0.04097  +0.97462  +0.00127  -0.00002 
 +0.00000  -0.00001  +0.00125  +1.02542  -0.04029 
 +0.00001  -0.00007  +0.00037  -0.28329  +1.17064 
 
 +/- 

 +0.00011  +0.00001  +0.00001  +0.00000  +0.00000 
 +0.00001  +0.00016  +0.00015  +0.00004  +0.00001 
 +0.00000  +0.00004  +0.00019  +0.00007  +0.00001 
 +0.00000  +0.00001  +0.00006  +0.00019  +0.00004 
 +0.00000  +0.00001  +0.00002  +0.00014  +0.00013 
 
 --- ip = 29, (ap)^2 = 2.89269  =>  p^2 = 9.21676 Gev^2---
 
 Z = 

 +1.02566  -0.00014  -0.00004  +0.00007  +0.00000 
 -0.00012  +1.17594  +0.31083  -0.00033  -0.00005 
 +0.00001  +0.04184  +0.98163  +0.00113  -0.00002 
 +0.00000  -0.00000  +0.00112  +1.03180  -0.04133 
 +0.00001  -0.00007  +0.00033  -0.28119  +1.16578 
 
 +/- 

 +0.00010  +0.00001  +0.00001  +0.00000  +0.00000 
 +0.00001  +0.00016  +0.00015  +0.00003  +0.00001 
 +0.00000  +0.00004  +0.00018  +0.00007  +0.00001 
 +0.00000  +0.00001  +0.00006  +0.00019  +0.00004 
 +0.00000  +0.00001  +0.00002  +0.00014  +0.00013 
 
 --- ip = 30, (ap)^2 = 3.01196  =>  p^2 = 9.5968 Gev^2---
 
 Z = 

 +1.02380  -0.00013  -0.00004  +0.00006  +0.00000 
 -0.00011  +1.17526  +0.30941  -0.00030  -0.00005 
 +0.00001  +0.04273  +0.98850  +0.00103  -0.00002 
 +0.00000  -0.00000  +0.00101  +1.03813  -0.04238 
 +0.00001  -0.00006  +0.00030  -0.27936  +1.16123 
 
 +/- 

 +0.00010  +0.00001  +0.00001  +0.00000  +0.00000 
 +0.00001  +0.00015  +0.00015  +0.00003  +0.00001 
 +0.00000  +0.00004  +0.00017  +0.00006  +0.00001 
 +0.00000  +0.00001  +0.00005  +0.00018  +0.00004 
 +0.00000  +0.00001  +0.00002  +0.00014  +0.00012 
 
 --- ip = 31, (ap)^2 = 3.13365  =>  p^2 = 9.98451 Gev^2---
 
 Z = 

 +1.02206  -0.00012  -0.00004  +0.00006  +0.00000 
 -0.00010  +1.17479  +0.30829  -0.00027  -0.00005 
 +0.00001  +0.04364  +0.99525  +0.00094  -0.00002 
 +0.00000  -0.00000  +0.00092  +1.04441  -0.04345 
 +0.00001  -0.00006  +0.00027  -0.27779  +1.15698 
 
 +/- 

 +0.00010  +0.00001  +0.00000  +0.00000  +0.00000 
 +0.00001  +0.00015  +0.00015  +0.00003  +0.00001 
 +0.00000  +0.00004  +0.00017  +0.00006  +0.00001 
 +0.00000  +0.00001  +0.00005  +0.00017  +0.00004 
 +0.00000  +0.00001  +0.00002  +0.00014  +0.00012 