
 
 -------- am = 0.02 ------------ 

 
 --- ip = 1, (ap)^2 = 0.53131  =>  p^2 = 1.69287 Gev^2---
 
 Z = 

 +0.95778  -0.02472  -0.01520  +0.01156  +0.00151 
 -0.01973  +1.06363  +0.45943  -0.03561  -0.00114 
 +0.00162  +0.01974  +0.49646  +0.07246  -0.00121 
 +0.00176  +0.00067  +0.05167  +0.59655  -0.00793 
 +0.00288  -0.00015  +0.01775  -0.45827  +1.30217 
 
 +/- 

 +0.00033  +0.00035  +0.00022  +0.00015  +0.00011 
 +0.00031  +0.00038  +0.00040  +0.00058  +0.00025 
 +0.00009  +0.00015  +0.00052  +0.00123  +0.00015 
 +0.00006  +0.00011  +0.00090  +0.00048  +0.00017 
 +0.00008  +0.00016  +0.00034  +0.00051  +0.00077 
 
 --- ip = 2, (ap)^2 = 0.583116  =>  p^2 = 1.85794 Gev^2---
 
 Z = 

 +0.95404  -0.02028  -0.01239  +0.00959  +0.00117 
 -0.01620  +1.06235  +0.44571  -0.03056  -0.00091 
 +0.00137  +0.02010  +0.52000  +0.06216  -0.00113 
 +0.00138  +0.00054  +0.04499  +0.61630  -0.00918 
 +0.00233  -0.00019  +0.01546  -0.44056  +1.27905 
 
 +/- 

 +0.00030  +0.00029  +0.00020  +0.00013  +0.00009 
 +0.00025  +0.00034  +0.00036  +0.00053  +0.00021 
 +0.00008  +0.00013  +0.00049  +0.00113  +0.00012 
 +0.00005  +0.00010  +0.00082  +0.00042  +0.00014 
 +0.00007  +0.00013  +0.00031  +0.00046  +0.00068 
 
 --- ip = 3, (ap)^2 = 0.637332  =>  p^2 = 2.03068 Gev^2---
 
 Z = 

 +0.95075  -0.01670  -0.01011  +0.00800  +0.00092 
 -0.01335  +1.06114  +0.43259  -0.02618  -0.00072 
 +0.00115  +0.02050  +0.54264  +0.05326  -0.00105 
 +0.00108  +0.00042  +0.03909  +0.63529  -0.01042 
 +0.00191  -0.00023  +0.01344  -0.42422  +1.25813 
 
 +/- 

 +0.00027  +0.00024  +0.00017  +0.00012  +0.00007 
 +0.00021  +0.00030  +0.00033  +0.00048  +0.00019 
 +0.00006  +0.00012  +0.00047  +0.00105  +0.00011 
 +0.00004  +0.00008  +0.00076  +0.00038  +0.00013 
 +0.00006  +0.00011  +0.00028  +0.00041  +0.00059 
 
 --- ip = 4, (ap)^2 = 0.693957  =>  p^2 = 2.2111 Gev^2---
 
 Z = 

 +0.94782  -0.01382  -0.00825  +0.00670  +0.00074 
 -0.01106  +1.05998  +0.42011  -0.02243  -0.00058 
 +0.00096  +0.02093  +0.56436  +0.04570  -0.00096 
 +0.00085  +0.00031  +0.03398  +0.65350  -0.01166 
 +0.00157  -0.00027  +0.01169  -0.40911  +1.23914 
 
 +/- 

 +0.00024  +0.00019  +0.00014  +0.00011  +0.00006 
 +0.00016  +0.00026  +0.00031  +0.00044  +0.00016 
 +0.00005  +0.00011  +0.00044  +0.00097  +0.00010 
 +0.00004  +0.00006  +0.00071  +0.00037  +0.00012 
 +0.00005  +0.00009  +0.00026  +0.00037  +0.00052 
 
 --- ip = 5, (ap)^2 = 0.752991  =>  p^2 = 2.3992 Gev^2---
 
 Z = 

 +0.94519  -0.01150  -0.00675  +0.00563  +0.00060 
 -0.00921  +1.05887  +0.40826  -0.01924  -0.00047 
 +0.00082  +0.02140  +0.58517  +0.03932  -0.00087 
 +0.00068  +0.00024  +0.02958  +0.67092  -0.01287 
 +0.00130  -0.00030  +0.01018  -0.39512  +1.22186 
 
 +/- 

 +0.00021  +0.00015  +0.00011  +0.00009  +0.00005 
 +0.00013  +0.00023  +0.00030  +0.00040  +0.00013 
 +0.00004  +0.00009  +0.00042  +0.00089  +0.00009 
 +0.00003  +0.00005  +0.00066  +0.00036  +0.00012 
 +0.00004  +0.00008  +0.00024  +0.00034  +0.00046 
 
 --- ip = 6, (ap)^2 = 0.814435  =>  p^2 = 2.59497 Gev^2---
 
 Z = 

 +0.94283  -0.00964  -0.00554  +0.00475  +0.00049 
 -0.00773  +1.05781  +0.39705  -0.01652  -0.00039 
 +0.00070  +0.02190  +0.60505  +0.03393  -0.00076 
 +0.00055  +0.00018  +0.02580  +0.68754  -0.01406 
 +0.00108  -0.00032  +0.00887  -0.38216  +1.20607 
 
 +/- 

 +0.00019  +0.00012  +0.00008  +0.00008  +0.00004 
 +0.00010  +0.00021  +0.00030  +0.00036  +0.00011 
 +0.00003  +0.00008  +0.00041  +0.00080  +0.00007 
 +0.00002  +0.00003  +0.00061  +0.00036  +0.00011 
 +0.00003  +0.00007  +0.00023  +0.00032  +0.00039 
 
 --- ip = 7, (ap)^2 = 0.878289  =>  p^2 = 2.79843 Gev^2---
 
 Z = 

 +0.94068  -0.00814  -0.00456  +0.00401  +0.00040 
 -0.00653  +1.05680  +0.38649  -0.01419  -0.00034 
 +0.00061  +0.02243  +0.62399  +0.02931  -0.00066 
 +0.00045  +0.00013  +0.02251  +0.70337  -0.01522 
 +0.00091  -0.00032  +0.00773  -0.37017  +1.19161 
 
 +/- 

 +0.00018  +0.00009  +0.00006  +0.00007  +0.00003 
 +0.00009  +0.00019  +0.00030  +0.00033  +0.00009 
 +0.00002  +0.00007  +0.00041  +0.00070  +0.00006 
 +0.00002  +0.00003  +0.00054  +0.00035  +0.00010 
 +0.00003  +0.00006  +0.00021  +0.00030  +0.00034 
 
 --- ip = 8, (ap)^2 = 0.944552  =>  p^2 = 3.00956 Gev^2---
 
 Z = 

 +0.93873  -0.00690  -0.00377  +0.00340  +0.00033 
 -0.00554  +1.05585  +0.37658  -0.01219  -0.00030 
 +0.00053  +0.02297  +0.64200  +0.02531  -0.00055 
 +0.00036  +0.00009  +0.01964  +0.71840  -0.01634 
 +0.00076  -0.00031  +0.00674  -0.35908  +1.17835 
 
 +/- 

 +0.00017  +0.00007  +0.00005  +0.00006  +0.00003 
 +0.00007  +0.00018  +0.00030  +0.00029  +0.00007 
 +0.00002  +0.00007  +0.00041  +0.00060  +0.00005 
 +0.00001  +0.00003  +0.00048  +0.00035  +0.00009 
 +0.00002  +0.00005  +0.00019  +0.00029  +0.00029 
 
 --- ip = 9, (ap)^2 = 1.01322  =>  p^2 = 3.22836 Gev^2---
 
 Z = 

 +0.93694  -0.00588  -0.00312  +0.00289  +0.00027 
 -0.00472  +1.05496  +0.36732  -0.01047  -0.00027 
 +0.00045  +0.02353  +0.65910  +0.02184  -0.00046 
 +0.00030  +0.00006  +0.01712  +0.73268  -0.01742 
 +0.00064  -0.00029  +0.00586  -0.34883  +1.16618 
 
 +/- 

 +0.00016  +0.00006  +0.00004  +0.00005  +0.00002 
 +0.00006  +0.00016  +0.00030  +0.00025  +0.00007 
 +0.00001  +0.00006  +0.00042  +0.00051  +0.00004 
 +0.00001  +0.00003  +0.00041  +0.00035  +0.00008 
 +0.00002  +0.00004  +0.00016  +0.00028  +0.00026 
 
 --- ip = 10, (ap)^2 = 1.08431  =>  p^2 = 3.45485 Gev^2---
 
 Z = 

 +0.93529  -0.00503  -0.00260  +0.00247  +0.00023 
 -0.00404  +1.05414  +0.35868  -0.00900  -0.00024 
 +0.00039  +0.02411  +0.67535  +0.01887  -0.00038 
 +0.00025  +0.00003  +0.01494  +0.74627  -0.01848 
 +0.00055  -0.00026  +0.00511  -0.33935  +1.15498 
 
 +/- 

 +0.00015  +0.00005  +0.00003  +0.00004  +0.00001 
 +0.00004  +0.00015  +0.00029  +0.00021  +0.00006 
 +0.00001  +0.00006  +0.00041  +0.00043  +0.00003 
 +0.00001  +0.00003  +0.00036  +0.00035  +0.00007 
 +0.00001  +0.00004  +0.00014  +0.00027  +0.00024 
 
 --- ip = 11, (ap)^2 = 1.1578  =>  p^2 = 3.68901 Gev^2---
 
 Z = 

 +0.93376  -0.00432  -0.00217  +0.00212  +0.00020 
 -0.00347  +1.05339  +0.35062  -0.00777  -0.00021 
 +0.00034  +0.02470  +0.69080  +0.01636  -0.00031 
 +0.00021  +0.00001  +0.01308  +0.75921  -0.01951 
 +0.00047  -0.00023  +0.00447  -0.33058  +1.14463 
 
 +/- 

 +0.00015  +0.00004  +0.00003  +0.00004  +0.00001 
 +0.00004  +0.00013  +0.00026  +0.00018  +0.00005 
 +0.00001  +0.00006  +0.00039  +0.00037  +0.00003 
 +0.00001  +0.00003  +0.00031  +0.00034  +0.00006 
 +0.00001  +0.00003  +0.00012  +0.00025  +0.00023 
 
 --- ip = 12, (ap)^2 = 1.2337  =>  p^2 = 3.93085 Gev^2---
 
 Z = 

 +0.93233  -0.00373  -0.00182  +0.00182  +0.00018 
 -0.00300  +1.05270  +0.34312  -0.00673  -0.00019 
 +0.00029  +0.02530  +0.70550  +0.01424  -0.00026 
 +0.00018  +0.00000  +0.01150  +0.77157  -0.02054 
 +0.00040  -0.00021  +0.00393  -0.32246  +1.13504 
 
 +/- 

 +0.00014  +0.00004  +0.00003  +0.00003  +0.00001 
 +0.00003  +0.00012  +0.00024  +0.00015  +0.00005 
 +0.00001  +0.00006  +0.00037  +0.00033  +0.00003 
 +0.00001  +0.00003  +0.00027  +0.00034  +0.00006 
 +0.00001  +0.00002  +0.00010  +0.00023  +0.00021 
 
 --- ip = 13, (ap)^2 = 1.31201  =>  p^2 = 4.18036 Gev^2---
 
 Z = 

 +0.93099  -0.00323  -0.00153  +0.00157  +0.00016 
 -0.00260  +1.05208  +0.33613  -0.00585  -0.00016 
 +0.00025  +0.02592  +0.71951  +0.01246  -0.00022 
 +0.00015  -0.00001  +0.01014  +0.78338  -0.02155 
 +0.00035  -0.00018  +0.00347  -0.31495  +1.12613 
 
 +/- 

 +0.00013  +0.00003  +0.00002  +0.00002  +0.00001 
 +0.00003  +0.00010  +0.00022  +0.00013  +0.00004 
 +0.00001  +0.00006  +0.00035  +0.00029  +0.00002 
 +0.00000  +0.00003  +0.00025  +0.00033  +0.00006 
 +0.00001  +0.00002  +0.00009  +0.00022  +0.00019 
 
 --- ip = 14, (ap)^2 = 1.39273  =>  p^2 = 4.43756 Gev^2---
 
 Z = 

 +0.92972  -0.00281  -0.00129  +0.00136  +0.00014 
 -0.00226  +1.05152  +0.32962  -0.00510  -0.00014 
 +0.00022  +0.02656  +0.73287  +0.01092  -0.00019 
 +0.00013  -0.00001  +0.00897  +0.79469  -0.02254 
 +0.00031  -0.00017  +0.00306  -0.30800  +1.11783 
 
 +/- 

 +0.00013  +0.00003  +0.00002  +0.00002  +0.00001 
 +0.00002  +0.00009  +0.00021  +0.00011  +0.00003 
 +0.00001  +0.00005  +0.00034  +0.00026  +0.00002 
 +0.00000  +0.00003  +0.00023  +0.00033  +0.00006 
 +0.00001  +0.00002  +0.00008  +0.00021  +0.00016 
 
 --- ip = 15, (ap)^2 = 1.47586  =>  p^2 = 4.70243 Gev^2---
 
 Z = 

 +0.92851  -0.00246  -0.00110  +0.00118  +0.00012 
 -0.00197  +1.05101  +0.32360  -0.00446  -0.00012 
 +0.00020  +0.02720  +0.74560  +0.00960  -0.00016 
 +0.00011  -0.00001  +0.00795  +0.80550  -0.02353 
 +0.00027  -0.00015  +0.00271  -0.30158  +1.11009 
 
 +/- 

 +0.00012  +0.00003  +0.00002  +0.00002  +0.00001 
 +0.00002  +0.00008  +0.00020  +0.00010  +0.00003 
 +0.00001  +0.00005  +0.00032  +0.00024  +0.00002 
 +0.00000  +0.00002  +0.00021  +0.00032  +0.00006 
 +0.00000  +0.00002  +0.00007  +0.00020  +0.00015 
 
 --- ip = 16, (ap)^2 = 1.5614  =>  p^2 = 4.97498 Gev^2---
 
 Z = 

 +0.92735  -0.00216  -0.00094  +0.00103  +0.00011 
 -0.00173  +1.05057  +0.31804  -0.00391  -0.00011 
 +0.00017  +0.02786  +0.75773  +0.00845  -0.00014 
 +0.00010  -0.00002  +0.00704  +0.81583  -0.02451 
 +0.00024  -0.00014  +0.00240  -0.29567  +1.10286 
 
 +/- 

 +0.00011  +0.00003  +0.00002  +0.00001  +0.00001 
 +0.00002  +0.00007  +0.00020  +0.00009  +0.00003 
 +0.00001  +0.00005  +0.00031  +0.00022  +0.00002 
 +0.00000  +0.00002  +0.00019  +0.00032  +0.00006 
 +0.00000  +0.00002  +0.00007  +0.00020  +0.00013 
 
 --- ip = 17, (ap)^2 = 1.64935  =>  p^2 = 5.25521 Gev^2---
 
 Z = 

 +0.92624  -0.00190  -0.00081  +0.00090  +0.00010 
 -0.00152  +1.05018  +0.31291  -0.00343  -0.00009 
 +0.00015  +0.02853  +0.76929  +0.00744  -0.00012 
 +0.00008  -0.00001  +0.00625  +0.82573  -0.02549 
 +0.00021  -0.00012  +0.00213  -0.29023  +1.09611 
 
 +/- 

 +0.00011  +0.00003  +0.00002  +0.00001  +0.00000 
 +0.00002  +0.00006  +0.00019  +0.00009  +0.00002 
 +0.00000  +0.00005  +0.00030  +0.00020  +0.00001 
 +0.00000  +0.00002  +0.00018  +0.00031  +0.00006 
 +0.00000  +0.00002  +0.00006  +0.00019  +0.00013 
 
 --- ip = 18, (ap)^2 = 1.73971  =>  p^2 = 5.54311 Gev^2---
 
 Z = 

 +0.92516  -0.00168  -0.00070  +0.00079  +0.00009 
 -0.00135  +1.04985  +0.30820  -0.00301  -0.00007 
 +0.00013  +0.02921  +0.78032  +0.00656  -0.00011 
 +0.00007  -0.00001  +0.00555  +0.83523  -0.02645 
 +0.00019  -0.00011  +0.00188  -0.28523  +1.08980 
 
 +/- 

 +0.00010  +0.00003  +0.00002  +0.00001  +0.00000 
 +0.00002  +0.00006  +0.00019  +0.00008  +0.00002 
 +0.00000  +0.00005  +0.00029  +0.00018  +0.00001 
 +0.00000  +0.00001  +0.00016  +0.00029  +0.00006 
 +0.00000  +0.00001  +0.00006  +0.00019  +0.00012 
 
 --- ip = 19, (ap)^2 = 1.83248  =>  p^2 = 5.83869 Gev^2---
 
 Z = 

 +0.92411  -0.00149  -0.00061  +0.00070  +0.00008 
 -0.00119  +1.04957  +0.30390  -0.00265  -0.00006 
 +0.00012  +0.02990  +0.79085  +0.00579  -0.00010 
 +0.00007  -0.00001  +0.00493  +0.84435  -0.02741 
 +0.00017  -0.00010  +0.00167  -0.28065  +1.08390 
 
 +/- 

 +0.00010  +0.00003  +0.00002  +0.00001  +0.00000 
 +0.00002  +0.00006  +0.00019  +0.00008  +0.00002 
 +0.00000  +0.00005  +0.00027  +0.00017  +0.00001 
 +0.00000  +0.00001  +0.00015  +0.00028  +0.00006 
 +0.00000  +0.00001  +0.00006  +0.00020  +0.00012 
 
 --- ip = 20, (ap)^2 = 1.92766  =>  p^2 = 6.14195 Gev^2---
 
 Z = 

 +0.92309  -0.00133  -0.00053  +0.00062  +0.00008 
 -0.00106  +1.04935  +0.29996  -0.00233  -0.00005 
 +0.00010  +0.03061  +0.80092  +0.00511  -0.00009 
 +0.00006  -0.00001  +0.00438  +0.85312  -0.02836 
 +0.00015  -0.00008  +0.00148  -0.27646  +1.07836 
 
 +/- 

 +0.00009  +0.00002  +0.00001  +0.00001  +0.00000 
 +0.00002  +0.00006  +0.00019  +0.00007  +0.00002 
 +0.00000  +0.00005  +0.00026  +0.00015  +0.00001 
 +0.00000  +0.00001  +0.00014  +0.00027  +0.00006 
 +0.00000  +0.00001  +0.00005  +0.00020  +0.00012 
 
 --- ip = 21, (ap)^2 = 2.02524  =>  p^2 = 6.45289 Gev^2---
 
 Z = 

 +0.92209  -0.00118  -0.00047  +0.00055  +0.00007 
 -0.00095  +1.04918  +0.29639  -0.00205  -0.00004 
 +0.00009  +0.03132  +0.81056  +0.00451  -0.00008 
 +0.00005  -0.00001  +0.00389  +0.86158  -0.02932 
 +0.00013  -0.00007  +0.00131  -0.27263  +1.07315 
 
 +/- 

 +0.00009  +0.00002  +0.00001  +0.00001  +0.00000 
 +0.00002  +0.00006  +0.00019  +0.00006  +0.00001 
 +0.00000  +0.00005  +0.00025  +0.00014  +0.00001 
 +0.00000  +0.00001  +0.00013  +0.00026  +0.00005 
 +0.00000  +0.00001  +0.00005  +0.00020  +0.00011 
 
 --- ip = 22, (ap)^2 = 2.12524  =>  p^2 = 6.7715 Gev^2---
 
 Z = 

 +0.92110  -0.00106  -0.00041  +0.00049  +0.00006 
 -0.00084  +1.04906  +0.29316  -0.00180  -0.00003 
 +0.00008  +0.03205  +0.81980  +0.00398  -0.00007 
 +0.00005  -0.00001  +0.00346  +0.86974  -0.03027 
 +0.00012  -0.00006  +0.00116  -0.26914  +1.06824 
 
 +/- 

 +0.00008  +0.00002  +0.00001  +0.00001  +0.00000 
 +0.00001  +0.00006  +0.00019  +0.00005  +0.00001 
 +0.00000  +0.00005  +0.00024  +0.00012  +0.00001 
 +0.00000  +0.00001  +0.00011  +0.00025  +0.00005 
 +0.00000  +0.00001  +0.00004  +0.00019  +0.00011 
 
 --- ip = 23, (ap)^2 = 2.22765  =>  p^2 = 7.09779 Gev^2---
 
 Z = 

 +0.92013  -0.00094  -0.00035  +0.00044  +0.00006 
 -0.00076  +1.04898  +0.29026  -0.00159  -0.00003 
 +0.00007  +0.03279  +0.82866  +0.00352  -0.00006 
 +0.00004  -0.00001  +0.00308  +0.87763  -0.03123 
 +0.00011  -0.00006  +0.00103  -0.26596  +1.06360 
 
 +/- 

 +0.00008  +0.00002  +0.00001  +0.00001  +0.00000 
 +0.00001  +0.00006  +0.00019  +0.00005  +0.00001 
 +0.00000  +0.00005  +0.00022  +0.00011  +0.00001 
 +0.00000  +0.00001  +0.00010  +0.00023  +0.00005 
 +0.00000  +0.00001  +0.00004  +0.00019  +0.00010 
 
 --- ip = 24, (ap)^2 = 2.33247  =>  p^2 = 7.43176 Gev^2---
 
 Z = 

 +0.91917  -0.00085  -0.00031  +0.00040  +0.00005 
 -0.00068  +1.04895  +0.28766  -0.00140  -0.00002 
 +0.00006  +0.03355  +0.83717  +0.00312  -0.00006 
 +0.00004  -0.00001  +0.00275  +0.88525  -0.03219 
 +0.00010  -0.00005  +0.00092  -0.26307  +1.05920 
 
 +/- 

 +0.00008  +0.00001  +0.00001  +0.00000  +0.00000 
 +0.00001  +0.00006  +0.00018  +0.00004  +0.00001 
 +0.00000  +0.00005  +0.00021  +0.00010  +0.00001 
 +0.00000  +0.00001  +0.00009  +0.00022  +0.00005 
 +0.00000  +0.00001  +0.00003  +0.00018  +0.00009 
 
 --- ip = 25, (ap)^2 = 2.43969  =>  p^2 = 7.7734 Gev^2---
 
 Z = 

 +0.91820  -0.00076  -0.00026  +0.00036  +0.00005 
 -0.00061  +1.04895  +0.28534  -0.00124  -0.00002 
 +0.00006  +0.03431  +0.84535  +0.00277  -0.00005 
 +0.00003  -0.00001  +0.00246  +0.89263  -0.03315 
 +0.00009  -0.00004  +0.00082  -0.26046  +1.05503 
 
 +/- 

 +0.00008  +0.00001  +0.00001  +0.00000  +0.00000 
 +0.00001  +0.00005  +0.00018  +0.00003  +0.00001 
 +0.00000  +0.00005  +0.00020  +0.00009  +0.00001 
 +0.00000  +0.00001  +0.00008  +0.00021  +0.00005 
 +0.00000  +0.00001  +0.00003  +0.00017  +0.00009 
 
 --- ip = 26, (ap)^2 = 2.54933  =>  p^2 = 8.12273 Gev^2---
 
 Z = 

 +0.91724  -0.00069  -0.00023  +0.00033  +0.00004 
 -0.00055  +1.04899  +0.28331  -0.00111  -0.00002 
 +0.00005  +0.03509  +0.85321  +0.00246  -0.00004 
 +0.00003  -0.00002  +0.00220  +0.89978  -0.03411 
 +0.00008  -0.00004  +0.00073  -0.25810  +1.05105 
 
 +/- 

 +0.00008  +0.00001  +0.00001  +0.00000  +0.00000 
 +0.00001  +0.00005  +0.00017  +0.00003  +0.00001 
 +0.00000  +0.00005  +0.00019  +0.00008  +0.00001 
 +0.00000  +0.00001  +0.00008  +0.00020  +0.00005 
 +0.00000  +0.00001  +0.00003  +0.00017  +0.00008 
 
 --- ip = 27, (ap)^2 = 2.66137  =>  p^2 = 8.47973 Gev^2---
 
 Z = 

 +0.91628  -0.00062  -0.00020  +0.00030  +0.00004 
 -0.00050  +1.04907  +0.28154  -0.00099  -0.00001 
 +0.00005  +0.03588  +0.86078  +0.00220  -0.00004 
 +0.00003  -0.00002  +0.00197  +0.90670  -0.03508 
 +0.00007  -0.00003  +0.00066  -0.25600  +1.04727 
 
 +/- 

 +0.00007  +0.00001  +0.00000  +0.00000  +0.00000 
 +0.00001  +0.00005  +0.00017  +0.00003  +0.00001 
 +0.00000  +0.00005  +0.00018  +0.00007  +0.00001 
 +0.00000  +0.00001  +0.00007  +0.00020  +0.00005 
 +0.00000  +0.00001  +0.00003  +0.00016  +0.00007 
 
 --- ip = 28, (ap)^2 = 2.77583  =>  p^2 = 8.84441 Gev^2---
 
 Z = 

 +0.91530  -0.00056  -0.00017  +0.00027  +0.00004 
 -0.00046  +1.04918  +0.28002  -0.00088  -0.00001 
 +0.00004  +0.03668  +0.86808  +0.00197  -0.00003 
 +0.00002  -0.00002  +0.00178  +0.91343  -0.03604 
 +0.00007  -0.00003  +0.00059  -0.25414  +1.04365 
 
 +/- 

 +0.00007  +0.00001  +0.00000  +0.00000  +0.00000 
 +0.00001  +0.00005  +0.00017  +0.00002  +0.00000 
 +0.00000  +0.00005  +0.00017  +0.00006  +0.00000 
 +0.00000  +0.00001  +0.00006  +0.00019  +0.00005 
 +0.00000  +0.00001  +0.00002  +0.00016  +0.00006 
 
 --- ip = 29, (ap)^2 = 2.89269  =>  p^2 = 9.21676 Gev^2---
 
 Z = 

 +0.91433  -0.00051  -0.00015  +0.00025  +0.00003 
 -0.00042  +1.04933  +0.27875  -0.00079  -0.00001 
 +0.00004  +0.03749  +0.87511  +0.00177  -0.00003 
 +0.00002  -0.00002  +0.00160  +0.91996  -0.03702 
 +0.00006  -0.00003  +0.00053  -0.25250  +1.04019 
 
 +/- 

 +0.00007  +0.00001  +0.00000  +0.00000  +0.00000 
 +0.00001  +0.00005  +0.00017  +0.00002  +0.00000 
 +0.00000  +0.00005  +0.00017  +0.00006  +0.00000 
 +0.00000  +0.00001  +0.00005  +0.00019  +0.00005 
 +0.00000  +0.00000  +0.00002  +0.00016  +0.00006 
 
 --- ip = 30, (ap)^2 = 3.01196  =>  p^2 = 9.5968 Gev^2---
 
 Z = 

 +0.91334  -0.00047  -0.00014  +0.00022  +0.00003 
 -0.00038  +1.04951  +0.27771  -0.00071  -0.00001 
 +0.00004  +0.03832  +0.88191  +0.00159  -0.00002 
 +0.00002  -0.00002  +0.00145  +0.92631  -0.03799 
 +0.00006  -0.00002  +0.00047  -0.25107  +1.03688 
 
 +/- 

 +0.00007  +0.00001  +0.00000  +0.00000  +0.00000 
 +0.00001  +0.00005  +0.00017  +0.00002  +0.00000 
 +0.00000  +0.00005  +0.00016  +0.00005  +0.00000 
 +0.00000  +0.00000  +0.00005  +0.00019  +0.00005 
 +0.00000  +0.00000  +0.00002  +0.00015  +0.00006 
 
 --- ip = 31, (ap)^2 = 3.13365  =>  p^2 = 9.98451 Gev^2---
 
 Z = 

 +0.91233  -0.00043  -0.00012  +0.00021  +0.00003 
 -0.00035  +1.04973  +0.27690  -0.00064  -0.00001 
 +0.00003  +0.03916  +0.88847  +0.00143  -0.00002 
 +0.00002  -0.00002  +0.00131  +0.93249  -0.03898 
 +0.00005  -0.00002  +0.00043  -0.24985  +1.03369 
 
 +/- 

 +0.00007  +0.00001  +0.00000  +0.00000  +0.00000 
 +0.00001  +0.00005  +0.00016  +0.00002  +0.00000 
 +0.00000  +0.00005  +0.00016  +0.00005  +0.00000 
 +0.00000  +0.00000  +0.00004  +0.00018  +0.00005 
 +0.00000  +0.00000  +0.00002  +0.00015  +0.00005 
 
 -------- am = 0.01 ------------ 

 
 --- ip = 1, (ap)^2 = 0.53131  =>  p^2 = 1.69287 Gev^2---
 
 Z = 

 +0.95923  -0.01490  -0.01006  +0.00769  +0.00075 
 -0.01215  +1.06596  +0.46007  -0.02805  -0.00250 
 +0.00097  +0.01958  +0.49587  +0.06403  -0.00124 
 +0.00107  +0.00082  +0.04606  +0.59585  -0.00783 
 +0.00164  -0.00127  +0.01519  -0.46030  +1.30465 
 
 +/- 

 +0.00030  +0.00027  +0.00018  +0.00015  +0.00012 
 +0.00027  +0.00034  +0.00048  +0.00060  +0.00033 
 +0.00014  +0.00023  +0.00080  +0.00139  +0.00026 
 +0.00010  +0.00017  +0.00101  +0.00085  +0.00025 
 +0.00010  +0.00019  +0.00039  +0.00056  +0.00058 
 
 --- ip = 2, (ap)^2 = 0.583116  =>  p^2 = 1.85794 Gev^2---
 
 Z = 

 +0.95550  -0.01216  -0.00804  +0.00635  +0.00049 
 -0.00991  +1.06440  +0.44581  -0.02386  -0.00214 
 +0.00081  +0.02004  +0.52029  +0.05480  -0.00098 
 +0.00081  +0.00065  +0.03998  +0.61666  -0.00928 
 +0.00131  -0.00122  +0.01317  -0.44177  +1.28091 
 
 +/- 

 +0.00028  +0.00021  +0.00013  +0.00012  +0.00009 
 +0.00019  +0.00030  +0.00044  +0.00052  +0.00029 
 +0.00010  +0.00021  +0.00071  +0.00124  +0.00022 
 +0.00007  +0.00014  +0.00089  +0.00076  +0.00018 
 +0.00007  +0.00016  +0.00034  +0.00050  +0.00053 
 
 --- ip = 3, (ap)^2 = 0.637332  =>  p^2 = 2.03068 Gev^2---
 
 Z = 

 +0.95219  -0.00997  -0.00645  +0.00526  +0.00032 
 -0.00813  +1.06292  +0.43222  -0.02025  -0.00177 
 +0.00071  +0.02060  +0.54377  +0.04671  -0.00078 
 +0.00061  +0.00055  +0.03462  +0.63646  -0.01066 
 +0.00105  -0.00114  +0.01138  -0.42483  +1.25967 
 
 +/- 

 +0.00026  +0.00018  +0.00009  +0.00009  +0.00006 
 +0.00014  +0.00025  +0.00042  +0.00043  +0.00024 
 +0.00008  +0.00018  +0.00070  +0.00107  +0.00018 
 +0.00005  +0.00011  +0.00076  +0.00072  +0.00014 
 +0.00005  +0.00014  +0.00029  +0.00046  +0.00045 
 
 --- ip = 4, (ap)^2 = 0.693957  =>  p^2 = 2.2111 Gev^2---
 
 Z = 

 +0.94923  -0.00820  -0.00518  +0.00434  +0.00021 
 -0.00667  +1.06158  +0.41943  -0.01710  -0.00144 
 +0.00061  +0.02117  +0.56612  +0.03961  -0.00066 
 +0.00046  +0.00047  +0.02985  +0.65518  -0.01197 
 +0.00085  -0.00105  +0.00978  -0.40929  +1.24045 
 
 +/- 

 +0.00023  +0.00016  +0.00007  +0.00008  +0.00005 
 +0.00012  +0.00021  +0.00042  +0.00035  +0.00020 
 +0.00006  +0.00016  +0.00073  +0.00091  +0.00015 
 +0.00003  +0.00010  +0.00066  +0.00070  +0.00013 
 +0.00003  +0.00012  +0.00025  +0.00044  +0.00037 
 
 --- ip = 5, (ap)^2 = 0.752991  =>  p^2 = 2.3992 Gev^2---
 
 Z = 

 +0.94656  -0.00676  -0.00418  +0.00357  +0.00016 
 -0.00549  +1.06038  +0.40747  -0.01437  -0.00118 
 +0.00052  +0.02167  +0.58722  +0.03352  -0.00061 
 +0.00036  +0.00038  +0.02564  +0.67283  -0.01322 
 +0.00069  -0.00097  +0.00838  -0.39501  +1.22297 
 
 +/- 

 +0.00021  +0.00014  +0.00006  +0.00007  +0.00005 
 +0.00011  +0.00019  +0.00042  +0.00029  +0.00017 
 +0.00005  +0.00014  +0.00072  +0.00076  +0.00013 
 +0.00003  +0.00008  +0.00057  +0.00066  +0.00011 
 +0.00003  +0.00011  +0.00021  +0.00043  +0.00034 
 
 --- ip = 6, (ap)^2 = 0.814435  =>  p^2 = 2.59497 Gev^2---
 
 Z = 

 +0.94415  -0.00559  -0.00337  +0.00294  +0.00012 
 -0.00453  +1.05924  +0.39624  -0.01205  -0.00100 
 +0.00043  +0.02213  +0.60716  +0.02842  -0.00060 
 +0.00028  +0.00029  +0.02203  +0.68947  -0.01440 
 +0.00057  -0.00091  +0.00718  -0.38187  +1.20701 
 
 +/- 

 +0.00019  +0.00011  +0.00006  +0.00006  +0.00004 
 +0.00010  +0.00019  +0.00041  +0.00024  +0.00015 
 +0.00004  +0.00012  +0.00066  +0.00062  +0.00011 
 +0.00003  +0.00007  +0.00050  +0.00058  +0.00010 
 +0.00002  +0.00009  +0.00017  +0.00043  +0.00034 
 
 --- ip = 7, (ap)^2 = 0.878289  =>  p^2 = 2.79843 Gev^2---
 
 Z = 

 +0.94196  -0.00462  -0.00272  +0.00243  +0.00010 
 -0.00374  +1.05811  +0.38566  -0.01010  -0.00085 
 +0.00036  +0.02259  +0.62605  +0.02417  -0.00058 
 +0.00023  +0.00022  +0.01895  +0.70522  -0.01551 
 +0.00047  -0.00084  +0.00617  -0.36973  +1.19240 
 
 +/- 

 +0.00017  +0.00010  +0.00006  +0.00005  +0.00003 
 +0.00009  +0.00020  +0.00040  +0.00021  +0.00013 
 +0.00004  +0.00010  +0.00059  +0.00054  +0.00009 
 +0.00003  +0.00006  +0.00044  +0.00051  +0.00009 
 +0.00002  +0.00007  +0.00015  +0.00041  +0.00034 
 
 --- ip = 8, (ap)^2 = 0.944552  =>  p^2 = 3.00956 Gev^2---
 
 Z = 

 +0.93996  -0.00384  -0.00222  +0.00201  +0.00008 
 -0.00309  +1.05702  +0.37575  -0.00849  -0.00074 
 +0.00031  +0.02307  +0.64395  +0.02059  -0.00054 
 +0.00018  +0.00016  +0.01631  +0.72017  -0.01659 
 +0.00039  -0.00077  +0.00532  -0.35849  +1.17898 
 
 +/- 

 +0.00016  +0.00010  +0.00006  +0.00004  +0.00002 
 +0.00008  +0.00020  +0.00039  +0.00020  +0.00011 
 +0.00003  +0.00009  +0.00052  +0.00051  +0.00008 
 +0.00002  +0.00005  +0.00041  +0.00044  +0.00009 
 +0.00002  +0.00006  +0.00014  +0.00039  +0.00034 
 
 --- ip = 9, (ap)^2 = 1.01322  =>  p^2 = 3.22836 Gev^2---
 
 Z = 

 +0.93813  -0.00320  -0.00182  +0.00168  +0.00006 
 -0.00256  +1.05600  +0.36653  -0.00716  -0.00063 
 +0.00027  +0.02360  +0.66090  +0.01755  -0.00046 
 +0.00014  +0.00011  +0.01406  +0.73435  -0.01764 
 +0.00033  -0.00068  +0.00459  -0.34811  +1.16665 
 
 +/- 

 +0.00015  +0.00008  +0.00006  +0.00003  +0.00002 
 +0.00007  +0.00019  +0.00037  +0.00020  +0.00010 
 +0.00003  +0.00007  +0.00047  +0.00050  +0.00006 
 +0.00001  +0.00004  +0.00039  +0.00040  +0.00008 
 +0.00001  +0.00006  +0.00014  +0.00037  +0.00032 
 
 --- ip = 10, (ap)^2 = 1.08431  =>  p^2 = 3.45485 Gev^2---
 
 Z = 

 +0.93647  -0.00266  -0.00151  +0.00140  +0.00005 
 -0.00212  +1.05504  +0.35789  -0.00600  -0.00055 
 +0.00022  +0.02414  +0.67697  +0.01491  -0.00037 
 +0.00012  +0.00009  +0.01214  +0.74785  -0.01867 
 +0.00028  -0.00060  +0.00396  -0.33846  +1.15534 
 
 +/- 

 +0.00015  +0.00007  +0.00005  +0.00003  +0.00001 
 +0.00006  +0.00017  +0.00034  +0.00019  +0.00009 
 +0.00003  +0.00006  +0.00044  +0.00047  +0.00006 
 +0.00001  +0.00004  +0.00037  +0.00036  +0.00008 
 +0.00001  +0.00005  +0.00012  +0.00035  +0.00030 
 
 --- ip = 11, (ap)^2 = 1.1578  =>  p^2 = 3.68901 Gev^2---
 
 Z = 

 +0.93489  -0.00225  -0.00125  +0.00118  +0.00003 
 -0.00178  +1.05417  +0.34984  -0.00509  -0.00046 
 +0.00018  +0.02473  +0.69227  +0.01277  -0.00032 
 +0.00010  +0.00006  +0.01053  +0.76069  -0.01967 
 +0.00024  -0.00052  +0.00343  -0.32965  +1.14492 
 
 +/- 

 +0.00014  +0.00005  +0.00004  +0.00002  +0.00001 
 +0.00005  +0.00014  +0.00032  +0.00017  +0.00008 
 +0.00002  +0.00006  +0.00040  +0.00043  +0.00005 
 +0.00001  +0.00003  +0.00034  +0.00033  +0.00007 
 +0.00001  +0.00005  +0.00011  +0.00033  +0.00028 
 
 --- ip = 12, (ap)^2 = 1.2337  =>  p^2 = 3.93085 Gev^2---
 
 Z = 

 +0.93342  -0.00192  -0.00104  +0.00100  +0.00002 
 -0.00151  +1.05339  +0.34232  -0.00434  -0.00039 
 +0.00015  +0.02533  +0.70685  +0.01098  -0.00029 
 +0.00009  +0.00005  +0.00917  +0.77294  -0.02065 
 +0.00020  -0.00046  +0.00297  -0.32151  +1.13529 
 
 +/- 

 +0.00013  +0.00005  +0.00003  +0.00002  +0.00001 
 +0.00004  +0.00012  +0.00029  +0.00016  +0.00007 
 +0.00002  +0.00005  +0.00037  +0.00039  +0.00004 
 +0.00001  +0.00002  +0.00030  +0.00031  +0.00006 
 +0.00001  +0.00004  +0.00010  +0.00031  +0.00025 
 
 --- ip = 13, (ap)^2 = 1.31201  =>  p^2 = 4.18036 Gev^2---
 
 Z = 

 +0.93204  -0.00165  -0.00087  +0.00086  +0.00002 
 -0.00130  +1.05267  +0.33532  -0.00372  -0.00034 
 +0.00012  +0.02594  +0.72073  +0.00948  -0.00026 
 +0.00008  +0.00003  +0.00800  +0.78463  -0.02162 
 +0.00017  -0.00041  +0.00258  -0.31400  +1.12637 
 
 +/- 

 +0.00013  +0.00004  +0.00003  +0.00002  +0.00001 
 +0.00003  +0.00010  +0.00027  +0.00015  +0.00006 
 +0.00001  +0.00005  +0.00034  +0.00035  +0.00003 
 +0.00001  +0.00002  +0.00028  +0.00029  +0.00005 
 +0.00001  +0.00004  +0.00009  +0.00029  +0.00023 
 
 --- ip = 14, (ap)^2 = 1.39273  =>  p^2 = 4.43756 Gev^2---
 
 Z = 

 +0.93075  -0.00144  -0.00073  +0.00073  +0.00002 
 -0.00113  +1.05204  +0.32880  -0.00322  -0.00030 
 +0.00011  +0.02655  +0.73398  +0.00823  -0.00022 
 +0.00007  +0.00002  +0.00701  +0.79581  -0.02258 
 +0.00015  -0.00037  +0.00227  -0.30704  +1.11808 
 
 +/- 

 +0.00012  +0.00003  +0.00003  +0.00002  +0.00001 
 +0.00003  +0.00009  +0.00025  +0.00014  +0.00005 
 +0.00001  +0.00004  +0.00031  +0.00033  +0.00003 
 +0.00001  +0.00002  +0.00026  +0.00027  +0.00005 
 +0.00001  +0.00003  +0.00009  +0.00027  +0.00020 
 
 --- ip = 15, (ap)^2 = 1.47586  =>  p^2 = 4.70243 Gev^2---
 
 Z = 

 +0.92953  -0.00126  -0.00062  +0.00063  +0.00002 
 -0.00100  +1.05149  +0.32275  -0.00280  -0.00026 
 +0.00009  +0.02717  +0.74665  +0.00719  -0.00018 
 +0.00006  +0.00000  +0.00618  +0.80656  -0.02355 
 +0.00013  -0.00032  +0.00201  -0.30060  +1.11034 
 
 +/- 

 +0.00011  +0.00003  +0.00002  +0.00001  +0.00001 
 +0.00002  +0.00008  +0.00024  +0.00013  +0.00004 
 +0.00001  +0.00004  +0.00029  +0.00031  +0.00002 
 +0.00000  +0.00002  +0.00025  +0.00026  +0.00004 
 +0.00001  +0.00003  +0.00009  +0.00025  +0.00017 
 
 --- ip = 16, (ap)^2 = 1.5614  =>  p^2 = 4.97498 Gev^2---
 
 Z = 

 +0.92836  -0.00111  -0.00053  +0.00055  +0.00002 
 -0.00088  +1.05100  +0.31715  -0.00244  -0.00023 
 +0.00008  +0.02782  +0.75878  +0.00629  -0.00014 
 +0.00006  -0.00001  +0.00546  +0.81690  -0.02452 
 +0.00012  -0.00028  +0.00178  -0.29465  +1.10311 
 
 +/- 

 +0.00011  +0.00003  +0.00002  +0.00001  +0.00001 
 +0.00002  +0.00007  +0.00022  +0.00011  +0.00004 
 +0.00001  +0.00004  +0.00027  +0.00028  +0.00002 
 +0.00000  +0.00002  +0.00023  +0.00026  +0.00004 
 +0.00001  +0.00002  +0.00008  +0.00023  +0.00015 
 
 --- ip = 17, (ap)^2 = 1.64935  =>  p^2 = 5.25521 Gev^2---
 
 Z = 

 +0.92723  -0.00098  -0.00046  +0.00048  +0.00002 
 -0.00078  +1.05059  +0.31199  -0.00212  -0.00020 
 +0.00007  +0.02849  +0.77037  +0.00551  -0.00011 
 +0.00005  -0.00001  +0.00482  +0.82683  -0.02548 
 +0.00010  -0.00024  +0.00157  -0.28917  +1.09635 
 
 +/- 

 +0.00010  +0.00003  +0.00001  +0.00001  +0.00001 
 +0.00002  +0.00007  +0.00021  +0.00010  +0.00003 
 +0.00001  +0.00003  +0.00027  +0.00025  +0.00002 
 +0.00000  +0.00002  +0.00021  +0.00026  +0.00004 
 +0.00000  +0.00002  +0.00007  +0.00022  +0.00013 
 
 --- ip = 18, (ap)^2 = 1.73971  =>  p^2 = 5.54311 Gev^2---
 
 Z = 

 +0.92613  -0.00086  -0.00039  +0.00042  +0.00002 
 -0.00069  +1.05022  +0.30724  -0.00184  -0.00017 
 +0.00006  +0.02917  +0.78144  +0.00484  -0.00010 
 +0.00004  -0.00002  +0.00426  +0.83637  -0.02645 
 +0.00009  -0.00021  +0.00139  -0.28413  +1.09003 
 
 +/- 

 +0.00010  +0.00002  +0.00001  +0.00001  +0.00001 
 +0.00002  +0.00006  +0.00020  +0.00008  +0.00003 
 +0.00001  +0.00003  +0.00026  +0.00021  +0.00002 
 +0.00000  +0.00002  +0.00018  +0.00026  +0.00004 
 +0.00000  +0.00002  +0.00006  +0.00021  +0.00011 
 
 --- ip = 19, (ap)^2 = 1.83248  =>  p^2 = 5.83869 Gev^2---
 
 Z = 

 +0.92506  -0.00075  -0.00034  +0.00037  +0.00002 
 -0.00060  +1.04990  +0.30289  -0.00161  -0.00015 
 +0.00005  +0.02986  +0.79200  +0.00426  -0.00008 
 +0.00003  -0.00002  +0.00378  +0.84552  -0.02741 
 +0.00008  -0.00018  +0.00124  -0.27950  +1.08410 
 
 +/- 

 +0.00010  +0.00002  +0.00001  +0.00001  +0.00000 
 +0.00002  +0.00006  +0.00020  +0.00007  +0.00002 
 +0.00001  +0.00004  +0.00026  +0.00018  +0.00002 
 +0.00000  +0.00001  +0.00015  +0.00025  +0.00004 
 +0.00000  +0.00002  +0.00005  +0.00020  +0.00011 
 
 --- ip = 20, (ap)^2 = 1.92766  =>  p^2 = 6.14195 Gev^2---
 
 Z = 

 +0.92402  -0.00066  -0.00029  +0.00032  +0.00002 
 -0.00053  +1.04963  +0.29891  -0.00141  -0.00013 
 +0.00004  +0.03056  +0.80208  +0.00377  -0.00008 
 +0.00003  -0.00001  +0.00337  +0.85430  -0.02835 
 +0.00007  -0.00016  +0.00110  -0.27525  +1.07853 
 
 +/- 

 +0.00009  +0.00002  +0.00001  +0.00001  +0.00000 
 +0.00001  +0.00006  +0.00019  +0.00006  +0.00002 
 +0.00000  +0.00003  +0.00024  +0.00015  +0.00001 
 +0.00000  +0.00001  +0.00013  +0.00024  +0.00004 
 +0.00000  +0.00002  +0.00004  +0.00019  +0.00010 
 
 --- ip = 21, (ap)^2 = 2.02524  =>  p^2 = 6.45289 Gev^2---
 
 Z = 

 +0.92300  -0.00058  -0.00025  +0.00028  +0.00002 
 -0.00046  +1.04940  +0.29529  -0.00123  -0.00012 
 +0.00003  +0.03127  +0.81172  +0.00333  -0.00007 
 +0.00002  -0.00001  +0.00300  +0.86275  -0.02930 
 +0.00006  -0.00014  +0.00098  -0.27136  +1.07329 
 
 +/- 

 +0.00009  +0.00002  +0.00001  +0.00001  +0.00000 
 +0.00001  +0.00006  +0.00018  +0.00005  +0.00002 
 +0.00000  +0.00003  +0.00023  +0.00013  +0.00001 
 +0.00000  +0.00001  +0.00011  +0.00022  +0.00003 
 +0.00000  +0.00001  +0.00004  +0.00018  +0.00010 
 
 --- ip = 22, (ap)^2 = 2.12524  =>  p^2 = 6.7715 Gev^2---
 
 Z = 

 +0.92199  -0.00052  -0.00022  +0.00025  +0.00002 
 -0.00041  +1.04923  +0.29202  -0.00108  -0.00011 
 +0.00003  +0.03199  +0.82095  +0.00294  -0.00007 
 +0.00002  -0.00000  +0.00266  +0.87089  -0.03024 
 +0.00005  -0.00013  +0.00087  -0.26782  +1.06834 
 
 +/- 

 +0.00009  +0.00001  +0.00001  +0.00001  +0.00000 
 +0.00001  +0.00005  +0.00017  +0.00005  +0.00002 
 +0.00000  +0.00003  +0.00021  +0.00012  +0.00001 
 +0.00000  +0.00001  +0.00010  +0.00021  +0.00003 
 +0.00000  +0.00001  +0.00003  +0.00017  +0.00009 
 
 --- ip = 23, (ap)^2 = 2.22765  =>  p^2 = 7.09779 Gev^2---
 
 Z = 

 +0.92100  -0.00046  -0.00019  +0.00022  +0.00002 
 -0.00036  +1.04911  +0.28909  -0.00095  -0.00009 
 +0.00003  +0.03272  +0.82977  +0.00260  -0.00006 
 +0.00002  +0.00000  +0.00237  +0.87873  -0.03118 
 +0.00005  -0.00011  +0.00077  -0.26461  +1.06368 
 
 +/- 

 +0.00008  +0.00001  +0.00001  +0.00001  +0.00000 
 +0.00001  +0.00005  +0.00016  +0.00004  +0.00002 
 +0.00000  +0.00003  +0.00020  +0.00011  +0.00001 
 +0.00000  +0.00001  +0.00010  +0.00020  +0.00003 
 +0.00000  +0.00001  +0.00003  +0.00017  +0.00008 
 
 --- ip = 24, (ap)^2 = 2.33247  =>  p^2 = 7.43176 Gev^2---
 
 Z = 

 +0.92002  -0.00041  -0.00016  +0.00020  +0.00002 
 -0.00033  +1.04905  +0.28649  -0.00084  -0.00008 
 +0.00003  +0.03346  +0.83820  +0.00231  -0.00005 
 +0.00001  +0.00000  +0.00211  +0.88628  -0.03213 
 +0.00004  -0.00010  +0.00068  -0.26172  +1.05927 
 
 +/- 

 +0.00008  +0.00001  +0.00001  +0.00000  +0.00000 
 +0.00001  +0.00005  +0.00016  +0.00004  +0.00001 
 +0.00000  +0.00003  +0.00020  +0.00011  +0.00001 
 +0.00000  +0.00001  +0.00009  +0.00020  +0.00003 
 +0.00000  +0.00001  +0.00003  +0.00017  +0.00007 
 
 --- ip = 25, (ap)^2 = 2.43969  =>  p^2 = 7.7734 Gev^2---
 
 Z = 

 +0.91903  -0.00036  -0.00014  +0.00017  +0.00001 
 -0.00029  +1.04904  +0.28420  -0.00074  -0.00007 
 +0.00002  +0.03421  +0.84630  +0.00204  -0.00004 
 +0.00001  -0.00001  +0.00188  +0.89357  -0.03308 
 +0.00004  -0.00009  +0.00060  -0.25913  +1.05508 
 
 +/- 

 +0.00008  +0.00001  +0.00001  +0.00000  +0.00000 
 +0.00001  +0.00005  +0.00016  +0.00003  +0.00001 
 +0.00000  +0.00003  +0.00019  +0.00009  +0.00001 
 +0.00000  +0.00001  +0.00008  +0.00019  +0.00003 
 +0.00000  +0.00001  +0.00002  +0.00016  +0.00007 
 
 --- ip = 26, (ap)^2 = 2.54933  =>  p^2 = 8.12273 Gev^2---
 
 Z = 

 +0.91806  -0.00032  -0.00012  +0.00016  +0.00001 
 -0.00026  +1.04907  +0.28218  -0.00065  -0.00007 
 +0.00002  +0.03498  +0.85409  +0.00182  -0.00003 
 +0.00001  -0.00001  +0.00169  +0.90064  -0.03403 
 +0.00003  -0.00008  +0.00054  -0.25679  +1.05111 
 
 +/- 

 +0.00007  +0.00001  +0.00001  +0.00000  +0.00000 
 +0.00001  +0.00005  +0.00016  +0.00003  +0.00001 
 +0.00000  +0.00003  +0.00019  +0.00008  +0.00001 
 +0.00000  +0.00001  +0.00007  +0.00018  +0.00003 
 +0.00000  +0.00001  +0.00002  +0.00016  +0.00007 
 
 --- ip = 27, (ap)^2 = 2.66137  =>  p^2 = 8.47973 Gev^2---
 
 Z = 

 +0.91708  -0.00029  -0.00010  +0.00014  +0.00001 
 -0.00023  +1.04913  +0.28042  -0.00057  -0.00007 
 +0.00002  +0.03576  +0.86159  +0.00163  -0.00003 
 +0.00001  -0.00001  +0.00152  +0.90749  -0.03499 
 +0.00003  -0.00008  +0.00048  -0.25470  +1.04734 
 
 +/- 

 +0.00007  +0.00001  +0.00001  +0.00000  +0.00000 
 +0.00001  +0.00005  +0.00016  +0.00003  +0.00001 
 +0.00000  +0.00003  +0.00017  +0.00006  +0.00001 
 +0.00000  +0.00001  +0.00006  +0.00017  +0.00003 
 +0.00000  +0.00001  +0.00002  +0.00016  +0.00007 
 
 --- ip = 28, (ap)^2 = 2.77583  =>  p^2 = 8.84441 Gev^2---
 
 Z = 

 +0.91610  -0.00026  -0.00008  +0.00013  +0.00001 
 -0.00021  +1.04923  +0.27890  -0.00050  -0.00006 
 +0.00002  +0.03655  +0.86883  +0.00145  -0.00002 
 +0.00001  -0.00001  +0.00137  +0.91416  -0.03594 
 +0.00003  -0.00007  +0.00043  -0.25283  +1.04374 
 
 +/- 

 +0.00007  +0.00001  +0.00001  +0.00000  +0.00000 
 +0.00001  +0.00005  +0.00016  +0.00003  +0.00001 
 +0.00000  +0.00003  +0.00016  +0.00006  +0.00001 
 +0.00000  +0.00001  +0.00005  +0.00016  +0.00003 
 +0.00000  +0.00001  +0.00002  +0.00015  +0.00007 
 
 --- ip = 29, (ap)^2 = 2.89269  =>  p^2 = 9.21676 Gev^2---
 
 Z = 

 +0.91512  -0.00024  -0.00007  +0.00011  +0.00001 
 -0.00020  +1.04936  +0.27761  -0.00044  -0.00006 
 +0.00002  +0.03736  +0.87584  +0.00130  -0.00002 
 +0.00001  -0.00001  +0.00123  +0.92065  -0.03691 
 +0.00002  -0.00007  +0.00038  -0.25117  +1.04029 
 
 +/- 

 +0.00007  +0.00001  +0.00000  +0.00000  +0.00000 
 +0.00000  +0.00005  +0.00016  +0.00003  +0.00001 
 +0.00000  +0.00003  +0.00015  +0.00005  +0.00001 
 +0.00000  +0.00001  +0.00004  +0.00015  +0.00003 
 +0.00000  +0.00000  +0.00002  +0.00015  +0.00006 
 
 --- ip = 30, (ap)^2 = 3.01196  =>  p^2 = 9.5968 Gev^2---
 
 Z = 

 +0.91412  -0.00021  -0.00006  +0.00010  +0.00001 
 -0.00018  +1.04951  +0.27654  -0.00039  -0.00005 
 +0.00002  +0.03819  +0.88261  +0.00116  -0.00001 
 +0.00001  -0.00001  +0.00111  +0.92697  -0.03787 
 +0.00002  -0.00006  +0.00034  -0.24972  +1.03698 
 
 +/- 

 +0.00006  +0.00001  +0.00000  +0.00000  +0.00000 
 +0.00000  +0.00005  +0.00015  +0.00002  +0.00001 
 +0.00000  +0.00003  +0.00014  +0.00005  +0.00001 
 +0.00000  +0.00000  +0.00004  +0.00015  +0.00003 
 +0.00000  +0.00000  +0.00002  +0.00015  +0.00006 
 
 --- ip = 31, (ap)^2 = 3.13365  =>  p^2 = 9.98451 Gev^2---
 
 Z = 

 +0.91311  -0.00019  -0.00005  +0.00009  +0.00001 
 -0.00016  +1.04971  +0.27568  -0.00034  -0.00005 
 +0.00002  +0.03902  +0.88917  +0.00103  -0.00001 
 +0.00001  -0.00001  +0.00099  +0.93314  -0.03885 
 +0.00002  -0.00005  +0.00030  -0.24847  +1.03379 
 
 +/- 

 +0.00006  +0.00001  +0.00000  +0.00000  +0.00000 
 +0.00000  +0.00005  +0.00015  +0.00002  +0.00001 
 +0.00000  +0.00003  +0.00013  +0.00004  +0.00000 
 +0.00000  +0.00000  +0.00004  +0.00014  +0.00003 
 +0.00000  +0.00000  +0.00001  +0.00014  +0.00005 
 
 -------- am = 0.005 ------------ 

 
 --- ip = 1, (ap)^2 = 0.53131  =>  p^2 = 1.69287 Gev^2---
 
 Z = 

 +0.95882  -0.01067  -0.00774  +0.00550  +0.00041 
 -0.00884  +1.06762  +0.46140  -0.02348  -0.00315 
 +0.00047  +0.01909  +0.49355  +0.05815  -0.00105 
 +0.00046  +0.00123  +0.04255  +0.59319  -0.00831 
 +0.00104  -0.00185  +0.01363  -0.46261  +1.30655 
 
 +/- 

 +0.00027  +0.00034  +0.00024  +0.00017  +0.00016 
 +0.00028  +0.00046  +0.00056  +0.00058  +0.00049 
 +0.00017  +0.00022  +0.00093  +0.00138  +0.00045 
 +0.00013  +0.00022  +0.00102  +0.00086  +0.00031 
 +0.00010  +0.00023  +0.00041  +0.00063  +0.00084 
 
 --- ip = 2, (ap)^2 = 0.583116  =>  p^2 = 1.85794 Gev^2---
 
 Z = 

 +0.95527  -0.00857  -0.00617  +0.00448  +0.00032 
 -0.00710  +1.06597  +0.44699  -0.02002  -0.00254 
 +0.00048  +0.01970  +0.51855  +0.04924  -0.00105 
 +0.00043  +0.00091  +0.03646  +0.61424  -0.00947 
 +0.00083  -0.00168  +0.01174  -0.44357  +1.28216 
 
 +/- 

 +0.00023  +0.00030  +0.00021  +0.00014  +0.00015 
 +0.00022  +0.00037  +0.00049  +0.00047  +0.00040 
 +0.00014  +0.00016  +0.00082  +0.00113  +0.00034 
 +0.00010  +0.00020  +0.00090  +0.00083  +0.00025 
 +0.00008  +0.00017  +0.00035  +0.00058  +0.00072 
 
 --- ip = 3, (ap)^2 = 0.637332  =>  p^2 = 2.03068 Gev^2---
 
 Z = 

 +0.95217  -0.00692  -0.00493  +0.00375  +0.00019 
 -0.00570  +1.06430  +0.43337  -0.01694  -0.00216 
 +0.00045  +0.02035  +0.54230  +0.04177  -0.00103 
 +0.00042  +0.00060  +0.03122  +0.63416  -0.01061 
 +0.00069  -0.00159  +0.01005  -0.42618  +1.26026 
 
 +/- 

 +0.00019  +0.00025  +0.00017  +0.00012  +0.00013 
 +0.00018  +0.00031  +0.00049  +0.00042  +0.00034 
 +0.00011  +0.00016  +0.00081  +0.00096  +0.00029 
 +0.00008  +0.00017  +0.00078  +0.00083  +0.00021 
 +0.00007  +0.00016  +0.00030  +0.00057  +0.00064 
 
 --- ip = 4, (ap)^2 = 0.693957  =>  p^2 = 2.2111 Gev^2---
 
 Z = 

 +0.94941  -0.00564  -0.00396  +0.00314  +0.00010 
 -0.00457  +1.06270  +0.42050  -0.01422  -0.00187 
 +0.00039  +0.02089  +0.56474  +0.03540  -0.00092 
 +0.00038  +0.00046  +0.02683  +0.65302  -0.01182 
 +0.00057  -0.00144  +0.00861  -0.41037  +1.24075 
 
 +/- 

 +0.00016  +0.00021  +0.00014  +0.00011  +0.00010 
 +0.00016  +0.00027  +0.00048  +0.00041  +0.00029 
 +0.00008  +0.00016  +0.00082  +0.00085  +0.00026 
 +0.00006  +0.00014  +0.00068  +0.00079  +0.00019 
 +0.00005  +0.00015  +0.00026  +0.00053  +0.00054 
 
 --- ip = 5, (ap)^2 = 0.752991  =>  p^2 = 2.3992 Gev^2---
 
 Z = 

 +0.94687  -0.00456  -0.00317  +0.00258  +0.00005 
 -0.00366  +1.06127  +0.40834  -0.01188  -0.00161 
 +0.00035  +0.02133  +0.58610  +0.02990  -0.00075 
 +0.00030  +0.00040  +0.02307  +0.67102  -0.01310 
 +0.00046  -0.00124  +0.00741  -0.39593  +1.22324 
 
 +/- 

 +0.00015  +0.00018  +0.00012  +0.00010  +0.00008 
 +0.00014  +0.00024  +0.00044  +0.00038  +0.00024 
 +0.00006  +0.00015  +0.00077  +0.00072  +0.00020 
 +0.00005  +0.00010  +0.00057  +0.00071  +0.00016 
 +0.00004  +0.00014  +0.00023  +0.00046  +0.00043 
 
 --- ip = 6, (ap)^2 = 0.814435  =>  p^2 = 2.59497 Gev^2---
 
 Z = 

 +0.94451  -0.00366  -0.00252  +0.00209  -0.00001 
 -0.00294  +1.06002  +0.39689  -0.01000  -0.00136 
 +0.00032  +0.02178  +0.60643  +0.02542  -0.00061 
 +0.00022  +0.00036  +0.01989  +0.68819  -0.01435 
 +0.00036  -0.00107  +0.00638  -0.38261  +1.20728 
 
 +/- 

 +0.00014  +0.00015  +0.00010  +0.00008  +0.00005 
 +0.00012  +0.00020  +0.00038  +0.00034  +0.00018 
 +0.00005  +0.00013  +0.00068  +0.00064  +0.00015 
 +0.00004  +0.00007  +0.00049  +0.00061  +0.00014 
 +0.00004  +0.00012  +0.00019  +0.00038  +0.00032 
 
 --- ip = 7, (ap)^2 = 0.878289  =>  p^2 = 2.79843 Gev^2---
 
 Z = 

 +0.94234  -0.00300  -0.00203  +0.00171  -0.00006 
 -0.00241  +1.05883  +0.38612  -0.00847  -0.00113 
 +0.00027  +0.02233  +0.62574  +0.02172  -0.00054 
 +0.00015  +0.00034  +0.01718  +0.70447  -0.01551 
 +0.00028  -0.00094  +0.00547  -0.37029  +1.19266 
 
 +/- 

 +0.00013  +0.00013  +0.00009  +0.00007  +0.00004 
 +0.00010  +0.00017  +0.00033  +0.00030  +0.00013 
 +0.00005  +0.00011  +0.00055  +0.00060  +0.00012 
 +0.00003  +0.00007  +0.00046  +0.00049  +0.00010 
 +0.00003  +0.00010  +0.00016  +0.00030  +0.00025 
 
 --- ip = 8, (ap)^2 = 0.944552  =>  p^2 = 3.00956 Gev^2---
 
 Z = 

 +0.94035  -0.00252  -0.00166  +0.00142  -0.00009 
 -0.00203  +1.05768  +0.37603  -0.00717  -0.00091 
 +0.00021  +0.02296  +0.64397  +0.01848  -0.00050 
 +0.00011  +0.00029  +0.01478  +0.71984  -0.01662 
 +0.00022  -0.00083  +0.00468  -0.35892  +1.17928 
 
 +/- 

 +0.00012  +0.00010  +0.00008  +0.00005  +0.00003 
 +0.00008  +0.00014  +0.00027  +0.00025  +0.00010 
 +0.00004  +0.00008  +0.00044  +0.00056  +0.00010 
 +0.00003  +0.00006  +0.00045  +0.00039  +0.00008 
 +0.00003  +0.00008  +0.00015  +0.00024  +0.00021 
 
 --- ip = 9, (ap)^2 = 1.01322  =>  p^2 = 3.22836 Gev^2---
 
 Z = 

 +0.93851  -0.00212  -0.00134  +0.00119  -0.00009 
 -0.00171  +1.05659  +0.36666  -0.00600  -0.00073 
 +0.00015  +0.02360  +0.66113  +0.01562  -0.00044 
 +0.00008  +0.00023  +0.01265  +0.73430  -0.01770 
 +0.00017  -0.00072  +0.00399  -0.34844  +1.16699 
 
 +/- 

 +0.00010  +0.00008  +0.00007  +0.00004  +0.00002 
 +0.00007  +0.00012  +0.00023  +0.00022  +0.00010 
 +0.00003  +0.00007  +0.00036  +0.00052  +0.00007 
 +0.00002  +0.00005  +0.00043  +0.00033  +0.00006 
 +0.00002  +0.00006  +0.00014  +0.00021  +0.00018 
 
 --- ip = 10, (ap)^2 = 1.08431  =>  p^2 = 3.45485 Gev^2---
 
 Z = 

 +0.93681  -0.00176  -0.00109  +0.00098  -0.00009 
 -0.00144  +1.05560  +0.35794  -0.00494  -0.00060 
 +0.00011  +0.02420  +0.67732  +0.01314  -0.00037 
 +0.00007  +0.00017  +0.01077  +0.74792  -0.01874 
 +0.00013  -0.00061  +0.00340  -0.33876  +1.15565 
 
 +/- 

 +0.00009  +0.00007  +0.00006  +0.00003  +0.00002 
 +0.00006  +0.00010  +0.00021  +0.00021  +0.00010 
 +0.00003  +0.00006  +0.00033  +0.00047  +0.00005 
 +0.00002  +0.00005  +0.00039  +0.00031  +0.00006 
 +0.00002  +0.00006  +0.00014  +0.00019  +0.00018 
 
 --- ip = 11, (ap)^2 = 1.1578  =>  p^2 = 3.68901 Gev^2---
 
 Z = 

 +0.93523  -0.00145  -0.00088  +0.00081  -0.00006 
 -0.00119  +1.05470  +0.34981  -0.00410  -0.00048 
 +0.00009  +0.02479  +0.69268  +0.01107  -0.00032 
 +0.00005  +0.00014  +0.00918  +0.76087  -0.01974 
 +0.00011  -0.00051  +0.00291  -0.32983  +1.14519 
 
 +/- 

 +0.00008  +0.00007  +0.00006  +0.00003  +0.00002 
 +0.00005  +0.00008  +0.00020  +0.00020  +0.00009 
 +0.00002  +0.00006  +0.00033  +0.00041  +0.00005 
 +0.00001  +0.00005  +0.00033  +0.00031  +0.00005 
 +0.00001  +0.00005  +0.00013  +0.00018  +0.00018 
 
 --- ip = 12, (ap)^2 = 1.2337  =>  p^2 = 3.93085 Gev^2---
 
 Z = 

 +0.93375  -0.00120  -0.00071  +0.00066  -0.00004 
 -0.00100  +1.05386  +0.34222  -0.00344  -0.00039 
 +0.00008  +0.02539  +0.70733  +0.00935  -0.00029 
 +0.00004  +0.00012  +0.00783  +0.77324  -0.02072 
 +0.00010  -0.00041  +0.00251  -0.32159  +1.13556 
 
 +/- 

 +0.00008  +0.00005  +0.00005  +0.00002  +0.00001 
 +0.00004  +0.00007  +0.00019  +0.00018  +0.00008 
 +0.00002  +0.00006  +0.00033  +0.00034  +0.00005 
 +0.00001  +0.00005  +0.00027  +0.00032  +0.00005 
 +0.00001  +0.00004  +0.00011  +0.00016  +0.00016 
 
 --- ip = 13, (ap)^2 = 1.31201  =>  p^2 = 4.18036 Gev^2---
 
 Z = 

 +0.93235  -0.00102  -0.00057  +0.00055  -0.00002 
 -0.00085  +1.05309  +0.33516  -0.00290  -0.00032 
 +0.00007  +0.02600  +0.72129  +0.00792  -0.00026 
 +0.00003  +0.00010  +0.00671  +0.78505  -0.02169 
 +0.00009  -0.00034  +0.00217  -0.31398  +1.12663 
 
 +/- 

 +0.00007  +0.00005  +0.00004  +0.00002  +0.00001 
 +0.00004  +0.00007  +0.00017  +0.00016  +0.00007 
 +0.00002  +0.00005  +0.00032  +0.00029  +0.00005 
 +0.00001  +0.00004  +0.00023  +0.00031  +0.00005 
 +0.00001  +0.00003  +0.00010  +0.00015  +0.00013 
 
 --- ip = 14, (ap)^2 = 1.39273  =>  p^2 = 4.43756 Gev^2---
 
 Z = 

 +0.93102  -0.00087  -0.00046  +0.00047  -0.00001 
 -0.00072  +1.05240  +0.32862  -0.00246  -0.00028 
 +0.00006  +0.02661  +0.73455  +0.00679  -0.00022 
 +0.00002  +0.00008  +0.00582  +0.79628  -0.02266 
 +0.00008  -0.00030  +0.00188  -0.30696  +1.11827 
 
 +/- 

 +0.00007  +0.00005  +0.00003  +0.00002  +0.00001 
 +0.00004  +0.00006  +0.00016  +0.00015  +0.00006 
 +0.00002  +0.00005  +0.00030  +0.00025  +0.00004 
 +0.00001  +0.00004  +0.00020  +0.00029  +0.00005 
 +0.00001  +0.00003  +0.00008  +0.00014  +0.00011 
 
 --- ip = 15, (ap)^2 = 1.47586  =>  p^2 = 4.70243 Gev^2---
 
 Z = 

 +0.92976  -0.00075  -0.00037  +0.00041  -0.00001 
 -0.00061  +1.05181  +0.32260  -0.00212  -0.00026 
 +0.00006  +0.02723  +0.74715  +0.00592  -0.00018 
 +0.00002  +0.00007  +0.00514  +0.80698  -0.02361 
 +0.00008  -0.00027  +0.00165  -0.30051  +1.11047 
 
 +/- 

 +0.00007  +0.00004  +0.00003  +0.00002  +0.00001 
 +0.00003  +0.00006  +0.00016  +0.00013  +0.00005 
 +0.00001  +0.00004  +0.00027  +0.00024  +0.00004 
 +0.00001  +0.00003  +0.00020  +0.00026  +0.00004 
 +0.00001  +0.00002  +0.00008  +0.00014  +0.00010 
 
 --- ip = 16, (ap)^2 = 1.5614  =>  p^2 = 4.97498 Gev^2---
 
 Z = 

 +0.92856  -0.00065  -0.00029  +0.00035  -0.00000 
 -0.00053  +1.05128  +0.31702  -0.00185  -0.00024 
 +0.00006  +0.02786  +0.75921  +0.00524  -0.00015 
 +0.00002  +0.00006  +0.00460  +0.81727  -0.02457 
 +0.00007  -0.00026  +0.00147  -0.29455  +1.10320 
 
 +/- 

 +0.00006  +0.00004  +0.00002  +0.00002  +0.00001 
 +0.00003  +0.00005  +0.00015  +0.00011  +0.00004 
 +0.00001  +0.00004  +0.00024  +0.00022  +0.00004 
 +0.00001  +0.00003  +0.00018  +0.00023  +0.00004 
 +0.00001  +0.00002  +0.00007  +0.00013  +0.00009 
 
 --- ip = 17, (ap)^2 = 1.64935  =>  p^2 = 5.25521 Gev^2---
 
 Z = 

 +0.92742  -0.00057  -0.00023  +0.00031  -0.00000 
 -0.00047  +1.05083  +0.31183  -0.00158  -0.00024 
 +0.00006  +0.02852  +0.77080  +0.00465  -0.00013 
 +0.00002  +0.00006  +0.00412  +0.82721  -0.02553 
 +0.00006  -0.00024  +0.00130  -0.28903  +1.09642 
 
 +/- 

 +0.00006  +0.00003  +0.00002  +0.00001  +0.00001 
 +0.00003  +0.00005  +0.00013  +0.00010  +0.00003 
 +0.00001  +0.00004  +0.00020  +0.00020  +0.00003 
 +0.00000  +0.00003  +0.00016  +0.00020  +0.00004 
 +0.00000  +0.00002  +0.00006  +0.00013  +0.00007 
 
 --- ip = 18, (ap)^2 = 1.73971  =>  p^2 = 5.54311 Gev^2---
 
 Z = 

 +0.92632  -0.00050  -0.00019  +0.00027  +0.00000 
 -0.00041  +1.05044  +0.30707  -0.00133  -0.00024 
 +0.00005  +0.02918  +0.78186  +0.00409  -0.00011 
 +0.00002  +0.00005  +0.00366  +0.83675  -0.02649 
 +0.00005  -0.00023  +0.00114  -0.28397  +1.09010 
 
 +/- 

 +0.00006  +0.00003  +0.00001  +0.00001  +0.00001 
 +0.00002  +0.00005  +0.00012  +0.00009  +0.00003 
 +0.00001  +0.00004  +0.00017  +0.00018  +0.00002 
 +0.00000  +0.00002  +0.00014  +0.00018  +0.00004 
 +0.00000  +0.00002  +0.00005  +0.00012  +0.00006 
 
 --- ip = 19, (ap)^2 = 1.83248  =>  p^2 = 5.83869 Gev^2---
 
 Z = 

 +0.92526  -0.00044  -0.00016  +0.00023  +0.00000 
 -0.00036  +1.05010  +0.30271  -0.00114  -0.00022 
 +0.00004  +0.02987  +0.79241  +0.00358  -0.00009 
 +0.00001  +0.00004  +0.00322  +0.84588  -0.02743 
 +0.00004  -0.00021  +0.00101  -0.27933  +1.08419 
 
 +/- 

 +0.00005  +0.00003  +0.00001  +0.00001  +0.00001 
 +0.00002  +0.00004  +0.00013  +0.00008  +0.00003 
 +0.00001  +0.00003  +0.00017  +0.00015  +0.00002 
 +0.00000  +0.00002  +0.00012  +0.00017  +0.00004 
 +0.00000  +0.00002  +0.00004  +0.00012  +0.00005 
 
 --- ip = 20, (ap)^2 = 1.92766  =>  p^2 = 6.14195 Gev^2---
 
 Z = 

 +0.92422  -0.00037  -0.00014  +0.00020  -0.00000 
 -0.00031  +1.04982  +0.29873  -0.00099  -0.00019 
 +0.00003  +0.03056  +0.80248  +0.00312  -0.00008 
 +0.00001  +0.00003  +0.00282  +0.85465  -0.02838 
 +0.00003  -0.00019  +0.00089  -0.27509  +1.07864 
 
 +/- 

 +0.00005  +0.00002  +0.00001  +0.00001  +0.00000 
 +0.00002  +0.00004  +0.00013  +0.00007  +0.00003 
 +0.00001  +0.00003  +0.00018  +0.00013  +0.00002 
 +0.00000  +0.00002  +0.00011  +0.00017  +0.00004 
 +0.00000  +0.00002  +0.00004  +0.00013  +0.00005 
 
 --- ip = 21, (ap)^2 = 2.02524  =>  p^2 = 6.45289 Gev^2---
 
 Z = 

 +0.92320  -0.00032  -0.00013  +0.00017  -0.00000 
 -0.00026  +1.04959  +0.29512  -0.00087  -0.00016 
 +0.00002  +0.03127  +0.81208  +0.00271  -0.00007 
 +0.00001  +0.00002  +0.00248  +0.86307  -0.02932 
 +0.00003  -0.00016  +0.00078  -0.27121  +1.07339 
 
 +/- 

 +0.00005  +0.00002  +0.00001  +0.00001  +0.00000 
 +0.00002  +0.00004  +0.00014  +0.00006  +0.00003 
 +0.00000  +0.00003  +0.00017  +0.00012  +0.00002 
 +0.00000  +0.00001  +0.00011  +0.00017  +0.00004 
 +0.00000  +0.00001  +0.00004  +0.00013  +0.00005 
 
 --- ip = 22, (ap)^2 = 2.12524  =>  p^2 = 6.7715 Gev^2---
 
 Z = 

 +0.92219  -0.00028  -0.00011  +0.00014  -0.00000 
 -0.00022  +1.04940  +0.29185  -0.00077  -0.00014 
 +0.00002  +0.03198  +0.82126  +0.00239  -0.00006 
 +0.00001  +0.00002  +0.00220  +0.87116  -0.03026 
 +0.00003  -0.00014  +0.00069  -0.26767  +1.06842 
 
 +/- 

 +0.00005  +0.00002  +0.00001  +0.00001  +0.00000 
 +0.00001  +0.00004  +0.00014  +0.00006  +0.00002 
 +0.00000  +0.00003  +0.00016  +0.00011  +0.00001 
 +0.00000  +0.00001  +0.00010  +0.00016  +0.00004 
 +0.00000  +0.00001  +0.00004  +0.00013  +0.00005 
 
 --- ip = 23, (ap)^2 = 2.22765  =>  p^2 = 7.09779 Gev^2---
 
 Z = 

 +0.92119  -0.00025  -0.00010  +0.00012  -0.00000 
 -0.00020  +1.04926  +0.28891  -0.00069  -0.00012 
 +0.00002  +0.03271  +0.83004  +0.00214  -0.00005 
 +0.00000  +0.00001  +0.00200  +0.87896  -0.03120 
 +0.00002  -0.00013  +0.00062  -0.26445  +1.06374 
 
 +/- 

 +0.00005  +0.00001  +0.00001  +0.00001  +0.00000 
 +0.00001  +0.00004  +0.00014  +0.00006  +0.00002 
 +0.00000  +0.00003  +0.00015  +0.00010  +0.00001 
 +0.00000  +0.00001  +0.00009  +0.00015  +0.00004 
 +0.00000  +0.00001  +0.00004  +0.00013  +0.00005 
 
 --- ip = 24, (ap)^2 = 2.33247  =>  p^2 = 7.43176 Gev^2---
 
 Z = 

 +0.92021  -0.00022  -0.00008  +0.00011  -0.00000 
 -0.00017  +1.04917  +0.28630  -0.00062  -0.00011 
 +0.00002  +0.03344  +0.83845  +0.00194  -0.00004 
 +0.00000  +0.00001  +0.00182  +0.88648  -0.03214 
 +0.00002  -0.00012  +0.00056  -0.26155  +1.05932 
 
 +/- 

 +0.00005  +0.00001  +0.00001  +0.00000  +0.00000 
 +0.00001  +0.00004  +0.00014  +0.00005  +0.00001 
 +0.00000  +0.00003  +0.00014  +0.00008  +0.00001 
 +0.00000  +0.00001  +0.00007  +0.00014  +0.00004 
 +0.00000  +0.00001  +0.00003  +0.00013  +0.00006 
 
 --- ip = 25, (ap)^2 = 2.43969  =>  p^2 = 7.7734 Gev^2---
 
 Z = 

 +0.91922  -0.00019  -0.00006  +0.00010  -0.00000 
 -0.00015  +1.04914  +0.28398  -0.00055  -0.00009 
 +0.00002  +0.03419  +0.84655  +0.00174  -0.00004 
 +0.00000  +0.00000  +0.00164  +0.89377  -0.03308 
 +0.00002  -0.00010  +0.00050  -0.25893  +1.05515 
 
 +/- 

 +0.00005  +0.00001  +0.00001  +0.00000  +0.00000 
 +0.00001  +0.00004  +0.00013  +0.00004  +0.00001 
 +0.00000  +0.00003  +0.00013  +0.00007  +0.00001 
 +0.00000  +0.00001  +0.00006  +0.00013  +0.00004 
 +0.00000  +0.00001  +0.00002  +0.00012  +0.00005 
 
 --- ip = 26, (ap)^2 = 2.54933  =>  p^2 = 8.12273 Gev^2---
 
 Z = 

 +0.91824  -0.00017  -0.00005  +0.00009  -0.00000 
 -0.00014  +1.04915  +0.28195  -0.00048  -0.00007 
 +0.00001  +0.03496  +0.85433  +0.00151  -0.00003 
 +0.00000  -0.00000  +0.00144  +0.90083  -0.03403 
 +0.00002  -0.00009  +0.00044  -0.25658  +1.05118 
 
 +/- 

 +0.00005  +0.00001  +0.00001  +0.00000  +0.00000 
 +0.00001  +0.00004  +0.00012  +0.00004  +0.00001 
 +0.00000  +0.00003  +0.00012  +0.00007  +0.00001 
 +0.00000  +0.00001  +0.00006  +0.00013  +0.00004 
 +0.00000  +0.00001  +0.00002  +0.00012  +0.00005 
 
 --- ip = 27, (ap)^2 = 2.66137  =>  p^2 = 8.47973 Gev^2---
 
 Z = 

 +0.91726  -0.00015  -0.00004  +0.00008  -0.00000 
 -0.00012  +1.04919  +0.28019  -0.00040  -0.00006 
 +0.00001  +0.03573  +0.86180  +0.00130  -0.00002 
 +0.00000  -0.00000  +0.00126  +0.90766  -0.03497 
 +0.00001  -0.00007  +0.00038  -0.25447  +1.04739 
 
 +/- 

 +0.00005  +0.00001  +0.00001  +0.00000  +0.00000 
 +0.00001  +0.00004  +0.00012  +0.00003  +0.00001 
 +0.00000  +0.00003  +0.00012  +0.00007  +0.00001 
 +0.00000  +0.00001  +0.00006  +0.00013  +0.00004 
 +0.00000  +0.00001  +0.00002  +0.00011  +0.00005 
 
 --- ip = 28, (ap)^2 = 2.77583  =>  p^2 = 8.84441 Gev^2---
 
 Z = 

 +0.91627  -0.00014  -0.00004  +0.00007  +0.00000 
 -0.00012  +1.04928  +0.27868  -0.00034  -0.00005 
 +0.00001  +0.03653  +0.86901  +0.00113  -0.00002 
 +0.00000  -0.00000  +0.00111  +0.91430  -0.03593 
 +0.00001  -0.00007  +0.00033  -0.25259  +1.04378 
 
 +/- 

 +0.00005  +0.00001  +0.00001  +0.00000  +0.00000 
 +0.00001  +0.00004  +0.00012  +0.00003  +0.00001 
 +0.00000  +0.00003  +0.00012  +0.00006  +0.00001 
 +0.00000  +0.00001  +0.00005  +0.00013  +0.00004 
 +0.00000  +0.00001  +0.00002  +0.00011  +0.00005 
 
 --- ip = 29, (ap)^2 = 2.89269  =>  p^2 = 9.21676 Gev^2---
 
 Z = 

 +0.91528  -0.00013  -0.00004  +0.00006  +0.00000 
 -0.00011  +1.04939  +0.27738  -0.00030  -0.00005 
 +0.00001  +0.03733  +0.87599  +0.00101  -0.00002 
 +0.00000  -0.00000  +0.00100  +0.92077  -0.03688 
 +0.00001  -0.00006  +0.00030  -0.25093  +1.04033 
 
 +/- 

 +0.00005  +0.00001  +0.00001  +0.00000  +0.00000 
 +0.00001  +0.00004  +0.00012  +0.00003  +0.00001 
 +0.00000  +0.00003  +0.00011  +0.00006  +0.00001 
 +0.00000  +0.00001  +0.00005  +0.00013  +0.00004 
 +0.00000  +0.00001  +0.00002  +0.00011  +0.00004 
 
 --- ip = 30, (ap)^2 = 3.01196  =>  p^2 = 9.5968 Gev^2---
 
 Z = 

 +0.91428  -0.00012  -0.00003  +0.00006  +0.00000 
 -0.00010  +1.04955  +0.27632  -0.00027  -0.00005 
 +0.00001  +0.03816  +0.88276  +0.00092  -0.00002 
 +0.00000  -0.00000  +0.00090  +0.92709  -0.03785 
 +0.00001  -0.00005  +0.00027  -0.24947  +1.03701 
 
 +/- 

 +0.00005  +0.00001  +0.00000  +0.00000  +0.00000 
 +0.00000  +0.00004  +0.00012  +0.00003  +0.00001 
 +0.00000  +0.00003  +0.00011  +0.00006  +0.00001 
 +0.00000  +0.00001  +0.00005  +0.00012  +0.00004 
 +0.00000  +0.00001  +0.00002  +0.00011  +0.00004 
 
 --- ip = 31, (ap)^2 = 3.13365  =>  p^2 = 9.98451 Gev^2---
 
 Z = 

 +0.91327  -0.00011  -0.00003  +0.00005  +0.00000 
 -0.00009  +1.04974  +0.27548  -0.00024  -0.00004 
 +0.00001  +0.03899  +0.88931  +0.00084  -0.00001 
 +0.00000  -0.00000  +0.00082  +0.93324  -0.03882 
 +0.00001  -0.00005  +0.00024  -0.24822  +1.03383 
 
 +/- 

 +0.00005  +0.00001  +0.00000  +0.00000  +0.00000 
 +0.00000  +0.00004  +0.00012  +0.00002  +0.00001 
 +0.00000  +0.00003  +0.00010  +0.00005  +0.00001 
 +0.00000  +0.00001  +0.00005  +0.00011  +0.00004 
 +0.00000  +0.00001  +0.00001  +0.00011  +0.00004 