
 
 -------- am = 0.02 ------------ 

 
 --- ip = 1, (ap)^2 = 0.53131  =>  p^2 = 1.69287 Gev^2---
 
 Z = 

 +0.85018  -0.01411  -0.01088  +0.00982  +0.00133 
 -0.01180  +0.87438  +0.37910  -0.02886  -0.00109 
 -0.00035  +0.04729  +0.51242  +0.07212  -0.00121 
 +0.00157  +0.00113  +0.05157  +0.59693  -0.00827 
 +0.00135  -0.00284  +0.01481  -0.45827  +1.30232 
 
 +/- 

 +0.00105  +0.00018  +0.00020  +0.00025  +0.00012 
 +0.00018  +0.00166  +0.00093  +0.00093  +0.00030 
 +0.00009  +0.00037  +0.00068  +0.00252  +0.00022 
 +0.00009  +0.00021  +0.00092  +0.00061  +0.00026 
 +0.00008  +0.00020  +0.00046  +0.00050  +0.00089 
 
 --- ip = 2, (ap)^2 = 0.583116  =>  p^2 = 1.85794 Gev^2---
 
 Z = 

 +0.84963  -0.01174  -0.00904  +0.00824  +0.00105 
 -0.00982  +0.87815  +0.36996  -0.02497  -0.00093 
 -0.00020  +0.04707  +0.53579  +0.06222  -0.00112 
 +0.00121  +0.00090  +0.04487  +0.61683  -0.00950 
 +0.00108  -0.00245  +0.01292  -0.44047  +1.27920 
 
 +/- 

 +0.00096  +0.00016  +0.00019  +0.00019  +0.00011 
 +0.00015  +0.00148  +0.00081  +0.00082  +0.00027 
 +0.00008  +0.00030  +0.00061  +0.00218  +0.00017 
 +0.00007  +0.00017  +0.00086  +0.00051  +0.00020 
 +0.00007  +0.00016  +0.00043  +0.00048  +0.00077 
 
 --- ip = 3, (ap)^2 = 0.637332  =>  p^2 = 2.03068 Gev^2---
 
 Z = 

 +0.84932  -0.00983  -0.00751  +0.00694  +0.00083 
 -0.00821  +0.88179  +0.36114  -0.02160  -0.00078 
 -0.00011  +0.04691  +0.55831  +0.05370  -0.00104 
 +0.00093  +0.00072  +0.03899  +0.63592  -0.01071 
 +0.00087  -0.00212  +0.01128  -0.42402  +1.25825 
 
 +/- 

 +0.00088  +0.00014  +0.00017  +0.00015  +0.00009 
 +0.00012  +0.00132  +0.00069  +0.00073  +0.00025 
 +0.00007  +0.00025  +0.00055  +0.00191  +0.00014 
 +0.00006  +0.00014  +0.00080  +0.00045  +0.00016 
 +0.00005  +0.00014  +0.00042  +0.00045  +0.00067 
 
 --- ip = 4, (ap)^2 = 0.693957  =>  p^2 = 2.2111 Gev^2---
 
 Z = 

 +0.84920  -0.00828  -0.00622  +0.00587  +0.00066 
 -0.00690  +0.88530  +0.35266  -0.01869  -0.00064 
 -0.00004  +0.04681  +0.57990  +0.04640  -0.00096 
 +0.00072  +0.00056  +0.03390  +0.65415  -0.01189 
 +0.00071  -0.00186  +0.00988  -0.40881  +1.23921 
 
 +/- 

 +0.00080  +0.00012  +0.00015  +0.00012  +0.00008 
 +0.00009  +0.00119  +0.00060  +0.00066  +0.00022 
 +0.00006  +0.00022  +0.00051  +0.00169  +0.00013 
 +0.00005  +0.00011  +0.00075  +0.00041  +0.00014 
 +0.00004  +0.00012  +0.00040  +0.00041  +0.00058 
 
 --- ip = 5, (ap)^2 = 0.752991  =>  p^2 = 2.3992 Gev^2---
 
 Z = 

 +0.84920  -0.00702  -0.00515  +0.00498  +0.00053 
 -0.00584  +0.88866  +0.34456  -0.01618  -0.00052 
 -0.00000  +0.04677  +0.60055  +0.04012  -0.00086 
 +0.00057  +0.00042  +0.02951  +0.67152  -0.01304 
 +0.00059  -0.00165  +0.00867  -0.39476  +1.22186 
 
 +/- 

 +0.00074  +0.00010  +0.00013  +0.00011  +0.00006 
 +0.00007  +0.00109  +0.00053  +0.00060  +0.00019 
 +0.00004  +0.00020  +0.00048  +0.00150  +0.00011 
 +0.00004  +0.00009  +0.00069  +0.00039  +0.00013 
 +0.00004  +0.00010  +0.00038  +0.00038  +0.00049 
 
 --- ip = 6, (ap)^2 = 0.814435  =>  p^2 = 2.59497 Gev^2---
 
 Z = 

 +0.84932  -0.00600  -0.00426  +0.00424  +0.00043 
 -0.00498  +0.89189  +0.33683  -0.01399  -0.00043 
 +0.00003  +0.04679  +0.62025  +0.03469  -0.00076 
 +0.00046  +0.00029  +0.02572  +0.68805  -0.01418 
 +0.00049  -0.00147  +0.00762  -0.38178  +1.20601 
 
 +/- 

 +0.00069  +0.00009  +0.00011  +0.00009  +0.00005 
 +0.00006  +0.00100  +0.00050  +0.00055  +0.00015 
 +0.00004  +0.00018  +0.00047  +0.00132  +0.00009 
 +0.00003  +0.00007  +0.00062  +0.00039  +0.00012 
 +0.00003  +0.00008  +0.00033  +0.00036  +0.00041 
 
 --- ip = 7, (ap)^2 = 0.878289  =>  p^2 = 2.79843 Gev^2---
 
 Z = 

 +0.84952  -0.00515  -0.00353  +0.00360  +0.00036 
 -0.00428  +0.89497  +0.32950  -0.01207  -0.00037 
 +0.00004  +0.04686  +0.63901  +0.02997  -0.00064 
 +0.00037  +0.00018  +0.02243  +0.70375  -0.01530 
 +0.00042  -0.00131  +0.00670  -0.36980  +1.19151 
 
 +/- 

 +0.00064  +0.00007  +0.00010  +0.00008  +0.00004 
 +0.00005  +0.00093  +0.00049  +0.00048  +0.00012 
 +0.00003  +0.00017  +0.00046  +0.00115  +0.00008 
 +0.00002  +0.00006  +0.00055  +0.00040  +0.00011 
 +0.00003  +0.00007  +0.00028  +0.00035  +0.00034 
 
 --- ip = 8, (ap)^2 = 0.944552  =>  p^2 = 3.00956 Gev^2---
 
 Z = 

 +0.84978  -0.00445  -0.00294  +0.00307  +0.00029 
 -0.00369  +0.89792  +0.32258  -0.01041  -0.00033 
 +0.00005  +0.04698  +0.65685  +0.02586  -0.00054 
 +0.00030  +0.00008  +0.01954  +0.71866  -0.01640 
 +0.00035  -0.00117  +0.00589  -0.35875  +1.17824 
 
 +/- 

 +0.00060  +0.00007  +0.00008  +0.00007  +0.00003 
 +0.00004  +0.00088  +0.00048  +0.00041  +0.00009 
 +0.00003  +0.00017  +0.00046  +0.00097  +0.00006 
 +0.00002  +0.00006  +0.00047  +0.00041  +0.00010 
 +0.00002  +0.00006  +0.00024  +0.00034  +0.00029 
 
 --- ip = 9, (ap)^2 = 1.01322  =>  p^2 = 3.22836 Gev^2---
 
 Z = 

 +0.85008  -0.00386  -0.00247  +0.00262  +0.00024 
 -0.00320  +0.90074  +0.31606  -0.00897  -0.00029 
 +0.00005  +0.04713  +0.67379  +0.02230  -0.00045 
 +0.00025  +0.00001  +0.01700  +0.73284  -0.01747 
 +0.00030  -0.00103  +0.00516  -0.34856  +1.16607 
 
 +/- 

 +0.00057  +0.00006  +0.00008  +0.00006  +0.00002 
 +0.00004  +0.00083  +0.00046  +0.00034  +0.00007 
 +0.00003  +0.00016  +0.00046  +0.00081  +0.00005 
 +0.00001  +0.00006  +0.00041  +0.00042  +0.00009 
 +0.00002  +0.00006  +0.00020  +0.00033  +0.00026 
 
 --- ip = 10, (ap)^2 = 1.08431  =>  p^2 = 3.45485 Gev^2---
 
 Z = 

 +0.85042  -0.00337  -0.00208  +0.00224  +0.00020 
 -0.00278  +0.90342  +0.30995  -0.00775  -0.00025 
 +0.00005  +0.04732  +0.68989  +0.01923  -0.00037 
 +0.00021  -0.00004  +0.01482  +0.74635  -0.01852 
 +0.00026  -0.00091  +0.00452  -0.33914  +1.15488 
 
 +/- 

 +0.00054  +0.00006  +0.00007  +0.00005  +0.00002 
 +0.00003  +0.00078  +0.00043  +0.00027  +0.00006 
 +0.00002  +0.00016  +0.00045  +0.00067  +0.00005 
 +0.00001  +0.00006  +0.00035  +0.00041  +0.00007 
 +0.00002  +0.00005  +0.00017  +0.00032  +0.00023 
 
 --- ip = 11, (ap)^2 = 1.1578  =>  p^2 = 3.68901 Gev^2---
 
 Z = 

 +0.85076  -0.00295  -0.00175  +0.00192  +0.00018 
 -0.00242  +0.90598  +0.30421  -0.00672  -0.00021 
 +0.00005  +0.04753  +0.70517  +0.01665  -0.00030 
 +0.00018  -0.00006  +0.01295  +0.75925  -0.01954 
 +0.00022  -0.00080  +0.00396  -0.33042  +1.14455 
 
 +/- 

 +0.00051  +0.00005  +0.00006  +0.00005  +0.00001 
 +0.00003  +0.00074  +0.00039  +0.00022  +0.00005 
 +0.00002  +0.00016  +0.00044  +0.00056  +0.00004 
 +0.00001  +0.00006  +0.00031  +0.00040  +0.00006 
 +0.00001  +0.00004  +0.00015  +0.00030  +0.00022 
 
 --- ip = 12, (ap)^2 = 1.2337  =>  p^2 = 3.93085 Gev^2---
 
 Z = 

 +0.85109  -0.00259  -0.00147  +0.00165  +0.00015 
 -0.00211  +0.90842  +0.29885  -0.00585  -0.00018 
 +0.00005  +0.04778  +0.71971  +0.01448  -0.00026 
 +0.00016  -0.00007  +0.01137  +0.77157  -0.02055 
 +0.00019  -0.00072  +0.00347  -0.32233  +1.13497 
 
 +/- 

 +0.00047  +0.00005  +0.00005  +0.00004  +0.00001 
 +0.00002  +0.00068  +0.00035  +0.00017  +0.00004 
 +0.00002  +0.00015  +0.00042  +0.00048  +0.00003 
 +0.00001  +0.00005  +0.00027  +0.00039  +0.00005 
 +0.00001  +0.00004  +0.00014  +0.00028  +0.00020 
 
 --- ip = 13, (ap)^2 = 1.31201  =>  p^2 = 4.18036 Gev^2---
 
 Z = 

 +0.85141  -0.00227  -0.00124  +0.00142  +0.00013 
 -0.00185  +0.91072  +0.29382  -0.00509  -0.00015 
 +0.00004  +0.04805  +0.73355  +0.01265  -0.00022 
 +0.00014  -0.00008  +0.01001  +0.78336  -0.02155 
 +0.00017  -0.00064  +0.00303  -0.31484  +1.12605 
 
 +/- 

 +0.00044  +0.00004  +0.00005  +0.00003  +0.00001 
 +0.00002  +0.00063  +0.00031  +0.00014  +0.00003 
 +0.00002  +0.00015  +0.00039  +0.00042  +0.00003 
 +0.00001  +0.00004  +0.00025  +0.00038  +0.00005 
 +0.00001  +0.00003  +0.00012  +0.00026  +0.00018 
 
 --- ip = 14, (ap)^2 = 1.39273  =>  p^2 = 4.43756 Gev^2---
 
 Z = 

 +0.85170  -0.00200  -0.00104  +0.00123  +0.00011 
 -0.00162  +0.91290  +0.28914  -0.00444  -0.00013 
 +0.00004  +0.04836  +0.74673  +0.01107  -0.00019 
 +0.00012  -0.00009  +0.00884  +0.79463  -0.02254 
 +0.00015  -0.00058  +0.00264  -0.30790  +1.11775 
 
 +/- 

 +0.00041  +0.00004  +0.00005  +0.00003  +0.00001 
 +0.00002  +0.00058  +0.00028  +0.00013  +0.00003 
 +0.00001  +0.00014  +0.00038  +0.00038  +0.00002 
 +0.00001  +0.00004  +0.00023  +0.00038  +0.00005 
 +0.00001  +0.00003  +0.00011  +0.00025  +0.00016 
 
 --- ip = 15, (ap)^2 = 1.47586  =>  p^2 = 4.70243 Gev^2---
 
 Z = 

 +0.85195  -0.00177  -0.00088  +0.00107  +0.00010 
 -0.00143  +0.91497  +0.28479  -0.00387  -0.00011 
 +0.00003  +0.04869  +0.75928  +0.00969  -0.00016 
 +0.00010  -0.00010  +0.00781  +0.80543  -0.02353 
 +0.00014  -0.00052  +0.00231  -0.30149  +1.11000 
 
 +/- 

 +0.00038  +0.00003  +0.00004  +0.00002  +0.00001 
 +0.00002  +0.00054  +0.00026  +0.00012  +0.00002 
 +0.00001  +0.00014  +0.00036  +0.00036  +0.00002 
 +0.00000  +0.00003  +0.00021  +0.00037  +0.00005 
 +0.00000  +0.00003  +0.00009  +0.00025  +0.00014 
 
 --- ip = 16, (ap)^2 = 1.5614  =>  p^2 = 4.97498 Gev^2---
 
 Z = 

 +0.85217  -0.00157  -0.00075  +0.00094  +0.00009 
 -0.00126  +0.91693  +0.28076  -0.00337  -0.00009 
 +0.00003  +0.04904  +0.77121  +0.00849  -0.00014 
 +0.00009  -0.00010  +0.00691  +0.81579  -0.02451 
 +0.00012  -0.00046  +0.00204  -0.29557  +1.10276 
 
 +/- 

 +0.00036  +0.00003  +0.00004  +0.00002  +0.00001 
 +0.00002  +0.00050  +0.00024  +0.00012  +0.00002 
 +0.00001  +0.00013  +0.00035  +0.00034  +0.00002 
 +0.00000  +0.00002  +0.00020  +0.00036  +0.00005 
 +0.00000  +0.00003  +0.00009  +0.00024  +0.00013 
 
 --- ip = 17, (ap)^2 = 1.64935  =>  p^2 = 5.25521 Gev^2---
 
 Z = 

 +0.85237  -0.00140  -0.00065  +0.00082  +0.00008 
 -0.00112  +0.91880  +0.27705  -0.00295  -0.00007 
 +0.00003  +0.04941  +0.78257  +0.00743  -0.00012 
 +0.00008  -0.00010  +0.00612  +0.82573  -0.02549 
 +0.00011  -0.00041  +0.00182  -0.29013  +1.09602 
 
 +/- 

 +0.00033  +0.00002  +0.00003  +0.00002  +0.00001 
 +0.00001  +0.00046  +0.00022  +0.00012  +0.00002 
 +0.00001  +0.00012  +0.00033  +0.00033  +0.00002 
 +0.00000  +0.00002  +0.00018  +0.00035  +0.00005 
 +0.00000  +0.00002  +0.00008  +0.00024  +0.00013 
 
 --- ip = 18, (ap)^2 = 1.73971  =>  p^2 = 5.54311 Gev^2---
 
 Z = 

 +0.85253  -0.00125  -0.00056  +0.00073  +0.00007 
 -0.00100  +0.92059  +0.27363  -0.00258  -0.00005 
 +0.00002  +0.04981  +0.79339  +0.00652  -0.00010 
 +0.00007  -0.00010  +0.00544  +0.83528  -0.02646 
 +0.00010  -0.00037  +0.00163  -0.28513  +1.08972 
 
 +/- 

 +0.00031  +0.00002  +0.00003  +0.00002  +0.00001 
 +0.00001  +0.00042  +0.00020  +0.00012  +0.00002 
 +0.00001  +0.00012  +0.00031  +0.00031  +0.00001 
 +0.00000  +0.00001  +0.00016  +0.00033  +0.00005 
 +0.00000  +0.00002  +0.00007  +0.00025  +0.00013 
 
 --- ip = 19, (ap)^2 = 1.83248  =>  p^2 = 5.83869 Gev^2---
 
 Z = 

 +0.85265  -0.00112  -0.00049  +0.00065  +0.00006 
 -0.00089  +0.92230  +0.27050  -0.00227  -0.00004 
 +0.00002  +0.05022  +0.80372  +0.00573  -0.00009 
 +0.00006  -0.00009  +0.00483  +0.84445  -0.02742 
 +0.00009  -0.00033  +0.00146  -0.28056  +1.08383 
 
 +/- 

 +0.00028  +0.00002  +0.00003  +0.00001  +0.00001 
 +0.00001  +0.00038  +0.00018  +0.00011  +0.00002 
 +0.00001  +0.00011  +0.00030  +0.00029  +0.00001 
 +0.00000  +0.00001  +0.00015  +0.00032  +0.00006 
 +0.00000  +0.00002  +0.00007  +0.00025  +0.00013 
 
 --- ip = 20, (ap)^2 = 1.92766  =>  p^2 = 6.14195 Gev^2---
 
 Z = 

 +0.85272  -0.00101  -0.00043  +0.00057  +0.00006 
 -0.00080  +0.92393  +0.26765  -0.00200  -0.00003 
 +0.00002  +0.05066  +0.81358  +0.00505  -0.00008 
 +0.00005  -0.00008  +0.00429  +0.85325  -0.02838 
 +0.00009  -0.00029  +0.00130  -0.27638  +1.07830 
 
 +/- 

 +0.00026  +0.00001  +0.00002  +0.00001  +0.00000 
 +0.00001  +0.00034  +0.00017  +0.00010  +0.00002 
 +0.00001  +0.00011  +0.00029  +0.00027  +0.00001 
 +0.00000  +0.00001  +0.00014  +0.00031  +0.00006 
 +0.00000  +0.00001  +0.00007  +0.00025  +0.00013 
 
 --- ip = 21, (ap)^2 = 2.02524  =>  p^2 = 6.45289 Gev^2---
 
 Z = 

 +0.85275  -0.00091  -0.00037  +0.00051  +0.00005 
 -0.00072  +0.92548  +0.26507  -0.00177  -0.00002 
 +0.00002  +0.05112  +0.82302  +0.00446  -0.00007 
 +0.00005  -0.00008  +0.00381  +0.86173  -0.02933 
 +0.00008  -0.00026  +0.00117  -0.27256  +1.07311 
 
 +/- 

 +0.00025  +0.00001  +0.00002  +0.00001  +0.00000 
 +0.00001  +0.00031  +0.00016  +0.00009  +0.00001 
 +0.00000  +0.00010  +0.00027  +0.00025  +0.00001 
 +0.00000  +0.00001  +0.00013  +0.00029  +0.00006 
 +0.00000  +0.00001  +0.00007  +0.00025  +0.00012 
 
 --- ip = 22, (ap)^2 = 2.12524  =>  p^2 = 6.7715 Gev^2---
 
 Z = 

 +0.85273  -0.00082  -0.00032  +0.00046  +0.00005 
 -0.00064  +0.92695  +0.26273  -0.00156  -0.00002 
 +0.00001  +0.05161  +0.83206  +0.00395  -0.00006 
 +0.00004  -0.00008  +0.00339  +0.86990  -0.03029 
 +0.00007  -0.00023  +0.00105  -0.26908  +1.06821 
 
 +/- 

 +0.00023  +0.00001  +0.00001  +0.00001  +0.00000 
 +0.00001  +0.00029  +0.00016  +0.00007  +0.00001 
 +0.00000  +0.00010  +0.00026  +0.00022  +0.00001 
 +0.00000  +0.00001  +0.00012  +0.00027  +0.00006 
 +0.00000  +0.00001  +0.00006  +0.00024  +0.00012 
 
 --- ip = 23, (ap)^2 = 2.22765  =>  p^2 = 7.09779 Gev^2---
 
 Z = 

 +0.85265  -0.00073  -0.00028  +0.00041  +0.00005 
 -0.00058  +0.92833  +0.26064  -0.00138  -0.00002 
 +0.00001  +0.05213  +0.84072  +0.00351  -0.00006 
 +0.00004  -0.00008  +0.00302  +0.87778  -0.03125 
 +0.00007  -0.00021  +0.00094  -0.26590  +1.06357 
 
 +/- 

 +0.00022  +0.00001  +0.00001  +0.00001  +0.00000 
 +0.00001  +0.00027  +0.00015  +0.00006  +0.00001 
 +0.00000  +0.00010  +0.00024  +0.00019  +0.00001 
 +0.00000  +0.00001  +0.00011  +0.00025  +0.00006 
 +0.00000  +0.00001  +0.00006  +0.00023  +0.00011 
 
 --- ip = 24, (ap)^2 = 2.33247  =>  p^2 = 7.43176 Gev^2---
 
 Z = 

 +0.85251  -0.00066  -0.00023  +0.00037  +0.00004 
 -0.00052  +0.92963  +0.25876  -0.00123  -0.00001 
 +0.00001  +0.05267  +0.84904  +0.00313  -0.00006 
 +0.00003  -0.00008  +0.00269  +0.88540  -0.03220 
 +0.00006  -0.00018  +0.00084  -0.26302  +1.05918 
 
 +/- 

 +0.00021  +0.00001  +0.00001  +0.00001  +0.00000 
 +0.00001  +0.00025  +0.00015  +0.00005  +0.00001 
 +0.00000  +0.00009  +0.00022  +0.00017  +0.00001 
 +0.00000  +0.00001  +0.00009  +0.00023  +0.00005 
 +0.00000  +0.00001  +0.00005  +0.00022  +0.00010 
 
 --- ip = 25, (ap)^2 = 2.43969  =>  p^2 = 7.7734 Gev^2---
 
 Z = 

 +0.85230  -0.00060  -0.00020  +0.00033  +0.00004 
 -0.00047  +0.93083  +0.25710  -0.00110  -0.00001 
 +0.00001  +0.05324  +0.85704  +0.00279  -0.00005 
 +0.00003  -0.00008  +0.00240  +0.89278  -0.03316 
 +0.00005  -0.00017  +0.00075  -0.26041  +1.05501 
 
 +/- 

 +0.00021  +0.00001  +0.00001  +0.00001  +0.00000 
 +0.00001  +0.00023  +0.00014  +0.00004  +0.00001 
 +0.00000  +0.00009  +0.00021  +0.00015  +0.00001 
 +0.00000  +0.00001  +0.00009  +0.00022  +0.00005 
 +0.00000  +0.00001  +0.00004  +0.00021  +0.00010 
 
 --- ip = 26, (ap)^2 = 2.54933  =>  p^2 = 8.12273 Gev^2---
 
 Z = 

 +0.85202  -0.00055  -0.00017  +0.00030  +0.00004 
 -0.00043  +0.93193  +0.25565  -0.00099  -0.00000 
 +0.00001  +0.05384  +0.86474  +0.00250  -0.00005 
 +0.00003  -0.00007  +0.00214  +0.89992  -0.03413 
 +0.00005  -0.00015  +0.00067  -0.25806  +1.05104 
 
 +/- 

 +0.00020  +0.00001  +0.00001  +0.00000  +0.00000 
 +0.00001  +0.00022  +0.00014  +0.00003  +0.00001 
 +0.00000  +0.00009  +0.00020  +0.00014  +0.00001 
 +0.00000  +0.00001  +0.00008  +0.00021  +0.00005 
 +0.00000  +0.00001  +0.00004  +0.00020  +0.00009 
 
 --- ip = 27, (ap)^2 = 2.66137  =>  p^2 = 8.47973 Gev^2---
 
 Z = 

 +0.85168  -0.00050  -0.00014  +0.00027  +0.00004 
 -0.00039  +0.93295  +0.25439  -0.00089  -0.00000 
 +0.00001  +0.05446  +0.87215  +0.00224  -0.00004 
 +0.00002  -0.00007  +0.00192  +0.90685  -0.03509 
 +0.00005  -0.00013  +0.00059  -0.25596  +1.04726 
 
 +/- 

 +0.00020  +0.00001  +0.00001  +0.00000  +0.00000 
 +0.00000  +0.00021  +0.00015  +0.00003  +0.00001 
 +0.00000  +0.00008  +0.00019  +0.00013  +0.00001 
 +0.00000  +0.00001  +0.00007  +0.00020  +0.00005 
 +0.00000  +0.00001  +0.00004  +0.00019  +0.00008 
 
 --- ip = 28, (ap)^2 = 2.77583  =>  p^2 = 8.84441 Gev^2---
 
 Z = 

 +0.85126  -0.00045  -0.00012  +0.00025  +0.00003 
 -0.00036  +0.93387  +0.25332  -0.00080  +0.00000 
 +0.00001  +0.05512  +0.87930  +0.00201  -0.00004 
 +0.00002  -0.00007  +0.00173  +0.91356  -0.03605 
 +0.00004  -0.00012  +0.00053  -0.25410  +1.04366 
 
 +/- 

 +0.00019  +0.00001  +0.00001  +0.00000  +0.00000 
 +0.00000  +0.00020  +0.00015  +0.00003  +0.00001 
 +0.00000  +0.00008  +0.00019  +0.00011  +0.00001 
 +0.00000  +0.00001  +0.00006  +0.00019  +0.00005 
 +0.00000  +0.00001  +0.00003  +0.00019  +0.00007 
 
 --- ip = 29, (ap)^2 = 2.89269  =>  p^2 = 9.21676 Gev^2---
 
 Z = 

 +0.85077  -0.00041  -0.00010  +0.00023  +0.00003 
 -0.00033  +0.93471  +0.25243  -0.00071  +0.00000 
 +0.00001  +0.05579  +0.88619  +0.00180  -0.00004 
 +0.00002  -0.00007  +0.00156  +0.92008  -0.03702 
 +0.00004  -0.00011  +0.00047  -0.25246  +1.04020 
 
 +/- 

 +0.00019  +0.00001  +0.00001  +0.00000  +0.00000 
 +0.00000  +0.00019  +0.00015  +0.00003  +0.00001 
 +0.00000  +0.00008  +0.00019  +0.00010  +0.00001 
 +0.00000  +0.00001  +0.00005  +0.00019  +0.00005 
 +0.00000  +0.00001  +0.00003  +0.00018  +0.00007 
 
 --- ip = 30, (ap)^2 = 3.01196  =>  p^2 = 9.5968 Gev^2---
 
 Z = 

 +0.85021  -0.00037  -0.00008  +0.00021  +0.00003 
 -0.00030  +0.93547  +0.25171  -0.00064  +0.00000 
 +0.00001  +0.05649  +0.89285  +0.00161  -0.00003 
 +0.00002  -0.00006  +0.00141  +0.92641  -0.03800 
 +0.00004  -0.00010  +0.00042  -0.25103  +1.03689 
 
 +/- 

 +0.00018  +0.00001  +0.00001  +0.00000  +0.00000 
 +0.00000  +0.00019  +0.00015  +0.00002  +0.00001 
 +0.00000  +0.00008  +0.00018  +0.00009  +0.00001 
 +0.00000  +0.00001  +0.00005  +0.00019  +0.00005 
 +0.00000  +0.00001  +0.00003  +0.00018  +0.00006 
 
 --- ip = 31, (ap)^2 = 3.13365  =>  p^2 = 9.98451 Gev^2---
 
 Z = 

 +0.84957  -0.00034  -0.00007  +0.00019  +0.00003 
 -0.00028  +0.93614  +0.25116  -0.00057  +0.00000 
 +0.00001  +0.05722  +0.89929  +0.00144  -0.00003 
 +0.00002  -0.00006  +0.00127  +0.93258  -0.03898 
 +0.00003  -0.00009  +0.00037  -0.24981  +1.03371 
 
 +/- 

 +0.00018  +0.00001  +0.00001  +0.00000  +0.00000 
 +0.00000  +0.00019  +0.00015  +0.00002  +0.00001 
 +0.00000  +0.00008  +0.00018  +0.00008  +0.00001 
 +0.00000  +0.00001  +0.00004  +0.00019  +0.00005 
 +0.00000  +0.00001  +0.00003  +0.00017  +0.00006 
 
 -------- am = 0.01 ------------ 

 
 --- ip = 1, (ap)^2 = 0.53131  =>  p^2 = 1.69287 Gev^2---
 
 Z = 

 +0.85206  -0.00801  -0.00807  +0.00646  +0.00060 
 -0.00675  +0.87701  +0.37965  -0.02249  -0.00188 
 -0.00024  +0.04697  +0.51236  +0.06286  -0.00144 
 +0.00096  +0.00158  +0.04623  +0.59573  -0.00755 
 +0.00065  -0.00302  +0.01338  -0.46084  +1.30507 
 
 +/- 

 +0.00078  +0.00014  +0.00023  +0.00025  +0.00016 
 +0.00018  +0.00110  +0.00071  +0.00100  +0.00035 
 +0.00017  +0.00032  +0.00083  +0.00255  +0.00042 
 +0.00011  +0.00030  +0.00094  +0.00100  +0.00034 
 +0.00014  +0.00028  +0.00061  +0.00078  +0.00092 
 
 --- ip = 2, (ap)^2 = 0.583116  =>  p^2 = 1.85794 Gev^2---
 
 Z = 

 +0.85160  -0.00657  -0.00654  +0.00541  +0.00039 
 -0.00564  +0.88098  +0.37035  -0.01905  -0.00168 
 -0.00011  +0.04658  +0.53631  +0.05361  -0.00113 
 +0.00070  +0.00126  +0.04010  +0.61661  -0.00901 
 +0.00052  -0.00267  +0.01171  -0.44208  +1.28112 
 
 +/- 

 +0.00073  +0.00012  +0.00020  +0.00021  +0.00011 
 +0.00013  +0.00104  +0.00062  +0.00086  +0.00028 
 +0.00013  +0.00027  +0.00068  +0.00221  +0.00032 
 +0.00008  +0.00026  +0.00082  +0.00092  +0.00022 
 +0.00011  +0.00023  +0.00056  +0.00071  +0.00083 
 
 --- ip = 3, (ap)^2 = 0.637332  =>  p^2 = 2.03068 Gev^2---
 
 Z = 

 +0.85139  -0.00544  -0.00530  +0.00454  +0.00026 
 -0.00473  +0.88487  +0.36142  -0.01615  -0.00147 
 -0.00001  +0.04643  +0.55946  +0.04566  -0.00088 
 +0.00051  +0.00094  +0.03466  +0.63644  -0.01043 
 +0.00041  -0.00239  +0.01015  -0.42498  +1.25971 
 
 +/- 

 +0.00067  +0.00011  +0.00017  +0.00017  +0.00009 
 +0.00009  +0.00095  +0.00054  +0.00069  +0.00020 
 +0.00011  +0.00023  +0.00065  +0.00184  +0.00024 
 +0.00006  +0.00023  +0.00073  +0.00093  +0.00014 
 +0.00008  +0.00018  +0.00049  +0.00066  +0.00072 
 
 --- ip = 4, (ap)^2 = 0.693957  =>  p^2 = 2.2111 Gev^2---
 
 Z = 

 +0.85134  -0.00455  -0.00431  +0.00381  +0.00018 
 -0.00397  +0.88859  +0.35290  -0.01368  -0.00127 
 +0.00004  +0.04646  +0.58160  +0.03878  -0.00073 
 +0.00036  +0.00065  +0.02979  +0.65520  -0.01177 
 +0.00033  -0.00215  +0.00870  -0.40934  +1.24046 
 
 +/- 

 +0.00060  +0.00010  +0.00016  +0.00014  +0.00007 
 +0.00007  +0.00085  +0.00050  +0.00056  +0.00016 
 +0.00009  +0.00022  +0.00070  +0.00152  +0.00019 
 +0.00004  +0.00020  +0.00065  +0.00094  +0.00010 
 +0.00006  +0.00014  +0.00042  +0.00061  +0.00060 
 
 --- ip = 5, (ap)^2 = 0.752991  =>  p^2 = 2.3992 Gev^2---
 
 Z = 

 +0.85142  -0.00385  -0.00351  +0.00319  +0.00013 
 -0.00333  +0.89210  +0.34482  -0.01154  -0.00111 
 +0.00005  +0.04652  +0.60255  +0.03289  -0.00065 
 +0.00028  +0.00041  +0.02553  +0.67292  -0.01305 
 +0.00028  -0.00194  +0.00738  -0.39501  +1.22304 
 
 +/- 

 +0.00054  +0.00009  +0.00014  +0.00011  +0.00006 
 +0.00006  +0.00075  +0.00047  +0.00047  +0.00014 
 +0.00006  +0.00020  +0.00070  +0.00128  +0.00017 
 +0.00004  +0.00016  +0.00058  +0.00087  +0.00010 
 +0.00005  +0.00013  +0.00037  +0.00055  +0.00051 
 
 --- ip = 6, (ap)^2 = 0.814435  =>  p^2 = 2.59497 Gev^2---
 
 Z = 

 +0.85158  -0.00327  -0.00285  +0.00265  +0.00009 
 -0.00281  +0.89538  +0.33713  -0.00973  -0.00095 
 +0.00004  +0.04658  +0.62234  +0.02798  -0.00061 
 +0.00023  +0.00024  +0.02187  +0.68967  -0.01424 
 +0.00024  -0.00178  +0.00622  -0.38181  +1.20716 
 
 +/- 

 +0.00050  +0.00008  +0.00013  +0.00008  +0.00005 
 +0.00005  +0.00068  +0.00044  +0.00040  +0.00013 
 +0.00005  +0.00019  +0.00065  +0.00109  +0.00015 
 +0.00004  +0.00012  +0.00050  +0.00074  +0.00010 
 +0.00004  +0.00011  +0.00032  +0.00049  +0.00044 
 
 --- ip = 7, (ap)^2 = 0.878289  =>  p^2 = 2.79843 Gev^2---
 
 Z = 

 +0.85180  -0.00278  -0.00234  +0.00220  +0.00006 
 -0.00237  +0.89842  +0.32980  -0.00824  -0.00079 
 +0.00004  +0.04665  +0.64107  +0.02386  -0.00060 
 +0.00019  +0.00014  +0.01877  +0.70549  -0.01536 
 +0.00021  -0.00162  +0.00523  -0.36962  +1.19258 
 
 +/- 

 +0.00047  +0.00007  +0.00012  +0.00006  +0.00005 
 +0.00005  +0.00064  +0.00042  +0.00035  +0.00012 
 +0.00005  +0.00017  +0.00059  +0.00095  +0.00014 
 +0.00003  +0.00008  +0.00045  +0.00061  +0.00010 
 +0.00004  +0.00010  +0.00028  +0.00044  +0.00040 
 
 --- ip = 8, (ap)^2 = 0.944552  =>  p^2 = 3.00956 Gev^2---
 
 Z = 

 +0.85205  -0.00236  -0.00193  +0.00182  +0.00004 
 -0.00200  +0.90125  +0.32284  -0.00702  -0.00062 
 +0.00005  +0.04676  +0.65880  +0.02035  -0.00056 
 +0.00016  +0.00007  +0.01614  +0.72046  -0.01645 
 +0.00017  -0.00146  +0.00445  -0.35837  +1.17916 
 
 +/- 

 +0.00044  +0.00006  +0.00011  +0.00005  +0.00004 
 +0.00004  +0.00062  +0.00041  +0.00030  +0.00010 
 +0.00004  +0.00016  +0.00055  +0.00082  +0.00012 
 +0.00002  +0.00006  +0.00043  +0.00051  +0.00010 
 +0.00003  +0.00008  +0.00024  +0.00040  +0.00036 
 
 --- ip = 9, (ap)^2 = 1.01322  =>  p^2 = 3.22836 Gev^2---
 
 Z = 

 +0.85235  -0.00201  -0.00161  +0.00150  +0.00002 
 -0.00168  +0.90396  +0.31631  -0.00602  -0.00047 
 +0.00004  +0.04691  +0.67554  +0.01735  -0.00050 
 +0.00012  +0.00002  +0.01390  +0.73465  -0.01752 
 +0.00014  -0.00129  +0.00385  -0.34798  +1.16680 
 
 +/- 

 +0.00041  +0.00006  +0.00011  +0.00004  +0.00003 
 +0.00004  +0.00059  +0.00039  +0.00027  +0.00009 
 +0.00004  +0.00014  +0.00051  +0.00071  +0.00010 
 +0.00002  +0.00004  +0.00041  +0.00046  +0.00010 
 +0.00002  +0.00007  +0.00022  +0.00038  +0.00033 
 
 --- ip = 10, (ap)^2 = 1.08431  =>  p^2 = 3.45485 Gev^2---
 
 Z = 

 +0.85275  -0.00174  -0.00137  +0.00126  +0.00001 
 -0.00141  +0.90662  +0.31013  -0.00510  -0.00036 
 +0.00004  +0.04708  +0.69141  +0.01470  -0.00042 
 +0.00010  -0.00000  +0.01199  +0.74818  -0.01858 
 +0.00011  -0.00114  +0.00338  -0.33828  +1.15535 
 
 +/- 

 +0.00039  +0.00006  +0.00010  +0.00004  +0.00002 
 +0.00003  +0.00055  +0.00038  +0.00022  +0.00008 
 +0.00003  +0.00013  +0.00048  +0.00061  +0.00009 
 +0.00002  +0.00004  +0.00038  +0.00044  +0.00009 
 +0.00001  +0.00006  +0.00020  +0.00038  +0.00031 
 
 --- ip = 11, (ap)^2 = 1.1578  =>  p^2 = 3.68901 Gev^2---
 
 Z = 

 +0.85307  -0.00151  -0.00113  +0.00106  -0.00001 
 -0.00120  +0.90909  +0.30435  -0.00437  -0.00027 
 +0.00002  +0.04730  +0.70650  +0.01255  -0.00036 
 +0.00008  -0.00004  +0.01041  +0.76099  -0.01959 
 +0.00009  -0.00099  +0.00297  -0.32946  +1.14487 
 
 +/- 

 +0.00036  +0.00005  +0.00009  +0.00003  +0.00002 
 +0.00003  +0.00052  +0.00035  +0.00021  +0.00007 
 +0.00002  +0.00011  +0.00045  +0.00056  +0.00007 
 +0.00001  +0.00004  +0.00035  +0.00042  +0.00007 
 +0.00001  +0.00005  +0.00018  +0.00035  +0.00028 
 
 --- ip = 12, (ap)^2 = 1.2337  =>  p^2 = 3.93085 Gev^2---
 
 Z = 

 +0.85338  -0.00132  -0.00092  +0.00091  -0.00001 
 -0.00104  +0.91144  +0.29893  -0.00373  -0.00021 
 +0.00001  +0.04753  +0.72086  +0.01069  -0.00032 
 +0.00007  -0.00007  +0.00906  +0.77320  -0.02058 
 +0.00008  -0.00087  +0.00260  -0.32131  +1.13519 
 
 +/- 

 +0.00033  +0.00004  +0.00007  +0.00003  +0.00002 
 +0.00002  +0.00048  +0.00033  +0.00021  +0.00005 
 +0.00002  +0.00010  +0.00041  +0.00051  +0.00006 
 +0.00001  +0.00004  +0.00031  +0.00040  +0.00007 
 +0.00001  +0.00004  +0.00016  +0.00032  +0.00026 
 
 --- ip = 13, (ap)^2 = 1.31201  =>  p^2 = 4.18036 Gev^2---
 
 Z = 

 +0.85368  -0.00116  -0.00075  +0.00078  -0.00001 
 -0.00091  +0.91367  +0.29387  -0.00317  -0.00019 
 +0.00001  +0.04777  +0.73455  +0.00911  -0.00027 
 +0.00006  -0.00009  +0.00790  +0.78486  -0.02155 
 +0.00007  -0.00076  +0.00229  -0.31379  +1.12625 
 
 +/- 

 +0.00031  +0.00004  +0.00006  +0.00003  +0.00001 
 +0.00002  +0.00046  +0.00030  +0.00019  +0.00004 
 +0.00001  +0.00009  +0.00037  +0.00045  +0.00005 
 +0.00001  +0.00004  +0.00028  +0.00036  +0.00006 
 +0.00001  +0.00004  +0.00014  +0.00030  +0.00024 
 
 --- ip = 14, (ap)^2 = 1.39273  =>  p^2 = 4.43756 Gev^2---
 
 Z = 

 +0.85397  -0.00102  -0.00061  +0.00068  -0.00001 
 -0.00081  +0.91581  +0.28915  -0.00273  -0.00017 
 +0.00001  +0.04802  +0.74759  +0.00782  -0.00022 
 +0.00006  -0.00009  +0.00692  +0.79602  -0.02252 
 +0.00006  -0.00066  +0.00205  -0.30684  +1.11796 
 
 +/- 

 +0.00029  +0.00003  +0.00005  +0.00002  +0.00001 
 +0.00002  +0.00044  +0.00029  +0.00016  +0.00004 
 +0.00001  +0.00008  +0.00035  +0.00039  +0.00004 
 +0.00001  +0.00003  +0.00026  +0.00032  +0.00006 
 +0.00001  +0.00003  +0.00013  +0.00028  +0.00021 
 
 --- ip = 15, (ap)^2 = 1.47586  =>  p^2 = 4.70243 Gev^2---
 
 Z = 

 +0.85423  -0.00090  -0.00051  +0.00059  -0.00001 
 -0.00072  +0.91784  +0.28477  -0.00236  -0.00016 
 +0.00001  +0.04831  +0.76006  +0.00676  -0.00017 
 +0.00005  -0.00010  +0.00610  +0.80677  -0.02349 
 +0.00006  -0.00057  +0.00184  -0.30039  +1.11025 
 
 +/- 

 +0.00028  +0.00003  +0.00005  +0.00002  +0.00001 
 +0.00002  +0.00041  +0.00027  +0.00014  +0.00004 
 +0.00001  +0.00008  +0.00033  +0.00034  +0.00003 
 +0.00000  +0.00003  +0.00025  +0.00030  +0.00005 
 +0.00001  +0.00003  +0.00012  +0.00027  +0.00017 
 
 --- ip = 16, (ap)^2 = 1.5614  =>  p^2 = 4.97498 Gev^2---
 
 Z = 

 +0.85444  -0.00080  -0.00043  +0.00052  -0.00000 
 -0.00064  +0.91977  +0.28069  -0.00206  -0.00014 
 +0.00001  +0.04864  +0.77199  +0.00587  -0.00013 
 +0.00004  -0.00009  +0.00540  +0.81713  -0.02448 
 +0.00005  -0.00050  +0.00165  -0.29444  +1.10304 
 
 +/- 

 +0.00026  +0.00003  +0.00004  +0.00002  +0.00001 
 +0.00001  +0.00038  +0.00027  +0.00012  +0.00003 
 +0.00001  +0.00007  +0.00032  +0.00029  +0.00003 
 +0.00000  +0.00003  +0.00023  +0.00030  +0.00005 
 +0.00001  +0.00003  +0.00011  +0.00026  +0.00014 
 
 --- ip = 17, (ap)^2 = 1.64935  =>  p^2 = 5.25521 Gev^2---
 
 Z = 

 +0.85461  -0.00071  -0.00036  +0.00045  +0.00000 
 -0.00057  +0.92159  +0.27693  -0.00180  -0.00012 
 +0.00001  +0.04901  +0.78340  +0.00514  -0.00011 
 +0.00004  -0.00010  +0.00477  +0.82709  -0.02546 
 +0.00005  -0.00043  +0.00147  -0.28896  +1.09628 
 
 +/- 

 +0.00025  +0.00002  +0.00003  +0.00002  +0.00001 
 +0.00001  +0.00036  +0.00026  +0.00010  +0.00003 
 +0.00001  +0.00007  +0.00031  +0.00025  +0.00003 
 +0.00000  +0.00003  +0.00020  +0.00030  +0.00005 
 +0.00001  +0.00003  +0.00009  +0.00024  +0.00012 
 
 --- ip = 18, (ap)^2 = 1.73971  =>  p^2 = 5.54311 Gev^2---
 
 Z = 

 +0.85472  -0.00063  -0.00031  +0.00040  +0.00001 
 -0.00050  +0.92331  +0.27346  -0.00159  -0.00010 
 +0.00000  +0.04942  +0.79428  +0.00455  -0.00010 
 +0.00003  -0.00010  +0.00421  +0.83663  -0.02644 
 +0.00004  -0.00038  +0.00132  -0.28394  +1.08997 
 
 +/- 

 +0.00025  +0.00002  +0.00003  +0.00002  +0.00001 
 +0.00001  +0.00035  +0.00026  +0.00008  +0.00003 
 +0.00001  +0.00007  +0.00030  +0.00021  +0.00002 
 +0.00000  +0.00002  +0.00018  +0.00030  +0.00004 
 +0.00001  +0.00003  +0.00007  +0.00023  +0.00011 
 
 --- ip = 19, (ap)^2 = 1.83248  =>  p^2 = 5.83869 Gev^2---
 
 Z = 

 +0.85477  -0.00056  -0.00027  +0.00035  +0.00001 
 -0.00044  +0.92492  +0.27028  -0.00142  -0.00009 
 -0.00000  +0.04985  +0.80466  +0.00407  -0.00009 
 +0.00002  -0.00009  +0.00373  +0.84574  -0.02741 
 +0.00004  -0.00034  +0.00117  -0.27935  +1.08405 
 
 +/- 

 +0.00024  +0.00002  +0.00002  +0.00001  +0.00001 
 +0.00001  +0.00034  +0.00025  +0.00006  +0.00002 
 +0.00001  +0.00007  +0.00028  +0.00018  +0.00002 
 +0.00000  +0.00002  +0.00016  +0.00028  +0.00004 
 +0.00000  +0.00002  +0.00006  +0.00021  +0.00010 
 
 --- ip = 20, (ap)^2 = 1.92766  =>  p^2 = 6.14195 Gev^2---
 
 Z = 

 +0.85477  -0.00051  -0.00024  +0.00030  +0.00001 
 -0.00039  +0.92641  +0.26736  -0.00128  -0.00008 
 -0.00000  +0.05031  +0.81455  +0.00367  -0.00008 
 +0.00002  -0.00009  +0.00331  +0.85446  -0.02836 
 +0.00003  -0.00032  +0.00104  -0.27515  +1.07849 
 
 +/- 

 +0.00023  +0.00002  +0.00002  +0.00001  +0.00001 
 +0.00001  +0.00033  +0.00024  +0.00005  +0.00002 
 +0.00001  +0.00007  +0.00026  +0.00016  +0.00002 
 +0.00000  +0.00002  +0.00013  +0.00026  +0.00004 
 +0.00000  +0.00002  +0.00005  +0.00020  +0.00010 
 
 --- ip = 21, (ap)^2 = 2.02524  =>  p^2 = 6.45289 Gev^2---
 
 Z = 

 +0.85473  -0.00046  -0.00021  +0.00026  +0.00001 
 -0.00035  +0.92782  +0.26470  -0.00114  -0.00007 
 -0.00000  +0.05078  +0.82400  +0.00329  -0.00008 
 +0.00001  -0.00008  +0.00294  +0.86286  -0.02930 
 +0.00003  -0.00029  +0.00091  -0.27130  +1.07326 
 
 +/- 

 +0.00022  +0.00001  +0.00001  +0.00001  +0.00000 
 +0.00001  +0.00031  +0.00022  +0.00004  +0.00002 
 +0.00001  +0.00006  +0.00024  +0.00013  +0.00002 
 +0.00000  +0.00002  +0.00011  +0.00024  +0.00003 
 +0.00000  +0.00002  +0.00005  +0.00019  +0.00009 
 
 --- ip = 22, (ap)^2 = 2.12524  =>  p^2 = 6.7715 Gev^2---
 
 Z = 

 +0.85464  -0.00041  -0.00018  +0.00023  +0.00001 
 -0.00032  +0.92916  +0.26230  -0.00101  -0.00007 
 +0.00000  +0.05127  +0.83303  +0.00294  -0.00007 
 +0.00001  -0.00008  +0.00260  +0.87098  -0.03024 
 +0.00003  -0.00026  +0.00079  -0.26778  +1.06832 
 
 +/- 

 +0.00021  +0.00001  +0.00001  +0.00001  +0.00000 
 +0.00001  +0.00029  +0.00021  +0.00004  +0.00002 
 +0.00000  +0.00006  +0.00023  +0.00012  +0.00001 
 +0.00000  +0.00001  +0.00010  +0.00022  +0.00003 
 +0.00000  +0.00002  +0.00004  +0.00018  +0.00009 
 
 --- ip = 23, (ap)^2 = 2.22765  =>  p^2 = 7.09779 Gev^2---
 
 Z = 

 +0.85450  -0.00037  -0.00016  +0.00020  +0.00001 
 -0.00029  +0.93043  +0.26016  -0.00089  -0.00007 
 +0.00000  +0.05179  +0.84166  +0.00263  -0.00006 
 +0.00001  -0.00007  +0.00231  +0.87881  -0.03118 
 +0.00002  -0.00024  +0.00069  -0.26457  +1.06366 
 
 +/- 

 +0.00020  +0.00001  +0.00001  +0.00001  +0.00000 
 +0.00001  +0.00027  +0.00020  +0.00004  +0.00002 
 +0.00000  +0.00005  +0.00022  +0.00011  +0.00001 
 +0.00000  +0.00001  +0.00010  +0.00021  +0.00003 
 +0.00000  +0.00002  +0.00004  +0.00017  +0.00008 
 
 --- ip = 24, (ap)^2 = 2.33247  =>  p^2 = 7.43176 Gev^2---
 
 Z = 

 +0.85432  -0.00034  -0.00014  +0.00018  +0.00001 
 -0.00026  +0.93164  +0.25828  -0.00078  -0.00006 
 +0.00000  +0.05233  +0.84992  +0.00234  -0.00005 
 +0.00001  -0.00007  +0.00205  +0.88636  -0.03213 
 +0.00002  -0.00022  +0.00060  -0.26169  +1.05924 
 
 +/- 

 +0.00019  +0.00001  +0.00001  +0.00001  +0.00000 
 +0.00001  +0.00025  +0.00020  +0.00004  +0.00001 
 +0.00000  +0.00005  +0.00021  +0.00010  +0.00001 
 +0.00000  +0.00001  +0.00009  +0.00021  +0.00003 
 +0.00000  +0.00001  +0.00004  +0.00017  +0.00008 
 
 --- ip = 25, (ap)^2 = 2.43969  =>  p^2 = 7.7734 Gev^2---
 
 Z = 

 +0.85407  -0.00031  -0.00012  +0.00016  +0.00002 
 -0.00023  +0.93279  +0.25665  -0.00068  -0.00006 
 -0.00000  +0.05290  +0.85784  +0.00209  -0.00004 
 +0.00001  -0.00007  +0.00182  +0.89365  -0.03308 
 +0.00002  -0.00019  +0.00054  -0.25909  +1.05504 
 
 +/- 

 +0.00018  +0.00001  +0.00001  +0.00001  +0.00000 
 +0.00001  +0.00024  +0.00019  +0.00004  +0.00001 
 +0.00000  +0.00005  +0.00020  +0.00009  +0.00001 
 +0.00000  +0.00001  +0.00008  +0.00020  +0.00003 
 +0.00000  +0.00001  +0.00004  +0.00017  +0.00008 
 
 --- ip = 26, (ap)^2 = 2.54933  =>  p^2 = 8.12273 Gev^2---
 
 Z = 

 +0.85377  -0.00028  -0.00010  +0.00014  +0.00002 
 -0.00021  +0.93386  +0.25520  -0.00060  -0.00006 
 -0.00000  +0.05349  +0.86545  +0.00187  -0.00003 
 +0.00001  -0.00007  +0.00162  +0.90072  -0.03403 
 +0.00002  -0.00017  +0.00047  -0.25676  +1.05107 
 
 +/- 

 +0.00017  +0.00001  +0.00001  +0.00001  +0.00000 
 +0.00001  +0.00022  +0.00019  +0.00004  +0.00001 
 +0.00000  +0.00005  +0.00020  +0.00008  +0.00001 
 +0.00000  +0.00001  +0.00007  +0.00019  +0.00003 
 +0.00000  +0.00001  +0.00004  +0.00018  +0.00007 
 
 --- ip = 27, (ap)^2 = 2.66137  =>  p^2 = 8.47973 Gev^2---
 
 Z = 

 +0.85340  -0.00026  -0.00008  +0.00013  +0.00002 
 -0.00020  +0.93485  +0.25394  -0.00053  -0.00006 
 +0.00000  +0.05411  +0.87279  +0.00167  -0.00002 
 +0.00001  -0.00006  +0.00146  +0.90758  -0.03499 
 +0.00001  -0.00016  +0.00043  -0.25467  +1.04730 
 
 +/- 

 +0.00016  +0.00001  +0.00001  +0.00000  +0.00000 
 +0.00000  +0.00021  +0.00019  +0.00004  +0.00001 
 +0.00000  +0.00005  +0.00018  +0.00007  +0.00001 
 +0.00000  +0.00001  +0.00006  +0.00018  +0.00003 
 +0.00000  +0.00001  +0.00003  +0.00018  +0.00007 
 
 --- ip = 28, (ap)^2 = 2.77583  =>  p^2 = 8.84441 Gev^2---
 
 Z = 

 +0.85296  -0.00024  -0.00007  +0.00012  +0.00002 
 -0.00018  +0.93573  +0.25286  -0.00047  -0.00005 
 +0.00000  +0.05475  +0.87988  +0.00149  -0.00002 
 +0.00001  -0.00006  +0.00131  +0.91425  -0.03595 
 +0.00001  -0.00014  +0.00039  -0.25281  +1.04370 
 
 +/- 

 +0.00015  +0.00001  +0.00001  +0.00000  +0.00000 
 +0.00000  +0.00020  +0.00018  +0.00003  +0.00001 
 +0.00000  +0.00005  +0.00017  +0.00006  +0.00001 
 +0.00000  +0.00001  +0.00005  +0.00017  +0.00003 
 +0.00000  +0.00001  +0.00003  +0.00017  +0.00007 
 
 --- ip = 29, (ap)^2 = 2.89269  =>  p^2 = 9.21676 Gev^2---
 
 Z = 

 +0.85244  -0.00022  -0.00006  +0.00010  +0.00001 
 -0.00017  +0.93652  +0.25193  -0.00042  -0.00005 
 +0.00000  +0.05543  +0.88674  +0.00133  -0.00001 
 +0.00001  -0.00005  +0.00118  +0.92073  -0.03691 
 +0.00001  -0.00013  +0.00035  -0.25117  +1.04026 
 
 +/- 

 +0.00015  +0.00001  +0.00001  +0.00000  +0.00000 
 +0.00000  +0.00019  +0.00018  +0.00003  +0.00001 
 +0.00000  +0.00005  +0.00016  +0.00005  +0.00001 
 +0.00000  +0.00001  +0.00004  +0.00016  +0.00003 
 +0.00000  +0.00001  +0.00003  +0.00016  +0.00006 
 
 --- ip = 30, (ap)^2 = 3.01196  =>  p^2 = 9.5968 Gev^2---
 
 Z = 

 +0.85184  -0.00020  -0.00005  +0.00009  +0.00001 
 -0.00015  +0.93720  +0.25116  -0.00036  -0.00004 
 +0.00000  +0.05613  +0.89338  +0.00117  -0.00001 
 +0.00001  -0.00005  +0.00106  +0.92704  -0.03788 
 +0.00001  -0.00012  +0.00032  -0.24973  +1.03694 
 
 +/- 

 +0.00014  +0.00001  +0.00001  +0.00000  +0.00000 
 +0.00000  +0.00018  +0.00017  +0.00003  +0.00001 
 +0.00000  +0.00005  +0.00015  +0.00005  +0.00001 
 +0.00000  +0.00001  +0.00004  +0.00015  +0.00003 
 +0.00000  +0.00001  +0.00003  +0.00016  +0.00006 
 
 --- ip = 31, (ap)^2 = 3.13365  =>  p^2 = 9.98451 Gev^2---
 
 Z = 

 +0.85117  -0.00018  -0.00004  +0.00008  +0.00001 
 -0.00014  +0.93780  +0.25055  -0.00032  -0.00004 
 +0.00000  +0.05687  +0.89983  +0.00104  -0.00001 
 +0.00001  -0.00005  +0.00095  +0.93319  -0.03886 
 +0.00001  -0.00011  +0.00028  -0.24848  +1.03376 
 
 +/- 

 +0.00014  +0.00001  +0.00001  +0.00000  +0.00000 
 +0.00000  +0.00017  +0.00016  +0.00003  +0.00001 
 +0.00000  +0.00005  +0.00014  +0.00005  +0.00001 
 +0.00000  +0.00001  +0.00004  +0.00015  +0.00003 
 +0.00000  +0.00001  +0.00003  +0.00015  +0.00005 
 
 -------- am = 0.005 ------------ 

 
 --- ip = 1, (ap)^2 = 0.53131  =>  p^2 = 1.69287 Gev^2---
 
 Z = 

 +0.85241  -0.00506  -0.00549  +0.00489  +0.00051 
 -0.00461  +0.87938  +0.38134  -0.02069  -0.00325 
 -0.00050  +0.04574  +0.50930  +0.06290  -0.00101 
 +0.00047  +0.00142  +0.04236  +0.59466  -0.00827 
 +0.00009  -0.00384  +0.01085  -0.46221  +1.30688 
 
 +/- 

 +0.00081  +0.00027  +0.00038  +0.00028  +0.00019 
 +0.00017  +0.00111  +0.00069  +0.00070  +0.00070 
 +0.00021  +0.00057  +0.00125  +0.00252  +0.00063 
 +0.00019  +0.00040  +0.00104  +0.00105  +0.00045 
 +0.00011  +0.00032  +0.00069  +0.00085  +0.00105 
 
 --- ip = 2, (ap)^2 = 0.583116  =>  p^2 = 1.85794 Gev^2---
 
 Z = 

 +0.85206  -0.00424  -0.00448  +0.00400  +0.00041 
 -0.00383  +0.88318  +0.37196  -0.01771  -0.00266 
 -0.00029  +0.04614  +0.53416  +0.05324  -0.00118 
 +0.00051  +0.00112  +0.03623  +0.61548  -0.00938 
 +0.00009  -0.00345  +0.00935  -0.44298  +1.28245 
 
 +/- 

 +0.00071  +0.00024  +0.00034  +0.00021  +0.00019 
 +0.00015  +0.00102  +0.00063  +0.00064  +0.00057 
 +0.00018  +0.00050  +0.00120  +0.00215  +0.00051 
 +0.00017  +0.00036  +0.00094  +0.00091  +0.00036 
 +0.00008  +0.00029  +0.00059  +0.00078  +0.00094 
 
 --- ip = 3, (ap)^2 = 0.637332  =>  p^2 = 2.03068 Gev^2---
 
 Z = 

 +0.85200  -0.00352  -0.00364  +0.00337  +0.00028 
 -0.00312  +0.88654  +0.36279  -0.01504  -0.00225 
 -0.00017  +0.04658  +0.55797  +0.04513  -0.00128 
 +0.00045  +0.00084  +0.03106  +0.63509  -0.01049 
 +0.00010  -0.00308  +0.00807  -0.42556  +1.26055 
 
 +/- 

 +0.00062  +0.00020  +0.00030  +0.00017  +0.00018 
 +0.00012  +0.00091  +0.00061  +0.00062  +0.00046 
 +0.00014  +0.00043  +0.00112  +0.00188  +0.00043 
 +0.00014  +0.00031  +0.00084  +0.00084  +0.00031 
 +0.00007  +0.00026  +0.00050  +0.00071  +0.00083 
 
 --- ip = 4, (ap)^2 = 0.693957  =>  p^2 = 2.2111 Gev^2---
 
 Z = 

 +0.85216  -0.00289  -0.00297  +0.00282  +0.00019 
 -0.00250  +0.88985  +0.35403  -0.01264  -0.00194 
 -0.00008  +0.04680  +0.58047  +0.03820  -0.00121 
 +0.00034  +0.00067  +0.02681  +0.65369  -0.01170 
 +0.00008  -0.00266  +0.00710  -0.40983  +1.24102 
 
 +/- 

 +0.00053  +0.00016  +0.00025  +0.00016  +0.00015 
 +0.00010  +0.00078  +0.00057  +0.00057  +0.00038 
 +0.00011  +0.00036  +0.00101  +0.00164  +0.00038 
 +0.00011  +0.00026  +0.00072  +0.00081  +0.00028 
 +0.00007  +0.00024  +0.00047  +0.00063  +0.00068 
 
 --- ip = 5, (ap)^2 = 0.752991  =>  p^2 = 2.3992 Gev^2---
 
 Z = 

 +0.85239  -0.00238  -0.00249  +0.00233  +0.00012 
 -0.00201  +0.89324  +0.34574  -0.01057  -0.00164 
 -0.00001  +0.04677  +0.60177  +0.03217  -0.00098 
 +0.00026  +0.00057  +0.02322  +0.67161  -0.01301 
 +0.00005  -0.00219  +0.00636  -0.39548  +1.22346 
 
 +/- 

 +0.00045  +0.00013  +0.00021  +0.00016  +0.00012 
 +0.00008  +0.00065  +0.00050  +0.00046  +0.00028 
 +0.00009  +0.00029  +0.00087  +0.00138  +0.00028 
 +0.00008  +0.00019  +0.00057  +0.00077  +0.00025 
 +0.00006  +0.00021  +0.00046  +0.00055  +0.00053 
 
 --- ip = 6, (ap)^2 = 0.814435  =>  p^2 = 2.59497 Gev^2---
 
 Z = 

 +0.85260  -0.00200  -0.00211  +0.00192  +0.00005 
 -0.00166  +0.89657  +0.33790  -0.00892  -0.00138 
 +0.00002  +0.04661  +0.62193  +0.02733  -0.00072 
 +0.00021  +0.00043  +0.02006  +0.68872  -0.01427 
 +0.00003  -0.00183  +0.00556  -0.38221  +1.20742 
 
 +/- 

 +0.00038  +0.00012  +0.00018  +0.00014  +0.00008 
 +0.00007  +0.00055  +0.00042  +0.00039  +0.00018 
 +0.00008  +0.00023  +0.00073  +0.00121  +0.00019 
 +0.00005  +0.00016  +0.00049  +0.00068  +0.00021 
 +0.00005  +0.00018  +0.00039  +0.00046  +0.00042 
 
 --- ip = 7, (ap)^2 = 0.878289  =>  p^2 = 2.79843 Gev^2---
 
 Z = 

 +0.85283  -0.00169  -0.00175  +0.00158  +0.00000 
 -0.00141  +0.89969  +0.33044  -0.00758  -0.00117 
 -0.00000  +0.04659  +0.64101  +0.02343  -0.00056 
 +0.00016  +0.00026  +0.01720  +0.70493  -0.01546 
 +0.00002  -0.00158  +0.00463  -0.36993  +1.19274 
 
 +/- 

 +0.00034  +0.00009  +0.00015  +0.00011  +0.00006 
 +0.00007  +0.00047  +0.00035  +0.00037  +0.00014 
 +0.00008  +0.00018  +0.00059  +0.00106  +0.00016 
 +0.00004  +0.00013  +0.00049  +0.00057  +0.00016 
 +0.00004  +0.00013  +0.00031  +0.00039  +0.00036 
 
 --- ip = 8, (ap)^2 = 0.944552  =>  p^2 = 3.00956 Gev^2---
 
 Z = 

 +0.85312  -0.00144  -0.00141  +0.00132  -0.00003 
 -0.00123  +0.90264  +0.32340  -0.00645  -0.00093 
 -0.00002  +0.04670  +0.65899  +0.02000  -0.00051 
 +0.00012  +0.00013  +0.01465  +0.72027  -0.01660 
 -0.00000  -0.00139  +0.00381  -0.35861  +1.17936 
 
 +/- 

 +0.00031  +0.00007  +0.00013  +0.00008  +0.00004 
 +0.00006  +0.00042  +0.00031  +0.00034  +0.00012 
 +0.00007  +0.00015  +0.00048  +0.00091  +0.00013 
 +0.00004  +0.00010  +0.00049  +0.00048  +0.00012 
 +0.00004  +0.00009  +0.00027  +0.00033  +0.00032 
 
 --- ip = 9, (ap)^2 = 1.01322  =>  p^2 = 3.22836 Gev^2---
 
 Z = 

 +0.85343  -0.00122  -0.00111  +0.00112  -0.00006 
 -0.00109  +0.90547  +0.31682  -0.00541  -0.00070 
 -0.00003  +0.04685  +0.67589  +0.01689  -0.00049 
 +0.00008  +0.00003  +0.01246  +0.73472  -0.01770 
 -0.00002  -0.00122  +0.00320  -0.34815  +1.16707 
 
 +/- 

 +0.00028  +0.00005  +0.00011  +0.00006  +0.00003 
 +0.00005  +0.00038  +0.00029  +0.00030  +0.00010 
 +0.00006  +0.00013  +0.00040  +0.00082  +0.00011 
 +0.00003  +0.00009  +0.00047  +0.00041  +0.00010 
 +0.00004  +0.00008  +0.00024  +0.00029  +0.00029 
 
 --- ip = 10, (ap)^2 = 1.08431  =>  p^2 = 3.45485 Gev^2---
 
 Z = 

 +0.85375  -0.00105  -0.00088  +0.00095  -0.00007 
 -0.00095  +0.90813  +0.31065  -0.00448  -0.00051 
 -0.00002  +0.04701  +0.69181  +0.01414  -0.00045 
 +0.00006  -0.00003  +0.01057  +0.74828  -0.01873 
 -0.00003  -0.00108  +0.00277  -0.33850  +1.15571 
 
 +/- 

 +0.00026  +0.00004  +0.00009  +0.00005  +0.00003 
 +0.00004  +0.00034  +0.00027  +0.00028  +0.00010 
 +0.00004  +0.00011  +0.00037  +0.00076  +0.00009 
 +0.00003  +0.00008  +0.00042  +0.00038  +0.00008 
 +0.00003  +0.00007  +0.00021  +0.00027  +0.00026 
 
 --- ip = 11, (ap)^2 = 1.1578  =>  p^2 = 3.68901 Gev^2---
 
 Z = 

 +0.85405  -0.00091  -0.00069  +0.00079  -0.00007 
 -0.00082  +0.91059  +0.30487  -0.00376  -0.00036 
 -0.00001  +0.04720  +0.70696  +0.01185  -0.00040 
 +0.00004  -0.00006  +0.00897  +0.76115  -0.01972 
 -0.00003  -0.00094  +0.00244  -0.32960  +1.14525 
 
 +/- 

 +0.00024  +0.00004  +0.00008  +0.00005  +0.00002 
 +0.00003  +0.00031  +0.00025  +0.00027  +0.00010 
 +0.00003  +0.00011  +0.00038  +0.00069  +0.00009 
 +0.00002  +0.00008  +0.00036  +0.00038  +0.00008 
 +0.00002  +0.00006  +0.00020  +0.00024  +0.00024 
 
 --- ip = 12, (ap)^2 = 1.2337  =>  p^2 = 3.93085 Gev^2---
 
 Z = 

 +0.85433  -0.00078  -0.00054  +0.00064  -0.00005 
 -0.00070  +0.91286  +0.29946  -0.00320  -0.00028 
 -0.00000  +0.04745  +0.72138  +0.01001  -0.00035 
 +0.00002  -0.00009  +0.00760  +0.77346  -0.02068 
 -0.00001  -0.00081  +0.00214  -0.32138  +1.13560 
 
 +/- 

 +0.00022  +0.00004  +0.00007  +0.00004  +0.00002 
 +0.00003  +0.00028  +0.00023  +0.00025  +0.00010 
 +0.00003  +0.00010  +0.00038  +0.00061  +0.00009 
 +0.00002  +0.00007  +0.00029  +0.00036  +0.00007 
 +0.00002  +0.00005  +0.00019  +0.00022  +0.00021 
 
 --- ip = 13, (ap)^2 = 1.31201  =>  p^2 = 4.18036 Gev^2---
 
 Z = 

 +0.85455  -0.00068  -0.00041  +0.00054  -0.00003 
 -0.00060  +0.91496  +0.29437  -0.00271  -0.00025 
 -0.00000  +0.04773  +0.73514  +0.00851  -0.00029 
 +0.00001  -0.00011  +0.00645  +0.78526  -0.02165 
 +0.00000  -0.00070  +0.00186  -0.31377  +1.12665 
 
 +/- 

 +0.00020  +0.00004  +0.00006  +0.00004  +0.00002 
 +0.00002  +0.00025  +0.00021  +0.00023  +0.00009 
 +0.00002  +0.00009  +0.00036  +0.00052  +0.00007 
 +0.00001  +0.00006  +0.00024  +0.00033  +0.00007 
 +0.00001  +0.00004  +0.00016  +0.00020  +0.00017 
 
 --- ip = 14, (ap)^2 = 1.39273  =>  p^2 = 4.43756 Gev^2---
 
 Z = 

 +0.85472  -0.00063  -0.00033  +0.00046  -0.00002 
 -0.00053  +0.91694  +0.28962  -0.00232  -0.00025 
 +0.00000  +0.04804  +0.74821  +0.00737  -0.00023 
 +0.00000  -0.00012  +0.00557  +0.79652  -0.02261 
 +0.00001  -0.00062  +0.00160  -0.30677  +1.11831 
 
 +/- 

 +0.00019  +0.00003  +0.00005  +0.00003  +0.00002 
 +0.00002  +0.00023  +0.00020  +0.00021  +0.00008 
 +0.00002  +0.00008  +0.00033  +0.00047  +0.00007 
 +0.00001  +0.00006  +0.00021  +0.00030  +0.00007 
 +0.00001  +0.00004  +0.00013  +0.00019  +0.00014 
 
 --- ip = 15, (ap)^2 = 1.47586  =>  p^2 = 4.70243 Gev^2---
 
 Z = 

 +0.85488  -0.00059  -0.00029  +0.00040  -0.00002 
 -0.00047  +0.91886  +0.28523  -0.00204  -0.00024 
 +0.00001  +0.04836  +0.76062  +0.00655  -0.00018 
 +0.00001  -0.00013  +0.00491  +0.80725  -0.02358 
 +0.00002  -0.00057  +0.00140  -0.30037  +1.11056 
 
 +/- 

 +0.00017  +0.00003  +0.00004  +0.00003  +0.00002 
 +0.00002  +0.00021  +0.00018  +0.00019  +0.00007 
 +0.00001  +0.00008  +0.00030  +0.00044  +0.00006 
 +0.00001  +0.00005  +0.00021  +0.00029  +0.00006 
 +0.00001  +0.00004  +0.00011  +0.00018  +0.00012 
 
 --- ip = 16, (ap)^2 = 1.5614  =>  p^2 = 4.97498 Gev^2---
 
 Z = 

 +0.85503  -0.00054  -0.00025  +0.00034  -0.00001 
 -0.00042  +0.92070  +0.28114  -0.00179  -0.00023 
 +0.00003  +0.04869  +0.77247  +0.00584  -0.00016 
 +0.00001  -0.00012  +0.00439  +0.81756  -0.02454 
 +0.00002  -0.00052  +0.00125  -0.29447  +1.10335 
 
 +/- 

 +0.00016  +0.00003  +0.00003  +0.00002  +0.00001 
 +0.00002  +0.00019  +0.00017  +0.00015  +0.00005 
 +0.00001  +0.00007  +0.00026  +0.00039  +0.00006 
 +0.00001  +0.00005  +0.00020  +0.00028  +0.00005 
 +0.00001  +0.00003  +0.00010  +0.00017  +0.00010 
 
 --- ip = 17, (ap)^2 = 1.64935  =>  p^2 = 5.25521 Gev^2---
 
 Z = 

 +0.85516  -0.00048  -0.00019  +0.00029  -0.00001 
 -0.00038  +0.92245  +0.27732  -0.00150  -0.00022 
 +0.00003  +0.04906  +0.78383  +0.00511  -0.00014 
 +0.00001  -0.00010  +0.00394  +0.82747  -0.02552 
 +0.00002  -0.00047  +0.00111  -0.28901  +1.09660 
 
 +/- 

 +0.00014  +0.00003  +0.00003  +0.00002  +0.00001 
 +0.00002  +0.00017  +0.00015  +0.00012  +0.00004 
 +0.00001  +0.00006  +0.00022  +0.00033  +0.00005 
 +0.00001  +0.00004  +0.00017  +0.00025  +0.00005 
 +0.00001  +0.00003  +0.00009  +0.00016  +0.00008 
 
 --- ip = 18, (ap)^2 = 1.73971  =>  p^2 = 5.54311 Gev^2---
 
 Z = 

 +0.85525  -0.00042  -0.00015  +0.00025  -0.00000 
 -0.00033  +0.92413  +0.27380  -0.00121  -0.00021 
 +0.00002  +0.04946  +0.79468  +0.00437  -0.00012 
 +0.00001  -0.00009  +0.00350  +0.83693  -0.02648 
 +0.00001  -0.00042  +0.00098  -0.28400  +1.09027 
 
 +/- 

 +0.00013  +0.00003  +0.00003  +0.00001  +0.00001 
 +0.00001  +0.00016  +0.00013  +0.00010  +0.00004 
 +0.00001  +0.00006  +0.00019  +0.00029  +0.00004 
 +0.00001  +0.00003  +0.00015  +0.00021  +0.00005 
 +0.00001  +0.00002  +0.00008  +0.00015  +0.00007 
 
 --- ip = 19, (ap)^2 = 1.83248  =>  p^2 = 5.83869 Gev^2---
 
 Z = 

 +0.85530  -0.00036  -0.00012  +0.00022  +0.00000 
 -0.00029  +0.92571  +0.27056  -0.00100  -0.00019 
 +0.00001  +0.04989  +0.80504  +0.00374  -0.00010 
 +0.00001  -0.00009  +0.00308  +0.84596  -0.02743 
 +0.00001  -0.00037  +0.00086  -0.27939  +1.08432 
 
 +/- 

 +0.00012  +0.00002  +0.00003  +0.00001  +0.00001 
 +0.00001  +0.00014  +0.00013  +0.00009  +0.00004 
 +0.00001  +0.00006  +0.00019  +0.00027  +0.00003 
 +0.00000  +0.00003  +0.00013  +0.00019  +0.00004 
 +0.00001  +0.00002  +0.00007  +0.00015  +0.00006 
 
 --- ip = 20, (ap)^2 = 1.92766  =>  p^2 = 6.14195 Gev^2---
 
 Z = 

 +0.85531  -0.00031  -0.00010  +0.00019  -0.00000 
 -0.00025  +0.92720  +0.26759  -0.00086  -0.00017 
 +0.00000  +0.05034  +0.81493  +0.00323  -0.00009 
 +0.00001  -0.00009  +0.00271  +0.85462  -0.02837 
 +0.00001  -0.00033  +0.00076  -0.27516  +1.07872 
 
 +/- 

 +0.00012  +0.00002  +0.00003  +0.00001  +0.00001 
 +0.00001  +0.00014  +0.00013  +0.00008  +0.00004 
 +0.00001  +0.00006  +0.00020  +0.00024  +0.00003 
 +0.00000  +0.00002  +0.00011  +0.00019  +0.00004 
 +0.00001  +0.00002  +0.00007  +0.00015  +0.00005 
 
 --- ip = 21, (ap)^2 = 2.02524  =>  p^2 = 6.45289 Gev^2---
 
 Z = 

 +0.85526  -0.00027  -0.00008  +0.00016  -0.00000 
 -0.00021  +0.92859  +0.26487  -0.00075  -0.00015 
 -0.00000  +0.05080  +0.82435  +0.00282  -0.00008 
 +0.00001  -0.00008  +0.00240  +0.86299  -0.02932 
 +0.00001  -0.00029  +0.00068  -0.27125  +1.07343 
 
 +/- 

 +0.00011  +0.00002  +0.00002  +0.00001  +0.00001 
 +0.00001  +0.00013  +0.00014  +0.00007  +0.00003 
 +0.00001  +0.00005  +0.00020  +0.00023  +0.00003 
 +0.00000  +0.00002  +0.00011  +0.00019  +0.00004 
 +0.00000  +0.00002  +0.00007  +0.00015  +0.00006 
 
 --- ip = 22, (ap)^2 = 2.12524  =>  p^2 = 6.7715 Gev^2---
 
 Z = 

 +0.85516  -0.00024  -0.00007  +0.00013  -0.00000 
 -0.00019  +0.92990  +0.26243  -0.00066  -0.00014 
 -0.00001  +0.05128  +0.83332  +0.00248  -0.00006 
 +0.00000  -0.00008  +0.00213  +0.87110  -0.03026 
 +0.00001  -0.00026  +0.00061  -0.26767  +1.06844 
 
 +/- 

 +0.00011  +0.00001  +0.00002  +0.00001  +0.00001 
 +0.00001  +0.00013  +0.00014  +0.00006  +0.00003 
 +0.00000  +0.00005  +0.00018  +0.00021  +0.00002 
 +0.00000  +0.00002  +0.00010  +0.00018  +0.00004 
 +0.00000  +0.00002  +0.00007  +0.00015  +0.00007 
 
 --- ip = 23, (ap)^2 = 2.22765  =>  p^2 = 7.09779 Gev^2---
 
 Z = 

 +0.85501  -0.00022  -0.00006  +0.00012  -0.00000 
 -0.00017  +0.93114  +0.26025  -0.00059  -0.00012 
 -0.00000  +0.05178  +0.84190  +0.00223  -0.00005 
 +0.00000  -0.00008  +0.00193  +0.87895  -0.03119 
 +0.00001  -0.00023  +0.00055  -0.26443  +1.06375 
 
 +/- 

 +0.00011  +0.00001  +0.00002  +0.00001  +0.00001 
 +0.00001  +0.00014  +0.00015  +0.00006  +0.00002 
 +0.00001  +0.00005  +0.00016  +0.00019  +0.00002 
 +0.00000  +0.00002  +0.00009  +0.00017  +0.00003 
 +0.00000  +0.00001  +0.00006  +0.00014  +0.00007 
 
 --- ip = 24, (ap)^2 = 2.33247  =>  p^2 = 7.43176 Gev^2---
 
 Z = 

 +0.85480  -0.00019  -0.00005  +0.00011  -0.00000 
 -0.00015  +0.93231  +0.25833  -0.00054  -0.00011 
 -0.00000  +0.05232  +0.85012  +0.00203  -0.00005 
 +0.00000  -0.00008  +0.00176  +0.88652  -0.03213 
 +0.00001  -0.00021  +0.00050  -0.26151  +1.05933 
 
 +/- 

 +0.00011  +0.00001  +0.00002  +0.00001  +0.00000 
 +0.00001  +0.00013  +0.00015  +0.00006  +0.00002 
 +0.00001  +0.00005  +0.00015  +0.00016  +0.00002 
 +0.00000  +0.00001  +0.00007  +0.00016  +0.00003 
 +0.00000  +0.00001  +0.00005  +0.00013  +0.00007 
 
 --- ip = 25, (ap)^2 = 2.43969  =>  p^2 = 7.7734 Gev^2---
 
 Z = 

 +0.85453  -0.00018  -0.00003  +0.00010  -0.00000 
 -0.00013  +0.93340  +0.25664  -0.00048  -0.00009 
 -0.00000  +0.05288  +0.85805  +0.00183  -0.00005 
 +0.00000  -0.00008  +0.00158  +0.89384  -0.03307 
 +0.00000  -0.00019  +0.00045  -0.25888  +1.05515 
 
 +/- 

 +0.00010  +0.00001  +0.00002  +0.00001  +0.00000 
 +0.00001  +0.00013  +0.00014  +0.00005  +0.00002 
 +0.00000  +0.00005  +0.00014  +0.00013  +0.00002 
 +0.00000  +0.00001  +0.00006  +0.00015  +0.00003 
 +0.00000  +0.00001  +0.00004  +0.00013  +0.00006 
 
 --- ip = 26, (ap)^2 = 2.54933  =>  p^2 = 8.12273 Gev^2---
 
 Z = 

 +0.85420  -0.00016  -0.00002  +0.00009  -0.00000 
 -0.00012  +0.93442  +0.25517  -0.00044  -0.00007 
 -0.00000  +0.05347  +0.86566  +0.00161  -0.00004 
 +0.00000  -0.00008  +0.00138  +0.90092  -0.03402 
 +0.00000  -0.00017  +0.00038  -0.25653  +1.05118 
 
 +/- 

 +0.00010  +0.00001  +0.00002  +0.00001  +0.00000 
 +0.00001  +0.00012  +0.00014  +0.00005  +0.00002 
 +0.00000  +0.00005  +0.00013  +0.00012  +0.00001 
 +0.00000  +0.00001  +0.00006  +0.00015  +0.00003 
 +0.00000  +0.00001  +0.00003  +0.00012  +0.00006 
 
 --- ip = 27, (ap)^2 = 2.66137  =>  p^2 = 8.47973 Gev^2---
 
 Z = 

 +0.85382  -0.00015  -0.00002  +0.00008  +0.00000 
 -0.00011  +0.93537  +0.25390  -0.00039  -0.00005 
 -0.00000  +0.05408  +0.87297  +0.00142  -0.00004 
 +0.00000  -0.00008  +0.00120  +0.90773  -0.03497 
 +0.00000  -0.00016  +0.00032  -0.25444  +1.04740 
 
 +/- 

 +0.00010  +0.00001  +0.00001  +0.00001  +0.00000 
 +0.00001  +0.00012  +0.00013  +0.00005  +0.00002 
 +0.00000  +0.00005  +0.00013  +0.00011  +0.00001 
 +0.00000  +0.00001  +0.00006  +0.00015  +0.00003 
 +0.00000  +0.00001  +0.00003  +0.00012  +0.00006 
 
 --- ip = 28, (ap)^2 = 2.77583  =>  p^2 = 8.84441 Gev^2---
 
 Z = 

 +0.85336  -0.00014  -0.00002  +0.00007  +0.00000 
 -0.00010  +0.93622  +0.25281  -0.00034  -0.00004 
 -0.00000  +0.05471  +0.88001  +0.00125  -0.00003 
 +0.00000  -0.00007  +0.00106  +0.91433  -0.03592 
 +0.00000  -0.00014  +0.00027  -0.25259  +1.04379 
 
 +/- 

 +0.00010  +0.00001  +0.00001  +0.00001  +0.00000 
 +0.00001  +0.00012  +0.00013  +0.00005  +0.00002 
 +0.00000  +0.00004  +0.00012  +0.00010  +0.00001 
 +0.00000  +0.00001  +0.00005  +0.00015  +0.00004 
 +0.00000  +0.00001  +0.00003  +0.00012  +0.00006 
 
 --- ip = 29, (ap)^2 = 2.89269  =>  p^2 = 9.21676 Gev^2---
 
 Z = 

 +0.85284  -0.00012  -0.00002  +0.00006  +0.00000 
 -0.00009  +0.93699  +0.25188  -0.00031  -0.00004 
 +0.00000  +0.05538  +0.88685  +0.00113  -0.00003 
 +0.00000  -0.00006  +0.00095  +0.92077  -0.03688 
 +0.00000  -0.00012  +0.00024  -0.25094  +1.04034 
 
 +/- 

 +0.00009  +0.00001  +0.00001  +0.00001  +0.00000 
 +0.00000  +0.00011  +0.00013  +0.00005  +0.00002 
 +0.00000  +0.00004  +0.00012  +0.00009  +0.00001 
 +0.00000  +0.00001  +0.00005  +0.00014  +0.00004 
 +0.00000  +0.00001  +0.00003  +0.00012  +0.00006 
 
 --- ip = 30, (ap)^2 = 3.01196  =>  p^2 = 9.5968 Gev^2---
 
 Z = 

 +0.85225  -0.00011  -0.00002  +0.00006  +0.00000 
 -0.00009  +0.93768  +0.25112  -0.00028  -0.00004 
 +0.00000  +0.05608  +0.89348  +0.00104  -0.00003 
 +0.00000  -0.00006  +0.00086  +0.92706  -0.03785 
 +0.00000  -0.00011  +0.00021  -0.24949  +1.03703 
 
 +/- 

 +0.00009  +0.00001  +0.00001  +0.00001  +0.00000 
 +0.00000  +0.00011  +0.00013  +0.00004  +0.00001 
 +0.00000  +0.00004  +0.00011  +0.00009  +0.00001 
 +0.00000  +0.00001  +0.00005  +0.00013  +0.00004 
 +0.00000  +0.00001  +0.00003  +0.00012  +0.00006 
 
 --- ip = 31, (ap)^2 = 3.13365  =>  p^2 = 9.98451 Gev^2---
 
 Z = 

 +0.85157  -0.00011  -0.00003  +0.00005  +0.00000 
 -0.00008  +0.93829  +0.25052  -0.00025  -0.00003 
 +0.00000  +0.05681  +0.89991  +0.00096  -0.00002 
 +0.00000  -0.00005  +0.00079  +0.93321  -0.03882 
 +0.00000  -0.00010  +0.00018  -0.24822  +1.03384 
 
 +/- 

 +0.00009  +0.00001  +0.00001  +0.00000  +0.00000 
 +0.00000  +0.00010  +0.00013  +0.00004  +0.00001 
 +0.00000  +0.00004  +0.00011  +0.00009  +0.00001 
 +0.00000  +0.00001  +0.00004  +0.00012  +0.00004 
 +0.00000  +0.00001  +0.00003  +0.00012  +0.00005 